[0.156s] DEBUG:colcon:Command line arguments: ['/usr/bin/colcon', 'build', '--symlink-install']
[0.157s] DEBUG:colcon:Parsed command line arguments: Namespace(log_base=None, log_level=None, verb_name='build', build_base='build', install_base='install', merge_install=False, symlink_install=True, test_result_base=None, continue_on_error=False, executor='parallel', parallel_workers=4, event_handlers=None, ignore_user_meta=False, metas=['./colcon.meta'], base_paths=['.'], packages_ignore=None, packages_ignore_regex=None, paths=None, packages_up_to=None, packages_up_to_regex=None, packages_above=None, packages_above_and_dependencies=None, packages_above_depth=None, packages_select_by_dep=None, packages_skip_by_dep=None, packages_skip_up_to=None, packages_select_build_failed=False, packages_skip_build_finished=False, packages_select_test_failures=False, packages_skip_test_passed=False, packages_select=None, packages_skip=None, packages_select_regex=None, packages_skip_regex=None, packages_start=None, packages_end=None, allow_overriding=[], cmake_args=None, cmake_target=None, cmake_target_skip_unavailable=False, cmake_clean_cache=False, cmake_clean_first=False, cmake_force_configure=False, ament_cmake_args=None, catkin_cmake_args=None, catkin_skip_building_tests=False, verb_parser=<colcon_defaults.argument_parser.defaults.DefaultArgumentsDecorator object at 0x76b260454af0>, verb_extension=<colcon_core.verb.build.BuildVerb object at 0x76b260454070>, main=<bound method BuildVerb.main of <colcon_core.verb.build.BuildVerb object at 0x76b260454070>>)
[0.428s] Level 1:colcon.colcon_core.package_discovery:discover_packages(colcon_meta) check parameters
[0.428s] Level 1:colcon.colcon_core.package_discovery:discover_packages(recursive) check parameters
[0.428s] Level 1:colcon.colcon_core.package_discovery:discover_packages(ignore) check parameters
[0.429s] Level 1:colcon.colcon_core.package_discovery:discover_packages(path) check parameters
[0.429s] Level 1:colcon.colcon_core.package_discovery:discover_packages(colcon_meta) discover
[0.429s] Level 1:colcon.colcon_core.package_discovery:discover_packages(recursive) discover
[0.429s] INFO:colcon.colcon_core.package_discovery:Crawling recursively for packages in '/home/tarun_56/pc_ws'
[0.429s] Level 1:colcon.colcon_core.package_identification:_identify(.) by extensions ['ignore', 'ignore_ament_install']
[0.429s] Level 1:colcon.colcon_core.package_identification:_identify(.) by extension 'ignore'
[0.429s] Level 1:colcon.colcon_core.package_identification:_identify(.) by extension 'ignore_ament_install'
[0.429s] Level 1:colcon.colcon_core.package_identification:_identify(.) by extensions ['colcon_pkg']
[0.429s] Level 1:colcon.colcon_core.package_identification:_identify(.) by extension 'colcon_pkg'
[0.429s] Level 1:colcon.colcon_core.package_identification:_identify(.) by extensions ['colcon_meta']
[0.429s] Level 1:colcon.colcon_core.package_identification:_identify(.) by extension 'colcon_meta'
[0.429s] Level 1:colcon.colcon_core.package_identification:_identify(.) by extensions ['ros']
[0.429s] Level 1:colcon.colcon_core.package_identification:_identify(.) by extension 'ros'
[0.443s] Level 1:colcon.colcon_core.package_identification:_identify(.) by extensions ['cmake', 'python']
[0.444s] Level 1:colcon.colcon_core.package_identification:_identify(.) by extension 'cmake'
[0.444s] Level 1:colcon.colcon_core.package_identification:_identify(.) by extension 'python'
[0.444s] Level 1:colcon.colcon_core.package_identification:_identify(.) by extensions ['python_setup_py']
[0.444s] Level 1:colcon.colcon_core.package_identification:_identify(.) by extension 'python_setup_py'
[0.444s] Level 1:colcon.colcon_core.package_identification:_identify(build) by extensions ['ignore', 'ignore_ament_install']
[0.444s] Level 1:colcon.colcon_core.package_identification:_identify(build) by extension 'ignore'
[0.444s] Level 1:colcon.colcon_core.package_identification:_identify(build) ignored
[0.445s] Level 1:colcon.colcon_core.package_identification:_identify(install) by extensions ['ignore', 'ignore_ament_install']
[0.445s] Level 1:colcon.colcon_core.package_identification:_identify(install) by extension 'ignore'
[0.445s] Level 1:colcon.colcon_core.package_identification:_identify(install) ignored
[0.445s] Level 1:colcon.colcon_core.package_identification:_identify(log) by extensions ['ignore', 'ignore_ament_install']
[0.445s] Level 1:colcon.colcon_core.package_identification:_identify(log) by extension 'ignore'
[0.445s] Level 1:colcon.colcon_core.package_identification:_identify(log) ignored
[0.445s] Level 1:colcon.colcon_core.package_identification:_identify(src) by extensions ['ignore', 'ignore_ament_install']
[0.445s] Level 1:colcon.colcon_core.package_identification:_identify(src) by extension 'ignore'
[0.445s] Level 1:colcon.colcon_core.package_identification:_identify(src) by extension 'ignore_ament_install'
[0.446s] Level 1:colcon.colcon_core.package_identification:_identify(src) by extensions ['colcon_pkg']
[0.446s] Level 1:colcon.colcon_core.package_identification:_identify(src) by extension 'colcon_pkg'
[0.446s] Level 1:colcon.colcon_core.package_identification:_identify(src) by extensions ['colcon_meta']
[0.446s] Level 1:colcon.colcon_core.package_identification:_identify(src) by extension 'colcon_meta'
[0.446s] Level 1:colcon.colcon_core.package_identification:_identify(src) by extensions ['ros']
[0.446s] Level 1:colcon.colcon_core.package_identification:_identify(src) by extension 'ros'
[0.446s] Level 1:colcon.colcon_core.package_identification:_identify(src) by extensions ['cmake', 'python']
[0.446s] Level 1:colcon.colcon_core.package_identification:_identify(src) by extension 'cmake'
[0.446s] Level 1:colcon.colcon_core.package_identification:_identify(src) by extension 'python'
[0.446s] Level 1:colcon.colcon_core.package_identification:_identify(src) by extensions ['python_setup_py']
[0.446s] Level 1:colcon.colcon_core.package_identification:_identify(src) by extension 'python_setup_py'
[0.447s] Level 1:colcon.colcon_core.package_identification:_identify(src/JobShopGA) by extensions ['ignore', 'ignore_ament_install']
[0.447s] Level 1:colcon.colcon_core.package_identification:_identify(src/JobShopGA) by extension 'ignore'
[0.447s] Level 1:colcon.colcon_core.package_identification:_identify(src/JobShopGA) by extension 'ignore_ament_install'
[0.447s] Level 1:colcon.colcon_core.package_identification:_identify(src/JobShopGA) by extensions ['colcon_pkg']
[0.447s] Level 1:colcon.colcon_core.package_identification:_identify(src/JobShopGA) by extension 'colcon_pkg'
[0.447s] Level 1:colcon.colcon_core.package_identification:_identify(src/JobShopGA) by extensions ['colcon_meta']
[0.447s] Level 1:colcon.colcon_core.package_identification:_identify(src/JobShopGA) by extension 'colcon_meta'
[0.447s] Level 1:colcon.colcon_core.package_identification:_identify(src/JobShopGA) by extensions ['ros']
[0.447s] Level 1:colcon.colcon_core.package_identification:_identify(src/JobShopGA) by extension 'ros'
[0.447s] Level 1:colcon.colcon_core.package_identification:_identify(src/JobShopGA) by extensions ['cmake', 'python']
[0.448s] Level 1:colcon.colcon_core.package_identification:_identify(src/JobShopGA) by extension 'cmake'
[0.448s] Level 1:colcon.colcon_core.package_identification:_identify(src/JobShopGA) by extension 'python'
[0.448s] Level 1:colcon.colcon_core.package_identification:_identify(src/JobShopGA) by extensions ['python_setup_py']
[0.448s] Level 1:colcon.colcon_core.package_identification:_identify(src/JobShopGA) by extension 'python_setup_py'
[0.448s] Level 1:colcon.colcon_core.package_identification:_identify(src/JobShopGA/Results) by extensions ['ignore', 'ignore_ament_install']
[0.448s] Level 1:colcon.colcon_core.package_identification:_identify(src/JobShopGA/Results) by extension 'ignore'
[0.448s] Level 1:colcon.colcon_core.package_identification:_identify(src/JobShopGA/Results) by extension 'ignore_ament_install'
[0.448s] Level 1:colcon.colcon_core.package_identification:_identify(src/JobShopGA/Results) by extensions ['colcon_pkg']
[0.448s] Level 1:colcon.colcon_core.package_identification:_identify(src/JobShopGA/Results) by extension 'colcon_pkg'
[0.448s] Level 1:colcon.colcon_core.package_identification:_identify(src/JobShopGA/Results) by extensions ['colcon_meta']
[0.448s] Level 1:colcon.colcon_core.package_identification:_identify(src/JobShopGA/Results) by extension 'colcon_meta'
[0.448s] Level 1:colcon.colcon_core.package_identification:_identify(src/JobShopGA/Results) by extensions ['ros']
[0.448s] Level 1:colcon.colcon_core.package_identification:_identify(src/JobShopGA/Results) by extension 'ros'
[0.449s] Level 1:colcon.colcon_core.package_identification:_identify(src/JobShopGA/Results) by extensions ['cmake', 'python']
[0.449s] Level 1:colcon.colcon_core.package_identification:_identify(src/JobShopGA/Results) by extension 'cmake'
[0.449s] Level 1:colcon.colcon_core.package_identification:_identify(src/JobShopGA/Results) by extension 'python'
[0.449s] Level 1:colcon.colcon_core.package_identification:_identify(src/JobShopGA/Results) by extensions ['python_setup_py']
[0.449s] Level 1:colcon.colcon_core.package_identification:_identify(src/JobShopGA/Results) by extension 'python_setup_py'
[0.449s] Level 1:colcon.colcon_core.package_identification:_identify(src/JobShopGA/Results/ft06) by extensions ['ignore', 'ignore_ament_install']
[0.449s] Level 1:colcon.colcon_core.package_identification:_identify(src/JobShopGA/Results/ft06) by extension 'ignore'
[0.449s] Level 1:colcon.colcon_core.package_identification:_identify(src/JobShopGA/Results/ft06) by extension 'ignore_ament_install'
[0.449s] Level 1:colcon.colcon_core.package_identification:_identify(src/JobShopGA/Results/ft06) by extensions ['colcon_pkg']
[0.449s] Level 1:colcon.colcon_core.package_identification:_identify(src/JobShopGA/Results/ft06) by extension 'colcon_pkg'
[0.449s] Level 1:colcon.colcon_core.package_identification:_identify(src/JobShopGA/Results/ft06) by extensions ['colcon_meta']
[0.450s] Level 1:colcon.colcon_core.package_identification:_identify(src/JobShopGA/Results/ft06) by extension 'colcon_meta'
[0.450s] Level 1:colcon.colcon_core.package_identification:_identify(src/JobShopGA/Results/ft06) by extensions ['ros']
[0.450s] Level 1:colcon.colcon_core.package_identification:_identify(src/JobShopGA/Results/ft06) by extension 'ros'
[0.450s] Level 1:colcon.colcon_core.package_identification:_identify(src/JobShopGA/Results/ft06) by extensions ['cmake', 'python']
[0.450s] Level 1:colcon.colcon_core.package_identification:_identify(src/JobShopGA/Results/ft06) by extension 'cmake'
[0.450s] Level 1:colcon.colcon_core.package_identification:_identify(src/JobShopGA/Results/ft06) by extension 'python'
[0.450s] Level 1:colcon.colcon_core.package_identification:_identify(src/JobShopGA/Results/ft06) by extensions ['python_setup_py']
[0.450s] Level 1:colcon.colcon_core.package_identification:_identify(src/JobShopGA/Results/ft06) by extension 'python_setup_py'
[0.450s] Level 1:colcon.colcon_core.package_identification:_identify(src/JobShopGA/Results/la01) by extensions ['ignore', 'ignore_ament_install']
[0.450s] Level 1:colcon.colcon_core.package_identification:_identify(src/JobShopGA/Results/la01) by extension 'ignore'
[0.450s] Level 1:colcon.colcon_core.package_identification:_identify(src/JobShopGA/Results/la01) by extension 'ignore_ament_install'
[0.450s] Level 1:colcon.colcon_core.package_identification:_identify(src/JobShopGA/Results/la01) by extensions ['colcon_pkg']
[0.451s] Level 1:colcon.colcon_core.package_identification:_identify(src/JobShopGA/Results/la01) by extension 'colcon_pkg'
[0.451s] Level 1:colcon.colcon_core.package_identification:_identify(src/JobShopGA/Results/la01) by extensions ['colcon_meta']
[0.451s] Level 1:colcon.colcon_core.package_identification:_identify(src/JobShopGA/Results/la01) by extension 'colcon_meta'
[0.451s] Level 1:colcon.colcon_core.package_identification:_identify(src/JobShopGA/Results/la01) by extensions ['ros']
[0.451s] Level 1:colcon.colcon_core.package_identification:_identify(src/JobShopGA/Results/la01) by extension 'ros'
[0.451s] Level 1:colcon.colcon_core.package_identification:_identify(src/JobShopGA/Results/la01) by extensions ['cmake', 'python']
[0.451s] Level 1:colcon.colcon_core.package_identification:_identify(src/JobShopGA/Results/la01) by extension 'cmake'
[0.451s] Level 1:colcon.colcon_core.package_identification:_identify(src/JobShopGA/Results/la01) by extension 'python'
[0.451s] Level 1:colcon.colcon_core.package_identification:_identify(src/JobShopGA/Results/la01) by extensions ['python_setup_py']
[0.451s] Level 1:colcon.colcon_core.package_identification:_identify(src/JobShopGA/Results/la01) by extension 'python_setup_py'
[0.452s] Level 1:colcon.colcon_core.package_identification:_identify(src/JobShopGA/Results/la02) by extensions ['ignore', 'ignore_ament_install']
[0.452s] Level 1:colcon.colcon_core.package_identification:_identify(src/JobShopGA/Results/la02) by extension 'ignore'
[0.452s] Level 1:colcon.colcon_core.package_identification:_identify(src/JobShopGA/Results/la02) by extension 'ignore_ament_install'
[0.452s] Level 1:colcon.colcon_core.package_identification:_identify(src/JobShopGA/Results/la02) by extensions ['colcon_pkg']
[0.452s] Level 1:colcon.colcon_core.package_identification:_identify(src/JobShopGA/Results/la02) by extension 'colcon_pkg'
[0.452s] Level 1:colcon.colcon_core.package_identification:_identify(src/JobShopGA/Results/la02) by extensions ['colcon_meta']
[0.452s] Level 1:colcon.colcon_core.package_identification:_identify(src/JobShopGA/Results/la02) by extension 'colcon_meta'
[0.452s] Level 1:colcon.colcon_core.package_identification:_identify(src/JobShopGA/Results/la02) by extensions ['ros']
[0.452s] Level 1:colcon.colcon_core.package_identification:_identify(src/JobShopGA/Results/la02) by extension 'ros'
[0.452s] Level 1:colcon.colcon_core.package_identification:_identify(src/JobShopGA/Results/la02) by extensions ['cmake', 'python']
[0.452s] Level 1:colcon.colcon_core.package_identification:_identify(src/JobShopGA/Results/la02) by extension 'cmake'
[0.452s] Level 1:colcon.colcon_core.package_identification:_identify(src/JobShopGA/Results/la02) by extension 'python'
[0.452s] Level 1:colcon.colcon_core.package_identification:_identify(src/JobShopGA/Results/la02) by extensions ['python_setup_py']
[0.453s] Level 1:colcon.colcon_core.package_identification:_identify(src/JobShopGA/Results/la02) by extension 'python_setup_py'
[0.453s] Level 1:colcon.colcon_core.package_identification:_identify(src/JobShopGA/Results/la03) by extensions ['ignore', 'ignore_ament_install']
[0.453s] Level 1:colcon.colcon_core.package_identification:_identify(src/JobShopGA/Results/la03) by extension 'ignore'
[0.453s] Level 1:colcon.colcon_core.package_identification:_identify(src/JobShopGA/Results/la03) by extension 'ignore_ament_install'
[0.453s] Level 1:colcon.colcon_core.package_identification:_identify(src/JobShopGA/Results/la03) by extensions ['colcon_pkg']
[0.453s] Level 1:colcon.colcon_core.package_identification:_identify(src/JobShopGA/Results/la03) by extension 'colcon_pkg'
[0.453s] Level 1:colcon.colcon_core.package_identification:_identify(src/JobShopGA/Results/la03) by extensions ['colcon_meta']
[0.453s] Level 1:colcon.colcon_core.package_identification:_identify(src/JobShopGA/Results/la03) by extension 'colcon_meta'
[0.453s] Level 1:colcon.colcon_core.package_identification:_identify(src/JobShopGA/Results/la03) by extensions ['ros']
[0.453s] Level 1:colcon.colcon_core.package_identification:_identify(src/JobShopGA/Results/la03) by extension 'ros'
[0.454s] Level 1:colcon.colcon_core.package_identification:_identify(src/JobShopGA/Results/la03) by extensions ['cmake', 'python']
[0.454s] Level 1:colcon.colcon_core.package_identification:_identify(src/JobShopGA/Results/la03) by extension 'cmake'
[0.454s] Level 1:colcon.colcon_core.package_identification:_identify(src/JobShopGA/Results/la03) by extension 'python'
[0.454s] Level 1:colcon.colcon_core.package_identification:_identify(src/JobShopGA/Results/la03) by extensions ['python_setup_py']
[0.454s] Level 1:colcon.colcon_core.package_identification:_identify(src/JobShopGA/Results/la03) by extension 'python_setup_py'
[0.454s] Level 1:colcon.colcon_core.package_identification:_identify(src/JobShopGA/Results/la04) by extensions ['ignore', 'ignore_ament_install']
[0.454s] Level 1:colcon.colcon_core.package_identification:_identify(src/JobShopGA/Results/la04) by extension 'ignore'
[0.454s] Level 1:colcon.colcon_core.package_identification:_identify(src/JobShopGA/Results/la04) by extension 'ignore_ament_install'
[0.454s] Level 1:colcon.colcon_core.package_identification:_identify(src/JobShopGA/Results/la04) by extensions ['colcon_pkg']
[0.454s] Level 1:colcon.colcon_core.package_identification:_identify(src/JobShopGA/Results/la04) by extension 'colcon_pkg'
[0.454s] Level 1:colcon.colcon_core.package_identification:_identify(src/JobShopGA/Results/la04) by extensions ['colcon_meta']
[0.454s] Level 1:colcon.colcon_core.package_identification:_identify(src/JobShopGA/Results/la04) by extension 'colcon_meta'
[0.454s] Level 1:colcon.colcon_core.package_identification:_identify(src/JobShopGA/Results/la04) by extensions ['ros']
[0.454s] Level 1:colcon.colcon_core.package_identification:_identify(src/JobShopGA/Results/la04) by extension 'ros'
[0.454s] Level 1:colcon.colcon_core.package_identification:_identify(src/JobShopGA/Results/la04) by extensions ['cmake', 'python']
[0.454s] Level 1:colcon.colcon_core.package_identification:_identify(src/JobShopGA/Results/la04) by extension 'cmake'
[0.454s] Level 1:colcon.colcon_core.package_identification:_identify(src/JobShopGA/Results/la04) by extension 'python'
[0.455s] Level 1:colcon.colcon_core.package_identification:_identify(src/JobShopGA/Results/la04) by extensions ['python_setup_py']
[0.455s] Level 1:colcon.colcon_core.package_identification:_identify(src/JobShopGA/Results/la04) by extension 'python_setup_py'
[0.455s] Level 1:colcon.colcon_core.package_identification:_identify(src/JobShopGA/Results/la05) by extensions ['ignore', 'ignore_ament_install']
[0.455s] Level 1:colcon.colcon_core.package_identification:_identify(src/JobShopGA/Results/la05) by extension 'ignore'
[0.455s] Level 1:colcon.colcon_core.package_identification:_identify(src/JobShopGA/Results/la05) by extension 'ignore_ament_install'
[0.455s] Level 1:colcon.colcon_core.package_identification:_identify(src/JobShopGA/Results/la05) by extensions ['colcon_pkg']
[0.455s] Level 1:colcon.colcon_core.package_identification:_identify(src/JobShopGA/Results/la05) by extension 'colcon_pkg'
[0.455s] Level 1:colcon.colcon_core.package_identification:_identify(src/JobShopGA/Results/la05) by extensions ['colcon_meta']
[0.455s] Level 1:colcon.colcon_core.package_identification:_identify(src/JobShopGA/Results/la05) by extension 'colcon_meta'
[0.455s] Level 1:colcon.colcon_core.package_identification:_identify(src/JobShopGA/Results/la05) by extensions ['ros']
[0.455s] Level 1:colcon.colcon_core.package_identification:_identify(src/JobShopGA/Results/la05) by extension 'ros'
[0.456s] Level 1:colcon.colcon_core.package_identification:_identify(src/JobShopGA/Results/la05) by extensions ['cmake', 'python']
[0.456s] Level 1:colcon.colcon_core.package_identification:_identify(src/JobShopGA/Results/la05) by extension 'cmake'
[0.456s] Level 1:colcon.colcon_core.package_identification:_identify(src/JobShopGA/Results/la05) by extension 'python'
[0.456s] Level 1:colcon.colcon_core.package_identification:_identify(src/JobShopGA/Results/la05) by extensions ['python_setup_py']
[0.456s] Level 1:colcon.colcon_core.package_identification:_identify(src/JobShopGA/Results/la05) by extension 'python_setup_py'
[0.456s] Level 1:colcon.colcon_core.package_identification:_identify(src/JobShopGA/__pycache__) by extensions ['ignore', 'ignore_ament_install']
[0.456s] Level 1:colcon.colcon_core.package_identification:_identify(src/JobShopGA/__pycache__) by extension 'ignore'
[0.456s] Level 1:colcon.colcon_core.package_identification:_identify(src/JobShopGA/__pycache__) by extension 'ignore_ament_install'
[0.456s] Level 1:colcon.colcon_core.package_identification:_identify(src/JobShopGA/__pycache__) by extensions ['colcon_pkg']
[0.456s] Level 1:colcon.colcon_core.package_identification:_identify(src/JobShopGA/__pycache__) by extension 'colcon_pkg'
[0.456s] Level 1:colcon.colcon_core.package_identification:_identify(src/JobShopGA/__pycache__) by extensions ['colcon_meta']
[0.456s] Level 1:colcon.colcon_core.package_identification:_identify(src/JobShopGA/__pycache__) by extension 'colcon_meta'
[0.457s] Level 1:colcon.colcon_core.package_identification:_identify(src/JobShopGA/__pycache__) by extensions ['ros']
[0.457s] Level 1:colcon.colcon_core.package_identification:_identify(src/JobShopGA/__pycache__) by extension 'ros'
[0.457s] Level 1:colcon.colcon_core.package_identification:_identify(src/JobShopGA/__pycache__) by extensions ['cmake', 'python']
[0.457s] Level 1:colcon.colcon_core.package_identification:_identify(src/JobShopGA/__pycache__) by extension 'cmake'
[0.457s] Level 1:colcon.colcon_core.package_identification:_identify(src/JobShopGA/__pycache__) by extension 'python'
[0.457s] Level 1:colcon.colcon_core.package_identification:_identify(src/JobShopGA/__pycache__) by extensions ['python_setup_py']
[0.457s] Level 1:colcon.colcon_core.package_identification:_identify(src/JobShopGA/__pycache__) by extension 'python_setup_py'
[0.457s] Level 1:colcon.colcon_core.package_identification:_identify(src/autobot) by extensions ['ignore', 'ignore_ament_install']
[0.457s] Level 1:colcon.colcon_core.package_identification:_identify(src/autobot) by extension 'ignore'
[0.457s] Level 1:colcon.colcon_core.package_identification:_identify(src/autobot) by extension 'ignore_ament_install'
[0.457s] Level 1:colcon.colcon_core.package_identification:_identify(src/autobot) by extensions ['colcon_pkg']
[0.457s] Level 1:colcon.colcon_core.package_identification:_identify(src/autobot) by extension 'colcon_pkg'
[0.458s] Level 1:colcon.colcon_core.package_identification:_identify(src/autobot) by extensions ['colcon_meta']
[0.458s] Level 1:colcon.colcon_core.package_identification:_identify(src/autobot) by extension 'colcon_meta'
[0.458s] Level 1:colcon.colcon_core.package_identification:_identify(src/autobot) by extensions ['ros']
[0.458s] Level 1:colcon.colcon_core.package_identification:_identify(src/autobot) by extension 'ros'
[0.460s] DEBUG:colcon.colcon_core.package_identification:Package 'src/autobot' with type 'ros.ament_cmake' and name 'autobot'
[0.460s] Level 1:colcon.colcon_core.package_identification:_identify(src/ball_tracker) by extensions ['ignore', 'ignore_ament_install']
[0.460s] Level 1:colcon.colcon_core.package_identification:_identify(src/ball_tracker) by extension 'ignore'
[0.461s] Level 1:colcon.colcon_core.package_identification:_identify(src/ball_tracker) by extension 'ignore_ament_install'
[0.461s] Level 1:colcon.colcon_core.package_identification:_identify(src/ball_tracker) by extensions ['colcon_pkg']
[0.461s] Level 1:colcon.colcon_core.package_identification:_identify(src/ball_tracker) by extension 'colcon_pkg'
[0.461s] Level 1:colcon.colcon_core.package_identification:_identify(src/ball_tracker) by extensions ['colcon_meta']
[0.461s] Level 1:colcon.colcon_core.package_identification:_identify(src/ball_tracker) by extension 'colcon_meta'
[0.461s] Level 1:colcon.colcon_core.package_identification:_identify(src/ball_tracker) by extensions ['ros']
[0.461s] Level 1:colcon.colcon_core.package_identification:_identify(src/ball_tracker) by extension 'ros'
[0.463s] DEBUG:colcon.colcon_core.package_identification:Package 'src/ball_tracker' with type 'ros.ament_python' and name 'ball_tracker'
[0.463s] Level 1:colcon.colcon_core.package_identification:_identify(src/follow_waypoints) by extensions ['ignore', 'ignore_ament_install']
[0.463s] Level 1:colcon.colcon_core.package_identification:_identify(src/follow_waypoints) by extension 'ignore'
[0.463s] Level 1:colcon.colcon_core.package_identification:_identify(src/follow_waypoints) by extension 'ignore_ament_install'
[0.464s] Level 1:colcon.colcon_core.package_identification:_identify(src/follow_waypoints) by extensions ['colcon_pkg']
[0.464s] Level 1:colcon.colcon_core.package_identification:_identify(src/follow_waypoints) by extension 'colcon_pkg'
[0.464s] Level 1:colcon.colcon_core.package_identification:_identify(src/follow_waypoints) by extensions ['colcon_meta']
[0.464s] Level 1:colcon.colcon_core.package_identification:_identify(src/follow_waypoints) by extension 'colcon_meta'
[0.464s] Level 1:colcon.colcon_core.package_identification:_identify(src/follow_waypoints) by extensions ['ros']
[0.464s] Level 1:colcon.colcon_core.package_identification:_identify(src/follow_waypoints) by extension 'ros'
[0.464s] DEBUG:colcon.colcon_core.package_identification:Package 'src/follow_waypoints' with type 'ros.ament_python' and name 'follow_waypoints'
[0.464s] Level 1:colcon.colcon_core.package_discovery:discover_packages(recursive) using defaults
[0.464s] Level 1:colcon.colcon_core.package_discovery:discover_packages(ignore) discover
[0.464s] Level 1:colcon.colcon_core.package_discovery:discover_packages(ignore) using defaults
[0.465s] Level 1:colcon.colcon_core.package_discovery:discover_packages(path) discover
[0.465s] Level 1:colcon.colcon_core.package_discovery:discover_packages(path) using defaults
[0.501s] Level 1:colcon.colcon_core.package_discovery:discover_packages(prefix_path) check parameters
[0.501s] Level 1:colcon.colcon_core.package_discovery:discover_packages(prefix_path) discover
[0.508s] DEBUG:colcon.colcon_installed_package_information.package_discovery:Found 354 installed packages in /opt/ros/humble
[0.509s] Level 1:colcon.colcon_core.package_discovery:discover_packages(prefix_path) using defaults
[0.564s] Level 5:colcon.colcon_core.verb:set package 'autobot' build argument 'cmake_args' from command line to 'None'
[0.564s] Level 5:colcon.colcon_core.verb:set package 'autobot' build argument 'cmake_target' from command line to 'None'
[0.564s] Level 5:colcon.colcon_core.verb:set package 'autobot' build argument 'cmake_target_skip_unavailable' from command line to 'False'
[0.564s] Level 5:colcon.colcon_core.verb:set package 'autobot' build argument 'cmake_clean_cache' from command line to 'False'
[0.564s] Level 5:colcon.colcon_core.verb:set package 'autobot' build argument 'cmake_clean_first' from command line to 'False'
[0.564s] Level 5:colcon.colcon_core.verb:set package 'autobot' build argument 'cmake_force_configure' from command line to 'False'
[0.564s] Level 5:colcon.colcon_core.verb:set package 'autobot' build argument 'ament_cmake_args' from command line to 'None'
[0.564s] Level 5:colcon.colcon_core.verb:set package 'autobot' build argument 'catkin_cmake_args' from command line to 'None'
[0.564s] Level 5:colcon.colcon_core.verb:set package 'autobot' build argument 'catkin_skip_building_tests' from command line to 'False'
[0.564s] DEBUG:colcon.colcon_core.verb:Building package 'autobot' with the following arguments: {'ament_cmake_args': None, 'build_base': '/home/tarun_56/pc_ws/build/autobot', 'catkin_cmake_args': None, 'catkin_skip_building_tests': False, 'cmake_args': None, 'cmake_clean_cache': False, 'cmake_clean_first': False, 'cmake_force_configure': False, 'cmake_target': None, 'cmake_target_skip_unavailable': False, 'install_base': '/home/tarun_56/pc_ws/install/autobot', 'merge_install': False, 'path': '/home/tarun_56/pc_ws/src/autobot', 'symlink_install': True, 'test_result_base': None}
[0.565s] Level 5:colcon.colcon_core.verb:set package 'ball_tracker' build argument 'cmake_args' from command line to 'None'
[0.565s] Level 5:colcon.colcon_core.verb:set package 'ball_tracker' build argument 'cmake_target' from command line to 'None'
[0.565s] Level 5:colcon.colcon_core.verb:set package 'ball_tracker' build argument 'cmake_target_skip_unavailable' from command line to 'False'
[0.565s] Level 5:colcon.colcon_core.verb:set package 'ball_tracker' build argument 'cmake_clean_cache' from command line to 'False'
[0.565s] Level 5:colcon.colcon_core.verb:set package 'ball_tracker' build argument 'cmake_clean_first' from command line to 'False'
[0.565s] Level 5:colcon.colcon_core.verb:set package 'ball_tracker' build argument 'cmake_force_configure' from command line to 'False'
[0.565s] Level 5:colcon.colcon_core.verb:set package 'ball_tracker' build argument 'ament_cmake_args' from command line to 'None'
[0.565s] Level 5:colcon.colcon_core.verb:set package 'ball_tracker' build argument 'catkin_cmake_args' from command line to 'None'
[0.565s] Level 5:colcon.colcon_core.verb:set package 'ball_tracker' build argument 'catkin_skip_building_tests' from command line to 'False'
[0.565s] DEBUG:colcon.colcon_core.verb:Building package 'ball_tracker' with the following arguments: {'ament_cmake_args': None, 'build_base': '/home/tarun_56/pc_ws/build/ball_tracker', 'catkin_cmake_args': None, 'catkin_skip_building_tests': False, 'cmake_args': None, 'cmake_clean_cache': False, 'cmake_clean_first': False, 'cmake_force_configure': False, 'cmake_target': None, 'cmake_target_skip_unavailable': False, 'install_base': '/home/tarun_56/pc_ws/install/ball_tracker', 'merge_install': False, 'path': '/home/tarun_56/pc_ws/src/ball_tracker', 'symlink_install': True, 'test_result_base': None}
[0.565s] Level 5:colcon.colcon_core.verb:set package 'follow_waypoints' build argument 'cmake_args' from command line to 'None'
[0.565s] Level 5:colcon.colcon_core.verb:set package 'follow_waypoints' build argument 'cmake_target' from command line to 'None'
[0.565s] Level 5:colcon.colcon_core.verb:set package 'follow_waypoints' build argument 'cmake_target_skip_unavailable' from command line to 'False'
[0.565s] Level 5:colcon.colcon_core.verb:set package 'follow_waypoints' build argument 'cmake_clean_cache' from command line to 'False'
[0.565s] Level 5:colcon.colcon_core.verb:set package 'follow_waypoints' build argument 'cmake_clean_first' from command line to 'False'
[0.565s] Level 5:colcon.colcon_core.verb:set package 'follow_waypoints' build argument 'cmake_force_configure' from command line to 'False'
[0.565s] Level 5:colcon.colcon_core.verb:set package 'follow_waypoints' build argument 'ament_cmake_args' from command line to 'None'
[0.565s] Level 5:colcon.colcon_core.verb:set package 'follow_waypoints' build argument 'catkin_cmake_args' from command line to 'None'
[0.565s] Level 5:colcon.colcon_core.verb:set package 'follow_waypoints' build argument 'catkin_skip_building_tests' from command line to 'False'
[0.565s] DEBUG:colcon.colcon_core.verb:Building package 'follow_waypoints' with the following arguments: {'ament_cmake_args': None, 'build_base': '/home/tarun_56/pc_ws/build/follow_waypoints', 'catkin_cmake_args': None, 'catkin_skip_building_tests': False, 'cmake_args': None, 'cmake_clean_cache': False, 'cmake_clean_first': False, 'cmake_force_configure': False, 'cmake_target': None, 'cmake_target_skip_unavailable': False, 'install_base': '/home/tarun_56/pc_ws/install/follow_waypoints', 'merge_install': False, 'path': '/home/tarun_56/pc_ws/src/follow_waypoints', 'symlink_install': True, 'test_result_base': None}
[0.566s] INFO:colcon.colcon_core.executor:Executing jobs using 'parallel' executor
[0.571s] DEBUG:colcon.colcon_parallel_executor.executor.parallel:run_until_complete
[0.572s] INFO:colcon.colcon_ros.task.ament_cmake.build:Building ROS package in '/home/tarun_56/pc_ws/src/autobot' with build type 'ament_cmake'
[0.572s] INFO:colcon.colcon_cmake.task.cmake.build:Building CMake package in '/home/tarun_56/pc_ws/src/autobot'
[0.580s] INFO:colcon.colcon_core.plugin_system:Skipping extension 'colcon_core.shell.bat': Not used on non-Windows systems
[0.580s] INFO:colcon.colcon_core.shell:Skip shell extension 'powershell' for command environment: Not usable outside of PowerShell
[0.580s] DEBUG:colcon.colcon_core.shell:Skip shell extension 'dsv' for command environment
[0.586s] INFO:colcon.colcon_ros.task.ament_python.build:Building ROS package in '/home/tarun_56/pc_ws/src/ball_tracker' with build type 'ament_python'
[0.587s] Level 1:colcon.colcon_core.shell:create_environment_hook('ball_tracker', 'ament_prefix_path')
[0.587s] INFO:colcon.colcon_core.shell:Creating environment hook '/home/tarun_56/pc_ws/install/ball_tracker/share/ball_tracker/hook/ament_prefix_path.ps1'
[0.588s] INFO:colcon.colcon_core.shell:Creating environment descriptor '/home/tarun_56/pc_ws/install/ball_tracker/share/ball_tracker/hook/ament_prefix_path.dsv'
[0.590s] INFO:colcon.colcon_core.shell:Creating environment hook '/home/tarun_56/pc_ws/install/ball_tracker/share/ball_tracker/hook/ament_prefix_path.sh'
[0.593s] INFO:colcon.colcon_core.shell:Skip shell extension 'powershell' for command environment: Not usable outside of PowerShell
[0.593s] DEBUG:colcon.colcon_core.shell:Skip shell extension 'dsv' for command environment
[0.600s] INFO:colcon.colcon_ros.task.ament_python.build:Building ROS package in '/home/tarun_56/pc_ws/src/follow_waypoints' with build type 'ament_python'
[0.600s] Level 1:colcon.colcon_core.shell:create_environment_hook('follow_waypoints', 'ament_prefix_path')
[0.601s] INFO:colcon.colcon_core.shell:Creating environment hook '/home/tarun_56/pc_ws/install/follow_waypoints/share/follow_waypoints/hook/ament_prefix_path.ps1'
[0.602s] INFO:colcon.colcon_core.shell:Creating environment descriptor '/home/tarun_56/pc_ws/install/follow_waypoints/share/follow_waypoints/hook/ament_prefix_path.dsv'
[0.603s] INFO:colcon.colcon_core.shell:Creating environment hook '/home/tarun_56/pc_ws/install/follow_waypoints/share/follow_waypoints/hook/ament_prefix_path.sh'
[0.604s] INFO:colcon.colcon_core.shell:Skip shell extension 'powershell' for command environment: Not usable outside of PowerShell
[0.604s] DEBUG:colcon.colcon_core.shell:Skip shell extension 'dsv' for command environment
[0.617s] DEBUG:colcon.colcon_core.event_handler.log_command:Invoking command in '/home/tarun_56/pc_ws/build/autobot': CMAKE_PREFIX_PATH=/opt/ros/humble /usr/bin/cmake --build /home/tarun_56/pc_ws/build/autobot -- -j4 -l4
[1.062s] INFO:colcon.colcon_core.task.python.build:Building Python package in '/home/tarun_56/pc_ws/src/ball_tracker'
[1.062s] INFO:colcon.colcon_core.shell:Skip shell extension 'powershell' for command environment: Not usable outside of PowerShell
[1.062s] DEBUG:colcon.colcon_core.shell:Skip shell extension 'dsv' for command environment
[1.460s] INFO:colcon.colcon_core.task.python.build:Building Python package in '/home/tarun_56/pc_ws/src/follow_waypoints'
[1.461s] INFO:colcon.colcon_core.shell:Skip shell extension 'powershell' for command environment: Not usable outside of PowerShell
[1.461s] DEBUG:colcon.colcon_core.shell:Skip shell extension 'dsv' for command environment
[1.467s] DEBUG:colcon.colcon_core.event_handler.log_command:Invoked command in '/home/tarun_56/pc_ws/build/autobot' returned '0': CMAKE_PREFIX_PATH=/opt/ros/humble /usr/bin/cmake --build /home/tarun_56/pc_ws/build/autobot -- -j4 -l4
[1.554s] DEBUG:colcon.colcon_core.event_handler.log_command:Invoking command in '/home/tarun_56/pc_ws/build/autobot': CMAKE_PREFIX_PATH=/opt/ros/humble /usr/bin/cmake --install /home/tarun_56/pc_ws/build/autobot
[1.631s] Level 1:colcon.colcon_core.environment:create_environment_scripts_only(autobot)
[1.632s] DEBUG:colcon.colcon_core.event_handler.log_command:Invoked command in '/home/tarun_56/pc_ws/build/autobot' returned '0': CMAKE_PREFIX_PATH=/opt/ros/humble /usr/bin/cmake --install /home/tarun_56/pc_ws/build/autobot
[1.643s] Level 1:colcon.colcon_core.environment:checking '/home/tarun_56/pc_ws/install/autobot' for CMake module files
[1.644s] Level 1:colcon.colcon_core.environment:checking '/home/tarun_56/pc_ws/install/autobot' for CMake config files
[1.645s] Level 1:colcon.colcon_core.shell:create_environment_hook('autobot', 'cmake_prefix_path')
[1.646s] INFO:colcon.colcon_core.shell:Creating environment hook '/home/tarun_56/pc_ws/install/autobot/share/autobot/hook/cmake_prefix_path.ps1'
[1.647s] INFO:colcon.colcon_core.shell:Creating environment descriptor '/home/tarun_56/pc_ws/install/autobot/share/autobot/hook/cmake_prefix_path.dsv'
[1.648s] INFO:colcon.colcon_core.shell:Creating environment hook '/home/tarun_56/pc_ws/install/autobot/share/autobot/hook/cmake_prefix_path.sh'
[1.649s] Level 1:colcon.colcon_core.environment:checking '/home/tarun_56/pc_ws/install/autobot/bin'
[1.649s] Level 1:colcon.colcon_core.environment:checking '/home/tarun_56/pc_ws/install/autobot/lib/pkgconfig/autobot.pc'
[1.650s] Level 1:colcon.colcon_core.environment:checking '/home/tarun_56/pc_ws/install/autobot/lib/python3.10/site-packages'
[1.650s] Level 1:colcon.colcon_core.environment:checking '/home/tarun_56/pc_ws/install/autobot/bin'
[1.650s] INFO:colcon.colcon_core.shell:Creating package script '/home/tarun_56/pc_ws/install/autobot/share/autobot/package.ps1'
[1.652s] INFO:colcon.colcon_core.shell:Creating package descriptor '/home/tarun_56/pc_ws/install/autobot/share/autobot/package.dsv'
[1.654s] INFO:colcon.colcon_core.shell:Creating package script '/home/tarun_56/pc_ws/install/autobot/share/autobot/package.sh'
[1.656s] INFO:colcon.colcon_core.shell:Creating package script '/home/tarun_56/pc_ws/install/autobot/share/autobot/package.bash'
[1.657s] INFO:colcon.colcon_core.shell:Creating package script '/home/tarun_56/pc_ws/install/autobot/share/autobot/package.zsh'
[1.660s] Level 1:colcon.colcon_core.environment:create_file_with_runtime_dependencies(/home/tarun_56/pc_ws/install/autobot/share/colcon-core/packages/autobot)
[1.723s] Level 1:colcon.colcon_core.environment:create_environment_scripts_only(autobot)
[1.723s] Level 1:colcon.colcon_core.environment:checking '/home/tarun_56/pc_ws/install/autobot' for CMake module files
[1.724s] Level 1:colcon.colcon_core.environment:checking '/home/tarun_56/pc_ws/install/autobot' for CMake config files
[1.724s] Level 1:colcon.colcon_core.shell:create_environment_hook('autobot', 'cmake_prefix_path')
[1.725s] INFO:colcon.colcon_core.shell:Creating environment hook '/home/tarun_56/pc_ws/install/autobot/share/autobot/hook/cmake_prefix_path.ps1'
[1.725s] INFO:colcon.colcon_core.shell:Creating environment descriptor '/home/tarun_56/pc_ws/install/autobot/share/autobot/hook/cmake_prefix_path.dsv'
[1.727s] INFO:colcon.colcon_core.shell:Creating environment hook '/home/tarun_56/pc_ws/install/autobot/share/autobot/hook/cmake_prefix_path.sh'
[1.728s] Level 1:colcon.colcon_core.environment:checking '/home/tarun_56/pc_ws/install/autobot/bin'
[1.728s] Level 1:colcon.colcon_core.environment:checking '/home/tarun_56/pc_ws/install/autobot/lib/pkgconfig/autobot.pc'
[1.728s] Level 1:colcon.colcon_core.environment:checking '/home/tarun_56/pc_ws/install/autobot/lib/python3.10/site-packages'
[1.728s] Level 1:colcon.colcon_core.environment:checking '/home/tarun_56/pc_ws/install/autobot/bin'
[1.729s] INFO:colcon.colcon_core.shell:Creating package script '/home/tarun_56/pc_ws/install/autobot/share/autobot/package.ps1'
[1.729s] INFO:colcon.colcon_core.shell:Creating package descriptor '/home/tarun_56/pc_ws/install/autobot/share/autobot/package.dsv'
[1.730s] INFO:colcon.colcon_core.shell:Creating package script '/home/tarun_56/pc_ws/install/autobot/share/autobot/package.sh'
[1.731s] INFO:colcon.colcon_core.shell:Creating package script '/home/tarun_56/pc_ws/install/autobot/share/autobot/package.bash'
[1.731s] INFO:colcon.colcon_core.shell:Creating package script '/home/tarun_56/pc_ws/install/autobot/share/autobot/package.zsh'
[1.732s] Level 1:colcon.colcon_core.environment:create_file_with_runtime_dependencies(/home/tarun_56/pc_ws/install/autobot/share/colcon-core/packages/autobot)
[2.151s] DEBUG:colcon.colcon_core.event_handler.log_command:Invoking command in '/home/tarun_56/pc_ws/build/ball_tracker': PYTHONPATH=/home/tarun_56/pc_ws/build/ball_tracker/prefix_override:/home/tarun_56/pc_ws/install/ball_tracker/lib/python3.10/site-packages:${PYTHONPATH} /usr/bin/python3 -W ignore:setup.py install is deprecated setup.py develop --editable --build-directory /home/tarun_56/pc_ws/build/ball_tracker/build --no-deps symlink_data
[2.154s] DEBUG:colcon.colcon_core.event_handler.log_command:Invoking command in '/home/tarun_56/pc_ws/build/follow_waypoints': PYTHONPATH=/home/tarun_56/pc_ws/build/follow_waypoints/prefix_override:/home/tarun_56/pc_ws/install/follow_waypoints/lib/python3.10/site-packages:${PYTHONPATH} /usr/bin/python3 -W ignore:setup.py install is deprecated setup.py develop --editable --build-directory /home/tarun_56/pc_ws/build/follow_waypoints/build --no-deps symlink_data
[2.889s] Level 1:colcon.colcon_core.shell:create_environment_hook('ball_tracker', 'pythonpath_develop')
[2.890s] DEBUG:colcon.colcon_core.event_handler.log_command:Invoked command in '/home/tarun_56/pc_ws/build/ball_tracker' returned '0': PYTHONPATH=/home/tarun_56/pc_ws/build/ball_tracker/prefix_override:/home/tarun_56/pc_ws/install/ball_tracker/lib/python3.10/site-packages:${PYTHONPATH} /usr/bin/python3 -W ignore:setup.py install is deprecated setup.py develop --editable --build-directory /home/tarun_56/pc_ws/build/ball_tracker/build --no-deps symlink_data
[2.890s] INFO:colcon.colcon_core.shell:Creating environment hook '/home/tarun_56/pc_ws/build/ball_tracker/share/ball_tracker/hook/pythonpath_develop.ps1'
[2.891s] INFO:colcon.colcon_core.shell:Creating environment descriptor '/home/tarun_56/pc_ws/build/ball_tracker/share/ball_tracker/hook/pythonpath_develop.dsv'
[2.892s] INFO:colcon.colcon_core.shell:Creating environment hook '/home/tarun_56/pc_ws/build/ball_tracker/share/ball_tracker/hook/pythonpath_develop.sh'
[2.893s] Level 1:colcon.colcon_core.environment:checking '/home/tarun_56/pc_ws/install/ball_tracker' for CMake module files
[2.894s] Level 1:colcon.colcon_core.environment:checking '/home/tarun_56/pc_ws/install/ball_tracker' for CMake config files
[2.895s] Level 1:colcon.colcon_core.environment:checking '/home/tarun_56/pc_ws/install/ball_tracker/lib'
[2.895s] Level 1:colcon.colcon_core.environment:checking '/home/tarun_56/pc_ws/install/ball_tracker/bin'
[2.895s] Level 1:colcon.colcon_core.environment:checking '/home/tarun_56/pc_ws/install/ball_tracker/lib/pkgconfig/ball_tracker.pc'
[2.896s] Level 1:colcon.colcon_core.environment:checking '/home/tarun_56/pc_ws/install/ball_tracker/lib/python3.10/site-packages'
[2.896s] Level 1:colcon.colcon_core.shell:create_environment_hook('ball_tracker', 'pythonpath')
[2.897s] INFO:colcon.colcon_core.shell:Creating environment hook '/home/tarun_56/pc_ws/install/ball_tracker/share/ball_tracker/hook/pythonpath.ps1'
[2.897s] INFO:colcon.colcon_core.shell:Creating environment descriptor '/home/tarun_56/pc_ws/install/ball_tracker/share/ball_tracker/hook/pythonpath.dsv'
[2.899s] INFO:colcon.colcon_core.shell:Creating environment hook '/home/tarun_56/pc_ws/install/ball_tracker/share/ball_tracker/hook/pythonpath.sh'
[2.901s] Level 1:colcon.colcon_core.environment:checking '/home/tarun_56/pc_ws/install/ball_tracker/bin'
[2.902s] Level 1:colcon.colcon_core.environment:create_environment_scripts_only(ball_tracker)
[2.902s] INFO:colcon.colcon_core.shell:Creating package script '/home/tarun_56/pc_ws/install/ball_tracker/share/ball_tracker/package.ps1'
[2.903s] INFO:colcon.colcon_core.shell:Creating package descriptor '/home/tarun_56/pc_ws/install/ball_tracker/share/ball_tracker/package.dsv'
[2.904s] INFO:colcon.colcon_core.shell:Creating package script '/home/tarun_56/pc_ws/install/ball_tracker/share/ball_tracker/package.sh'
[2.905s] INFO:colcon.colcon_core.shell:Creating package script '/home/tarun_56/pc_ws/install/ball_tracker/share/ball_tracker/package.bash'
[2.907s] INFO:colcon.colcon_core.shell:Creating package script '/home/tarun_56/pc_ws/install/ball_tracker/share/ball_tracker/package.zsh'
[2.908s] Level 1:colcon.colcon_core.environment:create_file_with_runtime_dependencies(/home/tarun_56/pc_ws/install/ball_tracker/share/colcon-core/packages/ball_tracker)
[2.910s] Level 1:colcon.colcon_core.shell:create_environment_hook('follow_waypoints', 'pythonpath_develop')
[2.911s] DEBUG:colcon.colcon_core.event_handler.log_command:Invoked command in '/home/tarun_56/pc_ws/build/follow_waypoints' returned '0': PYTHONPATH=/home/tarun_56/pc_ws/build/follow_waypoints/prefix_override:/home/tarun_56/pc_ws/install/follow_waypoints/lib/python3.10/site-packages:${PYTHONPATH} /usr/bin/python3 -W ignore:setup.py install is deprecated setup.py develop --editable --build-directory /home/tarun_56/pc_ws/build/follow_waypoints/build --no-deps symlink_data
[2.911s] INFO:colcon.colcon_core.shell:Creating environment hook '/home/tarun_56/pc_ws/build/follow_waypoints/share/follow_waypoints/hook/pythonpath_develop.ps1'
[2.914s] INFO:colcon.colcon_core.shell:Creating environment descriptor '/home/tarun_56/pc_ws/build/follow_waypoints/share/follow_waypoints/hook/pythonpath_develop.dsv'
[2.916s] INFO:colcon.colcon_core.shell:Creating environment hook '/home/tarun_56/pc_ws/build/follow_waypoints/share/follow_waypoints/hook/pythonpath_develop.sh'
[2.917s] Level 1:colcon.colcon_core.environment:checking '/home/tarun_56/pc_ws/install/follow_waypoints' for CMake module files
[2.918s] Level 1:colcon.colcon_core.environment:checking '/home/tarun_56/pc_ws/install/follow_waypoints' for CMake config files
[2.918s] Level 1:colcon.colcon_core.environment:checking '/home/tarun_56/pc_ws/install/follow_waypoints/lib'
[2.919s] Level 1:colcon.colcon_core.environment:checking '/home/tarun_56/pc_ws/install/follow_waypoints/bin'
[2.919s] Level 1:colcon.colcon_core.environment:checking '/home/tarun_56/pc_ws/install/follow_waypoints/lib/pkgconfig/follow_waypoints.pc'
[2.919s] Level 1:colcon.colcon_core.environment:checking '/home/tarun_56/pc_ws/install/follow_waypoints/lib/python3.10/site-packages'
[2.919s] Level 1:colcon.colcon_core.shell:create_environment_hook('follow_waypoints', 'pythonpath')
[2.920s] INFO:colcon.colcon_core.shell:Creating environment hook '/home/tarun_56/pc_ws/install/follow_waypoints/share/follow_waypoints/hook/pythonpath.ps1'
[2.920s] INFO:colcon.colcon_core.shell:Creating environment descriptor '/home/tarun_56/pc_ws/install/follow_waypoints/share/follow_waypoints/hook/pythonpath.dsv'
[2.921s] INFO:colcon.colcon_core.shell:Creating environment hook '/home/tarun_56/pc_ws/install/follow_waypoints/share/follow_waypoints/hook/pythonpath.sh'
[2.922s] Level 1:colcon.colcon_core.environment:checking '/home/tarun_56/pc_ws/install/follow_waypoints/bin'
[2.922s] Level 1:colcon.colcon_core.environment:create_environment_scripts_only(follow_waypoints)
[2.923s] INFO:colcon.colcon_core.shell:Creating package script '/home/tarun_56/pc_ws/install/follow_waypoints/share/follow_waypoints/package.ps1'
[2.924s] INFO:colcon.colcon_core.shell:Creating package descriptor '/home/tarun_56/pc_ws/install/follow_waypoints/share/follow_waypoints/package.dsv'
[2.925s] INFO:colcon.colcon_core.shell:Creating package script '/home/tarun_56/pc_ws/install/follow_waypoints/share/follow_waypoints/package.sh'
[2.925s] INFO:colcon.colcon_core.shell:Creating package script '/home/tarun_56/pc_ws/install/follow_waypoints/share/follow_waypoints/package.bash'
[2.926s] INFO:colcon.colcon_core.shell:Creating package script '/home/tarun_56/pc_ws/install/follow_waypoints/share/follow_waypoints/package.zsh'
[2.926s] Level 1:colcon.colcon_core.environment:create_file_with_runtime_dependencies(/home/tarun_56/pc_ws/install/follow_waypoints/share/colcon-core/packages/follow_waypoints)
[2.928s] DEBUG:colcon.colcon_parallel_executor.executor.parallel:closing loop
[2.928s] DEBUG:colcon.colcon_parallel_executor.executor.parallel:loop closed
[2.928s] DEBUG:colcon.colcon_parallel_executor.executor.parallel:run_until_complete finished with '0'
[2.928s] DEBUG:colcon.colcon_core.event_reactor:joining thread
[2.939s] INFO:colcon.colcon_core.plugin_system:Skipping extension 'colcon_notification.desktop_notification.terminal_notifier': Not used on non-Darwin systems
[2.940s] INFO:colcon.colcon_core.plugin_system:Skipping extension 'colcon_notification.desktop_notification.win32': Not used on non-Windows systems
[2.940s] INFO:colcon.colcon_notification.desktop_notification:Sending desktop notification using 'notify2'
[2.959s] DEBUG:colcon.colcon_core.event_reactor:joined thread
[2.959s] INFO:colcon.colcon_core.shell:Creating prefix script '/home/tarun_56/pc_ws/install/local_setup.ps1'
[2.961s] INFO:colcon.colcon_core.shell:Creating prefix util module '/home/tarun_56/pc_ws/install/_local_setup_util_ps1.py'
[2.964s] INFO:colcon.colcon_core.shell:Creating prefix chain script '/home/tarun_56/pc_ws/install/setup.ps1'
[2.966s] INFO:colcon.colcon_core.shell:Creating prefix script '/home/tarun_56/pc_ws/install/local_setup.sh'
[2.967s] INFO:colcon.colcon_core.shell:Creating prefix util module '/home/tarun_56/pc_ws/install/_local_setup_util_sh.py'
[2.968s] INFO:colcon.colcon_core.shell:Creating prefix chain script '/home/tarun_56/pc_ws/install/setup.sh'
[2.970s] INFO:colcon.colcon_core.shell:Creating prefix script '/home/tarun_56/pc_ws/install/local_setup.bash'
[2.971s] INFO:colcon.colcon_core.shell:Creating prefix chain script '/home/tarun_56/pc_ws/install/setup.bash'
[2.974s] INFO:colcon.colcon_core.shell:Creating prefix script '/home/tarun_56/pc_ws/install/local_setup.zsh'
[2.975s] INFO:colcon.colcon_core.shell:Creating prefix chain script '/home/tarun_56/pc_ws/install/setup.zsh'
