-- The C compiler identification is GNU 11.4.0
-- The CXX compiler identification is GNU 11.4.0
-- Detecting C compiler ABI info
-- Detecting C compiler ABI info - done
-- Check for working C compiler: /usr/bin/cc - skipped
-- Detecting C compile features
-- Detecting C compile features - done
-- Detecting CXX compiler ABI info
-- Detecting CXX compiler ABI info - done
-- Check for working CXX compiler: /usr/bin/c++ - skipped
-- Detecting CXX compile features
-- Detecting CXX compile features - done
-- Found ament_cmake: 1.3.6 (/opt/ros/humble/share/ament_cmake/cmake)
-- Found Python3: /usr/bin/python3.10 (found version "3.10.12") found components: Interpreter 
-- Override CMake install command with custom implementation using symlinks instead of copying resources
-- Found ament_lint_auto: 0.12.9 (/opt/ros/humble/share/ament_lint_auto/cmake)
-- Added test 'copyright' to check source files copyright and LICENSE
-- Added test 'flake8' to check Python code syntax and style conventions
-- Added test 'lint_cmake' to check CMake code style
-- Added test 'pep257' to check Python code against some of the docstring style conventions in PEP 257
-- Added test 'xmllint' to check XML markup files
-- Configuring done
-- Generating done
-- Build files have been written to: /home/tarun_56/pc_ws/build/autobot
-- Install configuration: ""
-- Execute custom install script
-- Symlinking: /home/tarun_56/pc_ws/install/autobot/share/autobot/config/empty.yaml
-- Symlinking: /home/tarun_56/pc_ws/install/autobot/share/autobot/description/robot.urdf.xacro
-- Symlinking: /home/tarun_56/pc_ws/install/autobot/share/autobot/launch/rsp.launch.py
-- Symlinking: /home/tarun_56/pc_ws/install/autobot/share/autobot/worlds/empty.world
-- Symlinking: /home/tarun_56/pc_ws/install/autobot/share/ament_index/resource_index/package_run_dependencies/autobot
-- Symlinking: /home/tarun_56/pc_ws/install/autobot/share/ament_index/resource_index/parent_prefix_path/autobot
-- Symlinking: /home/tarun_56/pc_ws/install/autobot/share/autobot/environment/ament_prefix_path.sh
-- Symlinking: /home/tarun_56/pc_ws/install/autobot/share/autobot/environment/ament_prefix_path.dsv
-- Symlinking: /home/tarun_56/pc_ws/install/autobot/share/autobot/environment/path.sh
-- Symlinking: /home/tarun_56/pc_ws/install/autobot/share/autobot/environment/path.dsv
-- Symlinking: /home/tarun_56/pc_ws/install/autobot/share/autobot/local_setup.bash
-- Symlinking: /home/tarun_56/pc_ws/install/autobot/share/autobot/local_setup.sh
-- Symlinking: /home/tarun_56/pc_ws/install/autobot/share/autobot/local_setup.zsh
-- Symlinking: /home/tarun_56/pc_ws/install/autobot/share/autobot/local_setup.dsv
-- Symlinking: /home/tarun_56/pc_ws/install/autobot/share/autobot/package.dsv
-- Symlinking: /home/tarun_56/pc_ws/install/autobot/share/ament_index/resource_index/packages/autobot
-- Symlinking: /home/tarun_56/pc_ws/install/autobot/share/autobot/cmake/autobotConfig.cmake
-- Symlinking: /home/tarun_56/pc_ws/install/autobot/share/autobot/cmake/autobotConfig-version.cmake
-- Symlinking: /home/tarun_56/pc_ws/install/autobot/share/autobot/package.xml
