[0.159s] Invoking command in '/home/tarun_56/pc_ws/build/autobot': CMAKE_PREFIX_PATH=/opt/ros/humble /usr/bin/cmake /home/tarun_56/pc_ws/src/autobot -DAMENT_CMAKE_SYMLINK_INSTALL=1 -DCMAKE_INSTALL_PREFIX=/home/tarun_56/pc_ws/install/autobot
[0.479s] -- The C compiler identification is GNU 11.4.0
[0.757s] -- The CXX compiler identification is GNU 11.4.0
[0.786s] -- Detecting C compiler ABI info
[0.972s] -- Detecting C compiler ABI info - done
[0.987s] -- Check for working C compiler: /usr/bin/cc - skipped
[0.992s] -- Detecting C compile features
[0.995s] -- Detecting C compile features - done
[1.004s] -- Detecting CXX compiler ABI info
[1.219s] -- Detecting CXX compiler ABI info - done
[1.234s] -- Check for working CXX compiler: /usr/bin/c++ - skipped
[1.235s] -- Detecting CXX compile features
[1.236s] -- Detecting CXX compile features - done
[1.252s] -- Found ament_cmake: 1.3.6 (/opt/ros/humble/share/ament_cmake/cmake)
[1.656s] -- Found Python3: /usr/bin/python3.10 (found version "3.10.12") found components: Interpreter 
[1.816s] -- Override CMake install command with custom implementation using symlinks instead of copying resources
[1.929s] -- Found ament_lint_auto: 0.12.9 (/opt/ros/humble/share/ament_lint_auto/cmake)
[2.137s] -- Added test 'copyright' to check source files copyright and LICENSE
[2.162s] -- Added test 'flake8' to check Python code syntax and style conventions
[2.166s] -- Added test 'lint_cmake' to check CMake code style
[2.168s] -- Added test 'pep257' to check Python code against some of the docstring style conventions in PEP 257
[2.181s] -- Added test 'xmllint' to check XML markup files
[2.188s] -- Configuring done
[2.198s] -- Generating done
[2.201s] -- Build files have been written to: /home/tarun_56/pc_ws/build/autobot
[2.211s] Invoked command in '/home/tarun_56/pc_ws/build/autobot' returned '0': CMAKE_PREFIX_PATH=/opt/ros/humble /usr/bin/cmake /home/tarun_56/pc_ws/src/autobot -DAMENT_CMAKE_SYMLINK_INSTALL=1 -DCMAKE_INSTALL_PREFIX=/home/tarun_56/pc_ws/install/autobot
[2.216s] Invoking command in '/home/tarun_56/pc_ws/build/autobot': CMAKE_PREFIX_PATH=/opt/ros/humble /usr/bin/cmake --build /home/tarun_56/pc_ws/build/autobot -- -j4 -l4
[2.308s] Invoked command in '/home/tarun_56/pc_ws/build/autobot' returned '0': CMAKE_PREFIX_PATH=/opt/ros/humble /usr/bin/cmake --build /home/tarun_56/pc_ws/build/autobot -- -j4 -l4
[2.394s] Invoking command in '/home/tarun_56/pc_ws/build/autobot': CMAKE_PREFIX_PATH=/opt/ros/humble /usr/bin/cmake --install /home/tarun_56/pc_ws/build/autobot
[2.412s] -- Install configuration: ""
[2.413s] -- Execute custom install script
[2.414s] -- Symlinking: /home/tarun_56/pc_ws/install/autobot/share/autobot/config/empty.yaml
[2.437s] -- Symlinking: /home/tarun_56/pc_ws/install/autobot/share/autobot/description/robot.urdf.xacro
[2.462s] -- Symlinking: /home/tarun_56/pc_ws/install/autobot/share/autobot/launch/rsp.launch.py
[2.488s] -- Symlinking: /home/tarun_56/pc_ws/install/autobot/share/autobot/worlds/empty.world
[2.512s] -- Symlinking: /home/tarun_56/pc_ws/install/autobot/share/ament_index/resource_index/package_run_dependencies/autobot
[2.534s] -- Symlinking: /home/tarun_56/pc_ws/install/autobot/share/ament_index/resource_index/parent_prefix_path/autobot
[2.560s] -- Symlinking: /home/tarun_56/pc_ws/install/autobot/share/autobot/environment/ament_prefix_path.sh
[2.585s] -- Symlinking: /home/tarun_56/pc_ws/install/autobot/share/autobot/environment/ament_prefix_path.dsv
[2.608s] -- Symlinking: /home/tarun_56/pc_ws/install/autobot/share/autobot/environment/path.sh
[2.628s] -- Symlinking: /home/tarun_56/pc_ws/install/autobot/share/autobot/environment/path.dsv
[2.651s] -- Symlinking: /home/tarun_56/pc_ws/install/autobot/share/autobot/local_setup.bash
[2.678s] -- Symlinking: /home/tarun_56/pc_ws/install/autobot/share/autobot/local_setup.sh
[2.705s] -- Symlinking: /home/tarun_56/pc_ws/install/autobot/share/autobot/local_setup.zsh
[2.726s] -- Symlinking: /home/tarun_56/pc_ws/install/autobot/share/autobot/local_setup.dsv
[2.747s] -- Symlinking: /home/tarun_56/pc_ws/install/autobot/share/autobot/package.dsv
[2.771s] -- Symlinking: /home/tarun_56/pc_ws/install/autobot/share/ament_index/resource_index/packages/autobot
[2.795s] -- Symlinking: /home/tarun_56/pc_ws/install/autobot/share/autobot/cmake/autobotConfig.cmake
[2.816s] -- Symlinking: /home/tarun_56/pc_ws/install/autobot/share/autobot/cmake/autobotConfig-version.cmake
[2.837s] -- Symlinking: /home/tarun_56/pc_ws/install/autobot/share/autobot/package.xml
[2.866s] Invoked command in '/home/tarun_56/pc_ws/build/autobot' returned '0': CMAKE_PREFIX_PATH=/opt/ros/humble /usr/bin/cmake --install /home/tarun_56/pc_ws/build/autobot
