[0.028s] Invoking command in '/home/tarun_56/pc_ws/build/autobot': CMAKE_PREFIX_PATH=/opt/ros/humble /usr/bin/cmake /home/tarun_56/pc_ws/src/autobot -DAMENT_CMAKE_SYMLINK_INSTALL=1 -DCMAKE_INSTALL_PREFIX=/home/tarun_56/pc_ws/install/autobot
[0.332s] -- Found ament_cmake: 1.3.8 (/opt/ros/humble/share/ament_cmake/cmake)
[0.337s] -- Override CMake install command with custom implementation using symlinks instead of copying resources
[0.337s] -- Found ament_lint_auto: 0.12.10 (/opt/ros/humble/share/ament_lint_auto/cmake)
[0.338s] -- Added test 'copyright' to check source files copyright and LICENSE
[0.339s] -- Added test 'flake8' to check Python code syntax and style conventions
[0.339s] -- Added test 'lint_cmake' to check CMake code style
[0.341s] -- Added test 'pep257' to check Python code against some of the docstring style conventions in PEP 257
[0.341s] -- Added test 'xmllint' to check XML markup files
[0.341s] -- Configuring done
[0.341s] -- Generating done
[0.341s] -- Build files have been written to: /home/tarun_56/pc_ws/build/autobot
[0.660s] Invoked command in '/home/tarun_56/pc_ws/build/autobot' returned '0': CMAKE_PREFIX_PATH=/opt/ros/humble /usr/bin/cmake /home/tarun_56/pc_ws/src/autobot -DAMENT_CMAKE_SYMLINK_INSTALL=1 -DCMAKE_INSTALL_PREFIX=/home/tarun_56/pc_ws/install/autobot
[0.664s] Invoking command in '/home/tarun_56/pc_ws/build/autobot': CMAKE_PREFIX_PATH=/opt/ros/humble /usr/bin/cmake --build /home/tarun_56/pc_ws/build/autobot -- -j4 -l4
[0.732s] Invoked command in '/home/tarun_56/pc_ws/build/autobot' returned '0': CMAKE_PREFIX_PATH=/opt/ros/humble /usr/bin/cmake --build /home/tarun_56/pc_ws/build/autobot -- -j4 -l4
[0.791s] Invoking command in '/home/tarun_56/pc_ws/build/autobot': CMAKE_PREFIX_PATH=/opt/ros/humble /usr/bin/cmake --install /home/tarun_56/pc_ws/build/autobot
[0.804s] -- Install configuration: ""
[0.805s] -- Execute custom install script
[0.806s] -- Up-to-date symlink: /home/tarun_56/pc_ws/install/autobot/share/autobot/config/ball_tracker_params_robot.yaml
[0.806s] -- Up-to-date symlink: /home/tarun_56/pc_ws/install/autobot/share/autobot/config/ball_tracker_params_sim.yaml
[0.806s] -- Up-to-date symlink: /home/tarun_56/pc_ws/install/autobot/share/autobot/config/drive_bot.rviz
[0.808s] -- Up-to-date symlink: /home/tarun_56/pc_ws/install/autobot/share/autobot/config/empty.yaml
[0.809s] -- Up-to-date symlink: /home/tarun_56/pc_ws/install/autobot/share/autobot/config/gaz_ros2_ctl_use_sim.yaml
[0.809s] -- Up-to-date symlink: /home/tarun_56/pc_ws/install/autobot/share/autobot/config/gazebo_params.yaml
[0.809s] -- Up-to-date symlink: /home/tarun_56/pc_ws/install/autobot/share/autobot/config/joystick.yaml
[0.810s] -- Up-to-date symlink: /home/tarun_56/pc_ws/install/autobot/share/autobot/config/main.rviz
[0.810s] -- Up-to-date symlink: /home/tarun_56/pc_ws/install/autobot/share/autobot/config/map.rviz
[0.810s] -- Up-to-date symlink: /home/tarun_56/pc_ws/install/autobot/share/autobot/config/mapper_params_online_async.yaml
[0.810s] -- Up-to-date symlink: /home/tarun_56/pc_ws/install/autobot/share/autobot/config/my_controllers.yaml
[0.810s] -- Up-to-date symlink: /home/tarun_56/pc_ws/install/autobot/share/autobot/config/nav2_params.yaml
[0.811s] -- Up-to-date symlink: /home/tarun_56/pc_ws/install/autobot/share/autobot/config/twist_mux.yaml
[0.811s] -- Up-to-date symlink: /home/tarun_56/pc_ws/install/autobot/share/autobot/config/view_bot.rviz
[0.811s] -- Up-to-date symlink: /home/tarun_56/pc_ws/install/autobot/share/autobot/description/camera.xacro
[0.811s] -- Up-to-date symlink: /home/tarun_56/pc_ws/install/autobot/share/autobot/description/depth_camera.xacro
[0.812s] -- Up-to-date symlink: /home/tarun_56/pc_ws/install/autobot/share/autobot/description/face.xacro
[0.812s] -- Up-to-date symlink: /home/tarun_56/pc_ws/install/autobot/share/autobot/description/gazebo_control.xacro
[0.812s] -- Up-to-date symlink: /home/tarun_56/pc_ws/install/autobot/share/autobot/description/inertial_macros.xacro
[0.813s] -- Up-to-date symlink: /home/tarun_56/pc_ws/install/autobot/share/autobot/description/lidar.xacro
[0.813s] -- Up-to-date symlink: /home/tarun_56/pc_ws/install/autobot/share/autobot/description/robot.urdf.xacro
[0.813s] -- Up-to-date symlink: /home/tarun_56/pc_ws/install/autobot/share/autobot/description/robot_core.xacro
[0.813s] -- Up-to-date symlink: /home/tarun_56/pc_ws/install/autobot/share/autobot/description/ros2_control.xacro
[0.815s] -- Up-to-date symlink: /home/tarun_56/pc_ws/install/autobot/share/autobot/launch/amr_1.launch.py
[0.815s] -- Up-to-date symlink: /home/tarun_56/pc_ws/install/autobot/share/autobot/launch/amr_2.launch.py
[0.815s] -- Up-to-date symlink: /home/tarun_56/pc_ws/install/autobot/share/autobot/launch/ball_tracker.launch.py
[0.816s] -- Up-to-date symlink: /home/tarun_56/pc_ws/install/autobot/share/autobot/launch/camera.launch.py
[0.816s] -- Up-to-date symlink: /home/tarun_56/pc_ws/install/autobot/share/autobot/launch/joystick.launch.py
[0.816s] -- Up-to-date symlink: /home/tarun_56/pc_ws/install/autobot/share/autobot/launch/launch_robot.launch.py
[0.817s] -- Up-to-date symlink: /home/tarun_56/pc_ws/install/autobot/share/autobot/launch/launch_sim.launch.py
[0.817s] -- Up-to-date symlink: /home/tarun_56/pc_ws/install/autobot/share/autobot/launch/localization_launch.py
[0.817s] -- Up-to-date symlink: /home/tarun_56/pc_ws/install/autobot/share/autobot/launch/main_two_robots.launch.xml
[0.818s] -- Up-to-date symlink: /home/tarun_56/pc_ws/install/autobot/share/autobot/launch/navigation_launch.py
[0.818s] -- Up-to-date symlink: /home/tarun_56/pc_ws/install/autobot/share/autobot/launch/online_async_launch.py
[0.818s] -- Up-to-date symlink: /home/tarun_56/pc_ws/install/autobot/share/autobot/launch/rplidar.launch.py
[0.819s] -- Up-to-date symlink: /home/tarun_56/pc_ws/install/autobot/share/autobot/launch/rsp.launch.py
[0.819s] -- Up-to-date symlink: /home/tarun_56/pc_ws/install/autobot/share/autobot/launch/spawn.launch.py
[0.819s] -- Up-to-date symlink: /home/tarun_56/pc_ws/install/autobot/share/autobot/launch/start_world_standalone.launch.py
[0.819s] -- Up-to-date symlink: /home/tarun_56/pc_ws/install/autobot/share/autobot/launch/test_launch.py
[0.820s] -- Up-to-date symlink: /home/tarun_56/pc_ws/install/autobot/share/autobot/worlds/empty.world
[0.820s] -- Up-to-date symlink: /home/tarun_56/pc_ws/install/autobot/share/autobot/worlds/obstacles.world
[0.821s] -- Up-to-date symlink: /home/tarun_56/pc_ws/install/autobot/share/autobot/worlds/room.world/model.config
[0.821s] -- Up-to-date symlink: /home/tarun_56/pc_ws/install/autobot/share/autobot/worlds/room.world/model.sdf
[0.821s] -- Up-to-date symlink: /home/tarun_56/pc_ws/install/autobot/share/autobot/worlds/test.world
[0.822s] -- Up-to-date symlink: /home/tarun_56/pc_ws/install/autobot/share/autobot/worlds/track.world
[0.822s] -- Up-to-date symlink: /home/tarun_56/pc_ws/install/autobot/share/autobot/worlds/warehouse.world
[0.822s] -- Up-to-date symlink: /home/tarun_56/pc_ws/install/autobot/share/ament_index/resource_index/package_run_dependencies/autobot
[0.824s] -- Up-to-date symlink: /home/tarun_56/pc_ws/install/autobot/share/ament_index/resource_index/parent_prefix_path/autobot
[0.824s] -- Up-to-date symlink: /home/tarun_56/pc_ws/install/autobot/share/autobot/environment/ament_prefix_path.sh
[0.824s] -- Up-to-date symlink: /home/tarun_56/pc_ws/install/autobot/share/autobot/environment/ament_prefix_path.dsv
[0.827s] -- Up-to-date symlink: /home/tarun_56/pc_ws/install/autobot/share/autobot/environment/path.sh
[0.828s] -- Up-to-date symlink: /home/tarun_56/pc_ws/install/autobot/share/autobot/environment/path.dsv
[0.829s] -- Up-to-date symlink: /home/tarun_56/pc_ws/install/autobot/share/autobot/local_setup.bash
[0.829s] -- Up-to-date symlink: /home/tarun_56/pc_ws/install/autobot/share/autobot/local_setup.sh
[0.830s] -- Up-to-date symlink: /home/tarun_56/pc_ws/install/autobot/share/autobot/local_setup.zsh
[0.831s] -- Up-to-date symlink: /home/tarun_56/pc_ws/install/autobot/share/autobot/local_setup.dsv
[0.832s] -- Symlinking: /home/tarun_56/pc_ws/install/autobot/share/autobot/package.dsv
[0.841s] -- Up-to-date symlink: /home/tarun_56/pc_ws/install/autobot/share/ament_index/resource_index/packages/autobot
[0.845s] -- Up-to-date symlink: /home/tarun_56/pc_ws/install/autobot/share/autobot/cmake/autobotConfig.cmake
[0.846s] -- Up-to-date symlink: /home/tarun_56/pc_ws/install/autobot/share/autobot/cmake/autobotConfig-version.cmake
[0.847s] -- Up-to-date symlink: /home/tarun_56/pc_ws/install/autobot/share/autobot/package.xml
[0.848s] Invoked command in '/home/tarun_56/pc_ws/build/autobot' returned '0': CMAKE_PREFIX_PATH=/opt/ros/humble /usr/bin/cmake --install /home/tarun_56/pc_ws/build/autobot
