[0.074s] Invoking command in '/home/tarun_56/pc_ws/build/autobot': CMAKE_PREFIX_PATH=${CMAKE_PREFIX_PATH}:/opt/ros/humble /usr/bin/cmake --build /home/tarun_56/pc_ws/build/autobot -- -j4 -l4
[0.137s] Invoked command in '/home/tarun_56/pc_ws/build/autobot' returned '0': CMAKE_PREFIX_PATH=${CMAKE_PREFIX_PATH}:/opt/ros/humble /usr/bin/cmake --build /home/tarun_56/pc_ws/build/autobot -- -j4 -l4
[0.176s] Invoking command in '/home/tarun_56/pc_ws/build/autobot': CMAKE_PREFIX_PATH=${CMAKE_PREFIX_PATH}:/opt/ros/humble /usr/bin/cmake --install /home/tarun_56/pc_ws/build/autobot
[0.186s] -- Install configuration: ""
[0.188s] -- Execute custom install script
[0.190s] -- Up-to-date symlink: /home/tarun_56/pc_ws/install/autobot/share/autobot/config/ball_tracker_params_robot.yaml
[0.190s] -- Up-to-date symlink: /home/tarun_56/pc_ws/install/autobot/share/autobot/config/ball_tracker_params_sim.yaml
[0.190s] -- Up-to-date symlink: /home/tarun_56/pc_ws/install/autobot/share/autobot/config/drive_bot.rviz
[0.191s] -- Up-to-date symlink: /home/tarun_56/pc_ws/install/autobot/share/autobot/config/empty.yaml
[0.191s] -- Up-to-date symlink: /home/tarun_56/pc_ws/install/autobot/share/autobot/config/gaz_ros2_ctl_use_sim.yaml
[0.191s] -- Up-to-date symlink: /home/tarun_56/pc_ws/install/autobot/share/autobot/config/gazebo_params.yaml
[0.191s] -- Up-to-date symlink: /home/tarun_56/pc_ws/install/autobot/share/autobot/config/joystick.yaml
[0.191s] -- Up-to-date symlink: /home/tarun_56/pc_ws/install/autobot/share/autobot/config/main.rviz
[0.192s] -- Up-to-date symlink: /home/tarun_56/pc_ws/install/autobot/share/autobot/config/map.rviz
[0.192s] -- Up-to-date symlink: /home/tarun_56/pc_ws/install/autobot/share/autobot/config/mapper_params_online_async.yaml
[0.192s] -- Up-to-date symlink: /home/tarun_56/pc_ws/install/autobot/share/autobot/config/my_controllers.yaml
[0.192s] -- Up-to-date symlink: /home/tarun_56/pc_ws/install/autobot/share/autobot/config/nav2_params.yaml
[0.192s] -- Up-to-date symlink: /home/tarun_56/pc_ws/install/autobot/share/autobot/config/twist_mux.yaml
[0.192s] -- Up-to-date symlink: /home/tarun_56/pc_ws/install/autobot/share/autobot/config/view_bot.rviz
[0.193s] -- Up-to-date symlink: /home/tarun_56/pc_ws/install/autobot/share/autobot/description/camera.xacro
[0.193s] -- Up-to-date symlink: /home/tarun_56/pc_ws/install/autobot/share/autobot/description/depth_camera.xacro
[0.193s] -- Up-to-date symlink: /home/tarun_56/pc_ws/install/autobot/share/autobot/description/face.xacro
[0.193s] -- Up-to-date symlink: /home/tarun_56/pc_ws/install/autobot/share/autobot/description/gazebo_control.xacro
[0.193s] -- Up-to-date symlink: /home/tarun_56/pc_ws/install/autobot/share/autobot/description/inertial_macros.xacro
[0.194s] -- Up-to-date symlink: /home/tarun_56/pc_ws/install/autobot/share/autobot/description/lidar.xacro
[0.194s] -- Up-to-date symlink: /home/tarun_56/pc_ws/install/autobot/share/autobot/description/robot.urdf.xacro
[0.194s] -- Up-to-date symlink: /home/tarun_56/pc_ws/install/autobot/share/autobot/description/robot_core.xacro
[0.194s] -- Up-to-date symlink: /home/tarun_56/pc_ws/install/autobot/share/autobot/description/ros2_control.xacro
[0.194s] -- Up-to-date symlink: /home/tarun_56/pc_ws/install/autobot/share/autobot/launch/ball_tracker.launch.py
[0.195s] -- Up-to-date symlink: /home/tarun_56/pc_ws/install/autobot/share/autobot/launch/camera.launch.py
[0.195s] -- Up-to-date symlink: /home/tarun_56/pc_ws/install/autobot/share/autobot/launch/joystick.launch.py
[0.195s] -- Up-to-date symlink: /home/tarun_56/pc_ws/install/autobot/share/autobot/launch/launch_robot.launch.py
[0.195s] -- Up-to-date symlink: /home/tarun_56/pc_ws/install/autobot/share/autobot/launch/launch_sim.launch.py
[0.195s] -- Up-to-date symlink: /home/tarun_56/pc_ws/install/autobot/share/autobot/launch/localization_launch.py
[0.195s] -- Up-to-date symlink: /home/tarun_56/pc_ws/install/autobot/share/autobot/launch/navigation_launch.py
[0.195s] -- Up-to-date symlink: /home/tarun_56/pc_ws/install/autobot/share/autobot/launch/online_async_launch.py
[0.196s] -- Up-to-date symlink: /home/tarun_56/pc_ws/install/autobot/share/autobot/launch/rplidar.launch.py
[0.196s] -- Up-to-date symlink: /home/tarun_56/pc_ws/install/autobot/share/autobot/launch/rsp.launch.py
[0.196s] -- Up-to-date symlink: /home/tarun_56/pc_ws/install/autobot/share/autobot/worlds/empty.world
[0.196s] -- Up-to-date symlink: /home/tarun_56/pc_ws/install/autobot/share/autobot/worlds/obstacles.world
[0.196s] -- Symlinking: /home/tarun_56/pc_ws/install/autobot/share/autobot/worlds/test.world
[0.208s] -- Up-to-date symlink: /home/tarun_56/pc_ws/install/autobot/share/ament_index/resource_index/package_run_dependencies/autobot
[0.208s] -- Up-to-date symlink: /home/tarun_56/pc_ws/install/autobot/share/ament_index/resource_index/parent_prefix_path/autobot
[0.208s] -- Up-to-date symlink: /home/tarun_56/pc_ws/install/autobot/share/autobot/environment/ament_prefix_path.sh
[0.208s] -- Up-to-date symlink: /home/tarun_56/pc_ws/install/autobot/share/autobot/environment/ament_prefix_path.dsv
[0.209s] -- Up-to-date symlink: /home/tarun_56/pc_ws/install/autobot/share/autobot/environment/path.sh
[0.209s] -- Up-to-date symlink: /home/tarun_56/pc_ws/install/autobot/share/autobot/environment/path.dsv
[0.209s] -- Up-to-date symlink: /home/tarun_56/pc_ws/install/autobot/share/autobot/local_setup.bash
[0.209s] -- Up-to-date symlink: /home/tarun_56/pc_ws/install/autobot/share/autobot/local_setup.sh
[0.210s] -- Up-to-date symlink: /home/tarun_56/pc_ws/install/autobot/share/autobot/local_setup.zsh
[0.210s] -- Up-to-date symlink: /home/tarun_56/pc_ws/install/autobot/share/autobot/local_setup.dsv
[0.210s] -- Symlinking: /home/tarun_56/pc_ws/install/autobot/share/autobot/package.dsv
[0.220s] -- Up-to-date symlink: /home/tarun_56/pc_ws/install/autobot/share/ament_index/resource_index/packages/autobot
[0.221s] -- Up-to-date symlink: /home/tarun_56/pc_ws/install/autobot/share/autobot/cmake/autobotConfig.cmake
[0.221s] -- Up-to-date symlink: /home/tarun_56/pc_ws/install/autobot/share/autobot/cmake/autobotConfig-version.cmake
[0.221s] -- Up-to-date symlink: /home/tarun_56/pc_ws/install/autobot/share/autobot/package.xml
[0.223s] Invoked command in '/home/tarun_56/pc_ws/build/autobot' returned '0': CMAKE_PREFIX_PATH=${CMAKE_PREFIX_PATH}:/opt/ros/humble /usr/bin/cmake --install /home/tarun_56/pc_ws/build/autobot
