[2.436s] DEBUG:colcon:Command line arguments: ['/usr/bin/colcon', 'build', '--symlink-install']
[2.436s] DEBUG:colcon:Parsed command line arguments: Namespace(log_base=None, log_level=None, verb_name='build', build_base='build', install_base='install', merge_install=False, symlink_install=True, test_result_base=None, continue_on_error=False, executor='parallel', parallel_workers=4, event_handlers=None, ignore_user_meta=False, metas=['./colcon.meta'], base_paths=['.'], packages_ignore=None, packages_ignore_regex=None, paths=None, packages_up_to=None, packages_up_to_regex=None, packages_above=None, packages_above_and_dependencies=None, packages_above_depth=None, packages_select_by_dep=None, packages_skip_by_dep=None, packages_skip_up_to=None, packages_select_build_failed=False, packages_skip_build_finished=False, packages_select_test_failures=False, packages_skip_test_passed=False, packages_select=None, packages_skip=None, packages_select_regex=None, packages_skip_regex=None, packages_start=None, packages_end=None, allow_overriding=[], cmake_args=None, cmake_target=None, cmake_target_skip_unavailable=False, cmake_clean_cache=False, cmake_clean_first=False, cmake_force_configure=False, ament_cmake_args=None, catkin_cmake_args=None, catkin_skip_building_tests=False, verb_parser=<colcon_defaults.argument_parser.defaults.DefaultArgumentsDecorator object at 0x7fb49195bd30>, verb_extension=<colcon_core.verb.build.BuildVerb object at 0x7fb491958400>, main=<bound method BuildVerb.main of <colcon_core.verb.build.BuildVerb object at 0x7fb491958400>>)
[2.549s] Level 1:colcon.colcon_core.package_discovery:discover_packages(colcon_meta) check parameters
[2.549s] Level 1:colcon.colcon_core.package_discovery:discover_packages(recursive) check parameters
[2.549s] Level 1:colcon.colcon_core.package_discovery:discover_packages(ignore) check parameters
[2.549s] Level 1:colcon.colcon_core.package_discovery:discover_packages(path) check parameters
[2.549s] Level 1:colcon.colcon_core.package_discovery:discover_packages(colcon_meta) discover
[2.550s] Level 1:colcon.colcon_core.package_discovery:discover_packages(recursive) discover
[2.550s] INFO:colcon.colcon_core.package_discovery:Crawling recursively for packages in '/home/tarun_56/pc_ws'
[2.550s] Level 1:colcon.colcon_core.package_identification:_identify(.) by extensions ['ignore', 'ignore_ament_install']
[2.550s] Level 1:colcon.colcon_core.package_identification:_identify(.) by extension 'ignore'
[2.550s] Level 1:colcon.colcon_core.package_identification:_identify(.) by extension 'ignore_ament_install'
[2.550s] Level 1:colcon.colcon_core.package_identification:_identify(.) by extensions ['colcon_pkg']
[2.551s] Level 1:colcon.colcon_core.package_identification:_identify(.) by extension 'colcon_pkg'
[2.551s] Level 1:colcon.colcon_core.package_identification:_identify(.) by extensions ['colcon_meta']
[2.551s] Level 1:colcon.colcon_core.package_identification:_identify(.) by extension 'colcon_meta'
[2.551s] Level 1:colcon.colcon_core.package_identification:_identify(.) by extensions ['ros']
[2.551s] Level 1:colcon.colcon_core.package_identification:_identify(.) by extension 'ros'
[2.576s] Level 1:colcon.colcon_core.package_identification:_identify(.) by extensions ['cmake', 'python']
[2.577s] Level 1:colcon.colcon_core.package_identification:_identify(.) by extension 'cmake'
[2.577s] Level 1:colcon.colcon_core.package_identification:_identify(.) by extension 'python'
[2.577s] Level 1:colcon.colcon_core.package_identification:_identify(.) by extensions ['python_setup_py']
[2.577s] Level 1:colcon.colcon_core.package_identification:_identify(.) by extension 'python_setup_py'
[2.577s] Level 1:colcon.colcon_core.package_identification:_identify(build) by extensions ['ignore', 'ignore_ament_install']
[2.578s] Level 1:colcon.colcon_core.package_identification:_identify(build) by extension 'ignore'
[2.578s] Level 1:colcon.colcon_core.package_identification:_identify(build) ignored
[2.578s] Level 1:colcon.colcon_core.package_identification:_identify(install) by extensions ['ignore', 'ignore_ament_install']
[2.578s] Level 1:colcon.colcon_core.package_identification:_identify(install) by extension 'ignore'
[2.578s] Level 1:colcon.colcon_core.package_identification:_identify(install) ignored
[2.579s] Level 1:colcon.colcon_core.package_identification:_identify(log) by extensions ['ignore', 'ignore_ament_install']
[2.579s] Level 1:colcon.colcon_core.package_identification:_identify(log) by extension 'ignore'
[2.579s] Level 1:colcon.colcon_core.package_identification:_identify(log) ignored
[2.579s] Level 1:colcon.colcon_core.package_identification:_identify(src) by extensions ['ignore', 'ignore_ament_install']
[2.580s] Level 1:colcon.colcon_core.package_identification:_identify(src) by extension 'ignore'
[2.580s] Level 1:colcon.colcon_core.package_identification:_identify(src) by extension 'ignore_ament_install'
[2.580s] Level 1:colcon.colcon_core.package_identification:_identify(src) by extensions ['colcon_pkg']
[2.580s] Level 1:colcon.colcon_core.package_identification:_identify(src) by extension 'colcon_pkg'
[2.580s] Level 1:colcon.colcon_core.package_identification:_identify(src) by extensions ['colcon_meta']
[2.580s] Level 1:colcon.colcon_core.package_identification:_identify(src) by extension 'colcon_meta'
[2.580s] Level 1:colcon.colcon_core.package_identification:_identify(src) by extensions ['ros']
[2.581s] Level 1:colcon.colcon_core.package_identification:_identify(src) by extension 'ros'
[2.581s] Level 1:colcon.colcon_core.package_identification:_identify(src) by extensions ['cmake', 'python']
[2.581s] Level 1:colcon.colcon_core.package_identification:_identify(src) by extension 'cmake'
[2.581s] Level 1:colcon.colcon_core.package_identification:_identify(src) by extension 'python'
[2.581s] Level 1:colcon.colcon_core.package_identification:_identify(src) by extensions ['python_setup_py']
[2.581s] Level 1:colcon.colcon_core.package_identification:_identify(src) by extension 'python_setup_py'
[2.582s] Level 1:colcon.colcon_core.package_identification:_identify(src/autobot) by extensions ['ignore', 'ignore_ament_install']
[2.582s] Level 1:colcon.colcon_core.package_identification:_identify(src/autobot) by extension 'ignore'
[2.583s] Level 1:colcon.colcon_core.package_identification:_identify(src/autobot) by extension 'ignore_ament_install'
[2.583s] Level 1:colcon.colcon_core.package_identification:_identify(src/autobot) by extensions ['colcon_pkg']
[2.583s] Level 1:colcon.colcon_core.package_identification:_identify(src/autobot) by extension 'colcon_pkg'
[2.583s] Level 1:colcon.colcon_core.package_identification:_identify(src/autobot) by extensions ['colcon_meta']
[2.583s] Level 1:colcon.colcon_core.package_identification:_identify(src/autobot) by extension 'colcon_meta'
[2.583s] Level 1:colcon.colcon_core.package_identification:_identify(src/autobot) by extensions ['ros']
[2.584s] Level 1:colcon.colcon_core.package_identification:_identify(src/autobot) by extension 'ros'
[2.588s] DEBUG:colcon.colcon_core.package_identification:Package 'src/autobot' with type 'ros.ament_cmake' and name 'autobot'
[2.588s] Level 1:colcon.colcon_core.package_discovery:discover_packages(recursive) using defaults
[2.588s] Level 1:colcon.colcon_core.package_discovery:discover_packages(ignore) discover
[2.588s] Level 1:colcon.colcon_core.package_discovery:discover_packages(ignore) using defaults
[2.588s] Level 1:colcon.colcon_core.package_discovery:discover_packages(path) discover
[2.589s] Level 1:colcon.colcon_core.package_discovery:discover_packages(path) using defaults
[2.807s] Level 1:colcon.colcon_core.package_discovery:discover_packages(prefix_path) check parameters
[2.809s] Level 1:colcon.colcon_core.package_discovery:discover_packages(prefix_path) discover
[2.889s] DEBUG:colcon.colcon_installed_package_information.package_discovery:Found 1 installed packages in /home/tarun_56/pc_ws/install
[2.935s] DEBUG:colcon.colcon_installed_package_information.package_discovery:Found 350 installed packages in /opt/ros/humble
[2.939s] Level 1:colcon.colcon_core.package_discovery:discover_packages(prefix_path) using defaults
[3.218s] Level 5:colcon.colcon_core.verb:set package 'autobot' build argument 'cmake_args' from command line to 'None'
[3.218s] Level 5:colcon.colcon_core.verb:set package 'autobot' build argument 'cmake_target' from command line to 'None'
[3.218s] Level 5:colcon.colcon_core.verb:set package 'autobot' build argument 'cmake_target_skip_unavailable' from command line to 'False'
[3.218s] Level 5:colcon.colcon_core.verb:set package 'autobot' build argument 'cmake_clean_cache' from command line to 'False'
[3.219s] Level 5:colcon.colcon_core.verb:set package 'autobot' build argument 'cmake_clean_first' from command line to 'False'
[3.219s] Level 5:colcon.colcon_core.verb:set package 'autobot' build argument 'cmake_force_configure' from command line to 'False'
[3.219s] Level 5:colcon.colcon_core.verb:set package 'autobot' build argument 'ament_cmake_args' from command line to 'None'
[3.219s] Level 5:colcon.colcon_core.verb:set package 'autobot' build argument 'catkin_cmake_args' from command line to 'None'
[3.219s] Level 5:colcon.colcon_core.verb:set package 'autobot' build argument 'catkin_skip_building_tests' from command line to 'False'
[3.219s] DEBUG:colcon.colcon_core.verb:Building package 'autobot' with the following arguments: {'ament_cmake_args': None, 'build_base': '/home/tarun_56/pc_ws/build/autobot', 'catkin_cmake_args': None, 'catkin_skip_building_tests': False, 'cmake_args': None, 'cmake_clean_cache': False, 'cmake_clean_first': False, 'cmake_force_configure': False, 'cmake_target': None, 'cmake_target_skip_unavailable': False, 'install_base': '/home/tarun_56/pc_ws/install/autobot', 'merge_install': False, 'path': '/home/tarun_56/pc_ws/src/autobot', 'symlink_install': True, 'test_result_base': None}
[3.259s] INFO:colcon.colcon_core.executor:Executing jobs using 'parallel' executor
[3.302s] DEBUG:colcon.colcon_parallel_executor.executor.parallel:run_until_complete
[3.303s] INFO:colcon.colcon_ros.task.ament_cmake.build:Building ROS package in '/home/tarun_56/pc_ws/src/autobot' with build type 'ament_cmake'
[3.303s] INFO:colcon.colcon_cmake.task.cmake.build:Building CMake package in '/home/tarun_56/pc_ws/src/autobot'
[3.342s] INFO:colcon.colcon_core.plugin_system:Skipping extension 'colcon_core.shell.bat': Not used on non-Windows systems
[3.343s] INFO:colcon.colcon_core.shell:Skip shell extension 'powershell' for command environment: Not usable outside of PowerShell
[3.343s] DEBUG:colcon.colcon_core.shell:Skip shell extension 'dsv' for command environment
[3.505s] DEBUG:colcon.colcon_core.event_handler.log_command:Invoking command in '/home/tarun_56/pc_ws/build/autobot': CMAKE_PREFIX_PATH=${CMAKE_PREFIX_PATH}:/opt/ros/humble /usr/bin/cmake --build /home/tarun_56/pc_ws/build/autobot -- -j4 -l4
[3.641s] DEBUG:colcon.colcon_core.event_handler.log_command:Invoked command in '/home/tarun_56/pc_ws/build/autobot' returned '0': CMAKE_PREFIX_PATH=${CMAKE_PREFIX_PATH}:/opt/ros/humble /usr/bin/cmake --build /home/tarun_56/pc_ws/build/autobot -- -j4 -l4
[3.749s] DEBUG:colcon.colcon_core.event_handler.log_command:Invoking command in '/home/tarun_56/pc_ws/build/autobot': CMAKE_PREFIX_PATH=${CMAKE_PREFIX_PATH}:/opt/ros/humble /usr/bin/cmake --install /home/tarun_56/pc_ws/build/autobot
[3.861s] Level 1:colcon.colcon_core.environment:create_environment_scripts_only(autobot)
[3.863s] DEBUG:colcon.colcon_core.event_handler.log_command:Invoked command in '/home/tarun_56/pc_ws/build/autobot' returned '0': CMAKE_PREFIX_PATH=${CMAKE_PREFIX_PATH}:/opt/ros/humble /usr/bin/cmake --install /home/tarun_56/pc_ws/build/autobot
[3.910s] Level 1:colcon.colcon_core.environment:checking '/home/tarun_56/pc_ws/install/autobot' for CMake module files
[3.911s] Level 1:colcon.colcon_core.environment:checking '/home/tarun_56/pc_ws/install/autobot' for CMake config files
[3.913s] Level 1:colcon.colcon_core.shell:create_environment_hook('autobot', 'cmake_prefix_path')
[3.957s] INFO:colcon.colcon_core.shell:Creating environment hook '/home/tarun_56/pc_ws/install/autobot/share/autobot/hook/cmake_prefix_path.ps1'
[3.959s] INFO:colcon.colcon_core.shell:Creating environment descriptor '/home/tarun_56/pc_ws/install/autobot/share/autobot/hook/cmake_prefix_path.dsv'
[3.961s] INFO:colcon.colcon_core.shell:Creating environment hook '/home/tarun_56/pc_ws/install/autobot/share/autobot/hook/cmake_prefix_path.sh'
[3.966s] Level 1:colcon.colcon_core.environment:checking '/home/tarun_56/pc_ws/install/autobot/bin'
[3.966s] Level 1:colcon.colcon_core.environment:checking '/home/tarun_56/pc_ws/install/autobot/lib/pkgconfig/autobot.pc'
[3.967s] Level 1:colcon.colcon_core.environment:checking '/home/tarun_56/pc_ws/install/autobot/lib/python3.10/site-packages'
[3.968s] Level 1:colcon.colcon_core.environment:checking '/home/tarun_56/pc_ws/install/autobot/bin'
[4.016s] INFO:colcon.colcon_core.shell:Creating package script '/home/tarun_56/pc_ws/install/autobot/share/autobot/package.ps1'
[4.019s] INFO:colcon.colcon_core.shell:Creating package descriptor '/home/tarun_56/pc_ws/install/autobot/share/autobot/package.dsv'
[4.022s] INFO:colcon.colcon_core.shell:Creating package script '/home/tarun_56/pc_ws/install/autobot/share/autobot/package.sh'
[4.025s] INFO:colcon.colcon_core.shell:Creating package script '/home/tarun_56/pc_ws/install/autobot/share/autobot/package.bash'
[4.030s] INFO:colcon.colcon_core.shell:Creating package script '/home/tarun_56/pc_ws/install/autobot/share/autobot/package.zsh'
[4.032s] Level 1:colcon.colcon_core.environment:create_file_with_runtime_dependencies(/home/tarun_56/pc_ws/install/autobot/share/colcon-core/packages/autobot)
[4.165s] Level 1:colcon.colcon_core.environment:create_environment_scripts_only(autobot)
[4.222s] Level 1:colcon.colcon_core.environment:checking '/home/tarun_56/pc_ws/install/autobot' for CMake module files
[4.223s] Level 1:colcon.colcon_core.environment:checking '/home/tarun_56/pc_ws/install/autobot' for CMake config files
[4.225s] Level 1:colcon.colcon_core.shell:create_environment_hook('autobot', 'cmake_prefix_path')
[4.290s] INFO:colcon.colcon_core.shell:Creating environment hook '/home/tarun_56/pc_ws/install/autobot/share/autobot/hook/cmake_prefix_path.ps1'
[4.293s] INFO:colcon.colcon_core.shell:Creating environment descriptor '/home/tarun_56/pc_ws/install/autobot/share/autobot/hook/cmake_prefix_path.dsv'
[4.294s] INFO:colcon.colcon_core.shell:Creating environment hook '/home/tarun_56/pc_ws/install/autobot/share/autobot/hook/cmake_prefix_path.sh'
[4.297s] Level 1:colcon.colcon_core.environment:checking '/home/tarun_56/pc_ws/install/autobot/bin'
[4.298s] Level 1:colcon.colcon_core.environment:checking '/home/tarun_56/pc_ws/install/autobot/lib/pkgconfig/autobot.pc'
[4.298s] Level 1:colcon.colcon_core.environment:checking '/home/tarun_56/pc_ws/install/autobot/lib/python3.10/site-packages'
[4.299s] Level 1:colcon.colcon_core.environment:checking '/home/tarun_56/pc_ws/install/autobot/bin'
[4.341s] INFO:colcon.colcon_core.shell:Creating package script '/home/tarun_56/pc_ws/install/autobot/share/autobot/package.ps1'
[4.343s] INFO:colcon.colcon_core.shell:Creating package descriptor '/home/tarun_56/pc_ws/install/autobot/share/autobot/package.dsv'
[4.345s] INFO:colcon.colcon_core.shell:Creating package script '/home/tarun_56/pc_ws/install/autobot/share/autobot/package.sh'
[4.347s] INFO:colcon.colcon_core.shell:Creating package script '/home/tarun_56/pc_ws/install/autobot/share/autobot/package.bash'
[4.349s] INFO:colcon.colcon_core.shell:Creating package script '/home/tarun_56/pc_ws/install/autobot/share/autobot/package.zsh'
[4.351s] Level 1:colcon.colcon_core.environment:create_file_with_runtime_dependencies(/home/tarun_56/pc_ws/install/autobot/share/colcon-core/packages/autobot)
[4.352s] DEBUG:colcon.colcon_parallel_executor.executor.parallel:closing loop
[4.356s] DEBUG:colcon.colcon_parallel_executor.executor.parallel:loop closed
[4.356s] DEBUG:colcon.colcon_parallel_executor.executor.parallel:run_until_complete finished with '0'
[4.357s] DEBUG:colcon.colcon_core.event_reactor:joining thread
[4.412s] INFO:colcon.colcon_core.plugin_system:Skipping extension 'colcon_notification.desktop_notification.terminal_notifier': Not used on non-Darwin systems
[4.413s] INFO:colcon.colcon_core.plugin_system:Skipping extension 'colcon_notification.desktop_notification.win32': Not used on non-Windows systems
[4.413s] INFO:colcon.colcon_notification.desktop_notification:Sending desktop notification using 'notify2'
[4.448s] DEBUG:colcon.colcon_core.event_reactor:joined thread
[4.491s] INFO:colcon.colcon_core.shell:Creating prefix script '/home/tarun_56/pc_ws/install/local_setup.ps1'
[4.495s] INFO:colcon.colcon_core.shell:Creating prefix util module '/home/tarun_56/pc_ws/install/_local_setup_util_ps1.py'
[4.499s] INFO:colcon.colcon_core.shell:Creating prefix chain script '/home/tarun_56/pc_ws/install/setup.ps1'
[4.545s] INFO:colcon.colcon_core.shell:Creating prefix script '/home/tarun_56/pc_ws/install/local_setup.sh'
[4.547s] INFO:colcon.colcon_core.shell:Creating prefix util module '/home/tarun_56/pc_ws/install/_local_setup_util_sh.py'
[4.549s] INFO:colcon.colcon_core.shell:Creating prefix chain script '/home/tarun_56/pc_ws/install/setup.sh'
[4.596s] INFO:colcon.colcon_core.shell:Creating prefix script '/home/tarun_56/pc_ws/install/local_setup.bash'
[4.598s] INFO:colcon.colcon_core.shell:Creating prefix chain script '/home/tarun_56/pc_ws/install/setup.bash'
[4.651s] INFO:colcon.colcon_core.shell:Creating prefix script '/home/tarun_56/pc_ws/install/local_setup.zsh'
[4.653s] INFO:colcon.colcon_core.shell:Creating prefix chain script '/home/tarun_56/pc_ws/install/setup.zsh'
