[0.171s] Invoking command in '/home/tarun_56/pc_ws/build/autobot': CMAKE_PREFIX_PATH=${CMAKE_PREFIX_PATH}:/opt/ros/humble /usr/bin/cmake --build /home/tarun_56/pc_ws/build/autobot -- -j4 -l4
[0.228s] -- Found ament_cmake: 1.3.6 (/opt/ros/humble/share/ament_cmake/cmake)
[0.509s] -- Override CMake install command with custom implementation using symlinks instead of copying resources
[0.530s] -- Found ament_lint_auto: 0.12.9 (/opt/ros/humble/share/ament_lint_auto/cmake)
[0.682s] -- Added test 'copyright' to check source files copyright and LICENSE
[0.708s] -- Added test 'flake8' to check Python code syntax and style conventions
[0.711s] -- Added test 'lint_cmake' to check CMake code style
[0.714s] -- Added test 'pep257' to check Python code against some of the docstring style conventions in PEP 257
[0.728s] -- Added test 'xmllint' to check XML markup files
[0.732s] -- Configuring done
[0.742s] -- Generating done
[0.747s] -- Build files have been written to: /home/tarun_56/pc_ws/build/autobot
[0.805s] Invoked command in '/home/tarun_56/pc_ws/build/autobot' returned '0': CMAKE_PREFIX_PATH=${CMAKE_PREFIX_PATH}:/opt/ros/humble /usr/bin/cmake --build /home/tarun_56/pc_ws/build/autobot -- -j4 -l4
[0.884s] Invoking command in '/home/tarun_56/pc_ws/build/autobot': CMAKE_PREFIX_PATH=${CMAKE_PREFIX_PATH}:/opt/ros/humble /usr/bin/cmake --install /home/tarun_56/pc_ws/build/autobot
[0.902s] -- Install configuration: ""
[0.903s] -- Execute custom install script
[0.905s] -- Symlinking: /home/tarun_56/pc_ws/install/autobot/share/autobot/config/ball_tracker_params_robot.yaml
[0.931s] -- Symlinking: /home/tarun_56/pc_ws/install/autobot/share/autobot/config/ball_tracker_params_sim.yaml
[0.963s] -- Symlinking: /home/tarun_56/pc_ws/install/autobot/share/autobot/config/drive_bot.rviz
[0.985s] -- Up-to-date symlink: /home/tarun_56/pc_ws/install/autobot/share/autobot/config/empty.yaml
[0.985s] -- Symlinking: /home/tarun_56/pc_ws/install/autobot/share/autobot/config/gaz_ros2_ctl_use_sim.yaml
[1.008s] -- Symlinking: /home/tarun_56/pc_ws/install/autobot/share/autobot/config/gazebo_params.yaml
[1.031s] -- Symlinking: /home/tarun_56/pc_ws/install/autobot/share/autobot/config/joystick.yaml
[1.058s] -- Symlinking: /home/tarun_56/pc_ws/install/autobot/share/autobot/config/main.rviz
[1.080s] -- Symlinking: /home/tarun_56/pc_ws/install/autobot/share/autobot/config/map.rviz
[1.102s] -- Symlinking: /home/tarun_56/pc_ws/install/autobot/share/autobot/config/mapper_params_online_async.yaml
[1.123s] -- Symlinking: /home/tarun_56/pc_ws/install/autobot/share/autobot/config/my_controllers.yaml
[1.146s] -- Symlinking: /home/tarun_56/pc_ws/install/autobot/share/autobot/config/nav2_params.yaml
[1.169s] -- Symlinking: /home/tarun_56/pc_ws/install/autobot/share/autobot/config/twist_mux.yaml
[1.190s] -- Symlinking: /home/tarun_56/pc_ws/install/autobot/share/autobot/config/view_bot.rviz
[1.212s] -- Symlinking: /home/tarun_56/pc_ws/install/autobot/share/autobot/description/camera.xacro
[1.237s] -- Symlinking: /home/tarun_56/pc_ws/install/autobot/share/autobot/description/depth_camera.xacro
[1.262s] -- Symlinking: /home/tarun_56/pc_ws/install/autobot/share/autobot/description/face.xacro
[1.284s] -- Symlinking: /home/tarun_56/pc_ws/install/autobot/share/autobot/description/gazebo_control.xacro
[1.306s] -- Symlinking: /home/tarun_56/pc_ws/install/autobot/share/autobot/description/inertial_macros.xacro
[1.329s] -- Symlinking: /home/tarun_56/pc_ws/install/autobot/share/autobot/description/lidar.xacro
[1.360s] -- Up-to-date symlink: /home/tarun_56/pc_ws/install/autobot/share/autobot/description/robot.urdf.xacro
[1.360s] -- Symlinking: /home/tarun_56/pc_ws/install/autobot/share/autobot/description/robot_core.xacro
[1.384s] -- Symlinking: /home/tarun_56/pc_ws/install/autobot/share/autobot/description/ros2_control.xacro
[1.407s] -- Symlinking: /home/tarun_56/pc_ws/install/autobot/share/autobot/launch/ball_tracker.launch.py
[1.433s] -- Symlinking: /home/tarun_56/pc_ws/install/autobot/share/autobot/launch/camera.launch.py
[1.471s] -- Symlinking: /home/tarun_56/pc_ws/install/autobot/share/autobot/launch/joystick.launch.py
[1.495s] -- Symlinking: /home/tarun_56/pc_ws/install/autobot/share/autobot/launch/launch_robot.launch.py
[1.518s] -- Symlinking: /home/tarun_56/pc_ws/install/autobot/share/autobot/launch/launch_sim.launch.py
[1.545s] -- Symlinking: /home/tarun_56/pc_ws/install/autobot/share/autobot/launch/localization_launch.py
[1.574s] -- Symlinking: /home/tarun_56/pc_ws/install/autobot/share/autobot/launch/navigation_launch.py
[1.598s] -- Symlinking: /home/tarun_56/pc_ws/install/autobot/share/autobot/launch/online_async_launch.py
[1.624s] -- Symlinking: /home/tarun_56/pc_ws/install/autobot/share/autobot/launch/rplidar.launch.py
[1.649s] -- Up-to-date symlink: /home/tarun_56/pc_ws/install/autobot/share/autobot/launch/rsp.launch.py
[1.650s] -- Up-to-date symlink: /home/tarun_56/pc_ws/install/autobot/share/autobot/worlds/empty.world
[1.650s] -- Symlinking: /home/tarun_56/pc_ws/install/autobot/share/autobot/worlds/obstacles.world
[1.674s] -- Up-to-date symlink: /home/tarun_56/pc_ws/install/autobot/share/ament_index/resource_index/package_run_dependencies/autobot
[1.675s] -- Up-to-date symlink: /home/tarun_56/pc_ws/install/autobot/share/ament_index/resource_index/parent_prefix_path/autobot
[1.675s] -- Up-to-date symlink: /home/tarun_56/pc_ws/install/autobot/share/autobot/environment/ament_prefix_path.sh
[1.676s] -- Up-to-date symlink: /home/tarun_56/pc_ws/install/autobot/share/autobot/environment/ament_prefix_path.dsv
[1.677s] -- Up-to-date symlink: /home/tarun_56/pc_ws/install/autobot/share/autobot/environment/path.sh
[1.677s] -- Up-to-date symlink: /home/tarun_56/pc_ws/install/autobot/share/autobot/environment/path.dsv
[1.678s] -- Up-to-date symlink: /home/tarun_56/pc_ws/install/autobot/share/autobot/local_setup.bash
[1.678s] -- Up-to-date symlink: /home/tarun_56/pc_ws/install/autobot/share/autobot/local_setup.sh
[1.679s] -- Up-to-date symlink: /home/tarun_56/pc_ws/install/autobot/share/autobot/local_setup.zsh
[1.679s] -- Up-to-date symlink: /home/tarun_56/pc_ws/install/autobot/share/autobot/local_setup.dsv
[1.679s] -- Symlinking: /home/tarun_56/pc_ws/install/autobot/share/autobot/package.dsv
[1.706s] -- Up-to-date symlink: /home/tarun_56/pc_ws/install/autobot/share/ament_index/resource_index/packages/autobot
[1.706s] -- Up-to-date symlink: /home/tarun_56/pc_ws/install/autobot/share/autobot/cmake/autobotConfig.cmake
[1.710s] -- Up-to-date symlink: /home/tarun_56/pc_ws/install/autobot/share/autobot/cmake/autobotConfig-version.cmake
[1.711s] -- Up-to-date symlink: /home/tarun_56/pc_ws/install/autobot/share/autobot/package.xml
[1.714s] Invoked command in '/home/tarun_56/pc_ws/build/autobot' returned '0': CMAKE_PREFIX_PATH=${CMAKE_PREFIX_PATH}:/opt/ros/humble /usr/bin/cmake --install /home/tarun_56/pc_ws/build/autobot
