[0.170s] Invoking command in '/home/tarun_56/pc_ws/build/autobot': CMAKE_PREFIX_PATH=${CMAKE_PREFIX_PATH}:/opt/ros/humble /usr/bin/cmake /home/tarun_56/pc_ws/src/autobot -DAMENT_CMAKE_SYMLINK_INSTALL=1 -DCMAKE_INSTALL_PREFIX=/home/tarun_56/pc_ws/install/autobot
[0.333s] -- The C compiler identification is GNU 11.4.0
[0.487s] -- The CXX compiler identification is GNU 11.4.0
[0.504s] -- Detecting C compiler ABI info
[0.701s] -- Detecting C compiler ABI info - done
[0.717s] -- Check for working C compiler: /usr/bin/cc - skipped
[0.718s] -- Detecting C compile features
[0.718s] -- Detecting C compile features - done
[0.725s] -- Detecting CXX compiler ABI info
[0.945s] -- Detecting CXX compiler ABI info - done
[0.961s] -- Check for working CXX compiler: /usr/bin/c++ - skipped
[0.961s] -- Detecting CXX compile features
[0.962s] -- Detecting CXX compile features - done
[0.975s] -- Found ament_cmake: 1.3.6 (/opt/ros/humble/share/ament_cmake/cmake)
[1.335s] -- Found Python3: /usr/bin/python3.10 (found version "3.10.12") found components: Interpreter 
[1.469s] -- Override CMake install command with custom implementation using symlinks instead of copying resources
[1.548s] -- Found ament_lint_auto: 0.12.9 (/opt/ros/humble/share/ament_lint_auto/cmake)
[1.747s] -- Added test 'copyright' to check source files copyright and LICENSE
[1.776s] -- Added test 'flake8' to check Python code syntax and style conventions
[1.780s] -- Added test 'lint_cmake' to check CMake code style
[1.783s] -- Added test 'pep257' to check Python code against some of the docstring style conventions in PEP 257
[1.797s] -- Added test 'xmllint' to check XML markup files
[1.801s] -- Configuring done
[1.810s] -- Generating done
[1.813s] -- Build files have been written to: /home/tarun_56/pc_ws/build/autobot
[1.824s] Invoked command in '/home/tarun_56/pc_ws/build/autobot' returned '0': CMAKE_PREFIX_PATH=${CMAKE_PREFIX_PATH}:/opt/ros/humble /usr/bin/cmake /home/tarun_56/pc_ws/src/autobot -DAMENT_CMAKE_SYMLINK_INSTALL=1 -DCMAKE_INSTALL_PREFIX=/home/tarun_56/pc_ws/install/autobot
[1.828s] Invoking command in '/home/tarun_56/pc_ws/build/autobot': CMAKE_PREFIX_PATH=${CMAKE_PREFIX_PATH}:/opt/ros/humble /usr/bin/cmake --build /home/tarun_56/pc_ws/build/autobot -- -j4 -l4
[1.935s] Invoked command in '/home/tarun_56/pc_ws/build/autobot' returned '0': CMAKE_PREFIX_PATH=${CMAKE_PREFIX_PATH}:/opt/ros/humble /usr/bin/cmake --build /home/tarun_56/pc_ws/build/autobot -- -j4 -l4
[2.026s] Invoking command in '/home/tarun_56/pc_ws/build/autobot': CMAKE_PREFIX_PATH=${CMAKE_PREFIX_PATH}:/opt/ros/humble /usr/bin/cmake --install /home/tarun_56/pc_ws/build/autobot
[2.045s] -- Install configuration: ""
[2.046s] -- Execute custom install script
[2.050s] -- Symlinking: /home/tarun_56/pc_ws/install/autobot/share/autobot/config/ball_tracker_params_robot.yaml
[2.074s] -- Symlinking: /home/tarun_56/pc_ws/install/autobot/share/autobot/config/ball_tracker_params_sim.yaml
[2.095s] -- Symlinking: /home/tarun_56/pc_ws/install/autobot/share/autobot/config/drive_bot.rviz
[2.117s] -- Symlinking: /home/tarun_56/pc_ws/install/autobot/share/autobot/config/empty.yaml
[2.141s] -- Symlinking: /home/tarun_56/pc_ws/install/autobot/share/autobot/config/gaz_ros2_ctl_use_sim.yaml
[2.164s] -- Symlinking: /home/tarun_56/pc_ws/install/autobot/share/autobot/config/gazebo_params.yaml
[2.187s] -- Symlinking: /home/tarun_56/pc_ws/install/autobot/share/autobot/config/joystick.yaml
[2.209s] -- Symlinking: /home/tarun_56/pc_ws/install/autobot/share/autobot/config/main.rviz
[2.230s] -- Symlinking: /home/tarun_56/pc_ws/install/autobot/share/autobot/config/map.rviz
[2.253s] -- Symlinking: /home/tarun_56/pc_ws/install/autobot/share/autobot/config/mapper_params_online_async.yaml
[2.275s] -- Symlinking: /home/tarun_56/pc_ws/install/autobot/share/autobot/config/my_controllers.yaml
[2.298s] -- Symlinking: /home/tarun_56/pc_ws/install/autobot/share/autobot/config/nav2_params.yaml
[2.320s] -- Symlinking: /home/tarun_56/pc_ws/install/autobot/share/autobot/config/twist_mux.yaml
[2.342s] -- Symlinking: /home/tarun_56/pc_ws/install/autobot/share/autobot/config/view_bot.rviz
[2.367s] -- Symlinking: /home/tarun_56/pc_ws/install/autobot/share/autobot/description/camera.xacro
[2.390s] -- Symlinking: /home/tarun_56/pc_ws/install/autobot/share/autobot/description/depth_camera.xacro
[2.412s] -- Symlinking: /home/tarun_56/pc_ws/install/autobot/share/autobot/description/face.xacro
[2.439s] -- Symlinking: /home/tarun_56/pc_ws/install/autobot/share/autobot/description/gazebo_control.xacro
[2.467s] -- Symlinking: /home/tarun_56/pc_ws/install/autobot/share/autobot/description/inertial_macros.xacro
[2.491s] -- Symlinking: /home/tarun_56/pc_ws/install/autobot/share/autobot/description/lidar.xacro
[2.513s] -- Symlinking: /home/tarun_56/pc_ws/install/autobot/share/autobot/description/robot.urdf.xacro
[2.535s] -- Symlinking: /home/tarun_56/pc_ws/install/autobot/share/autobot/description/robot_core.xacro
[2.558s] -- Symlinking: /home/tarun_56/pc_ws/install/autobot/share/autobot/description/ros2_control.xacro
[2.587s] -- Symlinking: /home/tarun_56/pc_ws/install/autobot/share/autobot/launch/ball_tracker.launch.py
[2.609s] -- Symlinking: /home/tarun_56/pc_ws/install/autobot/share/autobot/launch/camera.launch.py
[2.632s] -- Symlinking: /home/tarun_56/pc_ws/install/autobot/share/autobot/launch/joystick.launch.py
[2.658s] -- Symlinking: /home/tarun_56/pc_ws/install/autobot/share/autobot/launch/launch_robot.launch.py
[2.683s] -- Symlinking: /home/tarun_56/pc_ws/install/autobot/share/autobot/launch/launch_sim.launch.py
[2.707s] -- Symlinking: /home/tarun_56/pc_ws/install/autobot/share/autobot/launch/localization_launch.py
[2.729s] -- Symlinking: /home/tarun_56/pc_ws/install/autobot/share/autobot/launch/navigation_launch.py
[2.751s] -- Symlinking: /home/tarun_56/pc_ws/install/autobot/share/autobot/launch/online_async_launch.py
[2.777s] -- Symlinking: /home/tarun_56/pc_ws/install/autobot/share/autobot/launch/rplidar.launch.py
[2.800s] -- Symlinking: /home/tarun_56/pc_ws/install/autobot/share/autobot/launch/rsp.launch.py
[2.824s] -- Symlinking: /home/tarun_56/pc_ws/install/autobot/share/autobot/worlds/empty.world
[2.845s] -- Symlinking: /home/tarun_56/pc_ws/install/autobot/share/autobot/worlds/obstacles.world
[2.871s] -- Symlinking: /home/tarun_56/pc_ws/install/autobot/share/ament_index/resource_index/package_run_dependencies/autobot
[2.895s] -- Symlinking: /home/tarun_56/pc_ws/install/autobot/share/ament_index/resource_index/parent_prefix_path/autobot
[2.918s] -- Symlinking: /home/tarun_56/pc_ws/install/autobot/share/autobot/environment/ament_prefix_path.sh
[2.941s] -- Symlinking: /home/tarun_56/pc_ws/install/autobot/share/autobot/environment/ament_prefix_path.dsv
[2.965s] -- Symlinking: /home/tarun_56/pc_ws/install/autobot/share/autobot/environment/path.sh
[2.990s] -- Symlinking: /home/tarun_56/pc_ws/install/autobot/share/autobot/environment/path.dsv
[3.015s] -- Symlinking: /home/tarun_56/pc_ws/install/autobot/share/autobot/local_setup.bash
[3.039s] -- Symlinking: /home/tarun_56/pc_ws/install/autobot/share/autobot/local_setup.sh
[3.064s] -- Symlinking: /home/tarun_56/pc_ws/install/autobot/share/autobot/local_setup.zsh
[3.097s] -- Symlinking: /home/tarun_56/pc_ws/install/autobot/share/autobot/local_setup.dsv
[3.124s] -- Symlinking: /home/tarun_56/pc_ws/install/autobot/share/autobot/package.dsv
[3.151s] -- Symlinking: /home/tarun_56/pc_ws/install/autobot/share/ament_index/resource_index/packages/autobot
[3.174s] -- Symlinking: /home/tarun_56/pc_ws/install/autobot/share/autobot/cmake/autobotConfig.cmake
[3.198s] -- Symlinking: /home/tarun_56/pc_ws/install/autobot/share/autobot/cmake/autobotConfig-version.cmake
[3.219s] -- Symlinking: /home/tarun_56/pc_ws/install/autobot/share/autobot/package.xml
[3.249s] Invoked command in '/home/tarun_56/pc_ws/build/autobot' returned '0': CMAKE_PREFIX_PATH=${CMAKE_PREFIX_PATH}:/opt/ros/humble /usr/bin/cmake --install /home/tarun_56/pc_ws/build/autobot
