[0.124s] DEBUG:colcon:Command line arguments: ['/usr/bin/colcon', 'build']
[0.124s] DEBUG:colcon:Parsed command line arguments: Namespace(log_base=None, log_level=None, verb_name='build', build_base='build', install_base='install', merge_install=False, symlink_install=False, test_result_base=None, continue_on_error=False, executor='parallel', parallel_workers=4, event_handlers=None, ignore_user_meta=False, metas=['./colcon.meta'], base_paths=['.'], packages_ignore=None, packages_ignore_regex=None, paths=None, packages_up_to=None, packages_up_to_regex=None, packages_above=None, packages_above_and_dependencies=None, packages_above_depth=None, packages_select_by_dep=None, packages_skip_by_dep=None, packages_skip_up_to=None, packages_select_build_failed=False, packages_skip_build_finished=False, packages_select_test_failures=False, packages_skip_test_passed=False, packages_select=None, packages_skip=None, packages_select_regex=None, packages_skip_regex=None, packages_start=None, packages_end=None, allow_overriding=[], cmake_args=None, cmake_target=None, cmake_target_skip_unavailable=False, cmake_clean_cache=False, cmake_clean_first=False, cmake_force_configure=False, ament_cmake_args=None, catkin_cmake_args=None, catkin_skip_building_tests=False, verb_parser=<colcon_defaults.argument_parser.defaults.DefaultArgumentsDecorator object at 0x79e3cfa54ac0>, verb_extension=<colcon_core.verb.build.BuildVerb object at 0x79e3cfa54040>, main=<bound method BuildVerb.main of <colcon_core.verb.build.BuildVerb object at 0x79e3cfa54040>>)
[0.332s] Level 1:colcon.colcon_core.package_discovery:discover_packages(colcon_meta) check parameters
[0.332s] Level 1:colcon.colcon_core.package_discovery:discover_packages(recursive) check parameters
[0.332s] Level 1:colcon.colcon_core.package_discovery:discover_packages(ignore) check parameters
[0.332s] Level 1:colcon.colcon_core.package_discovery:discover_packages(path) check parameters
[0.332s] Level 1:colcon.colcon_core.package_discovery:discover_packages(colcon_meta) discover
[0.332s] Level 1:colcon.colcon_core.package_discovery:discover_packages(recursive) discover
[0.332s] INFO:colcon.colcon_core.package_discovery:Crawling recursively for packages in '/home/tarun_56/pc_ws'
[0.332s] Level 1:colcon.colcon_core.package_identification:_identify(.) by extensions ['ignore', 'ignore_ament_install']
[0.333s] Level 1:colcon.colcon_core.package_identification:_identify(.) by extension 'ignore'
[0.333s] Level 1:colcon.colcon_core.package_identification:_identify(.) by extension 'ignore_ament_install'
[0.333s] Level 1:colcon.colcon_core.package_identification:_identify(.) by extensions ['colcon_pkg']
[0.333s] Level 1:colcon.colcon_core.package_identification:_identify(.) by extension 'colcon_pkg'
[0.333s] Level 1:colcon.colcon_core.package_identification:_identify(.) by extensions ['colcon_meta']
[0.333s] Level 1:colcon.colcon_core.package_identification:_identify(.) by extension 'colcon_meta'
[0.333s] Level 1:colcon.colcon_core.package_identification:_identify(.) by extensions ['ros']
[0.333s] Level 1:colcon.colcon_core.package_identification:_identify(.) by extension 'ros'
[0.342s] Level 1:colcon.colcon_core.package_identification:_identify(.) by extensions ['cmake', 'python']
[0.343s] Level 1:colcon.colcon_core.package_identification:_identify(.) by extension 'cmake'
[0.343s] Level 1:colcon.colcon_core.package_identification:_identify(.) by extension 'python'
[0.343s] Level 1:colcon.colcon_core.package_identification:_identify(.) by extensions ['python_setup_py']
[0.343s] Level 1:colcon.colcon_core.package_identification:_identify(.) by extension 'python_setup_py'
[0.343s] Level 1:colcon.colcon_core.package_identification:_identify(build) by extensions ['ignore', 'ignore_ament_install']
[0.343s] Level 1:colcon.colcon_core.package_identification:_identify(build) by extension 'ignore'
[0.343s] Level 1:colcon.colcon_core.package_identification:_identify(build) ignored
[0.343s] Level 1:colcon.colcon_core.package_identification:_identify(install) by extensions ['ignore', 'ignore_ament_install']
[0.343s] Level 1:colcon.colcon_core.package_identification:_identify(install) by extension 'ignore'
[0.344s] Level 1:colcon.colcon_core.package_identification:_identify(install) ignored
[0.344s] Level 1:colcon.colcon_core.package_identification:_identify(log) by extensions ['ignore', 'ignore_ament_install']
[0.344s] Level 1:colcon.colcon_core.package_identification:_identify(log) by extension 'ignore'
[0.344s] Level 1:colcon.colcon_core.package_identification:_identify(log) ignored
[0.344s] Level 1:colcon.colcon_core.package_identification:_identify(src) by extensions ['ignore', 'ignore_ament_install']
[0.344s] Level 1:colcon.colcon_core.package_identification:_identify(src) by extension 'ignore'
[0.344s] Level 1:colcon.colcon_core.package_identification:_identify(src) by extension 'ignore_ament_install'
[0.344s] Level 1:colcon.colcon_core.package_identification:_identify(src) by extensions ['colcon_pkg']
[0.344s] Level 1:colcon.colcon_core.package_identification:_identify(src) by extension 'colcon_pkg'
[0.344s] Level 1:colcon.colcon_core.package_identification:_identify(src) by extensions ['colcon_meta']
[0.344s] Level 1:colcon.colcon_core.package_identification:_identify(src) by extension 'colcon_meta'
[0.344s] Level 1:colcon.colcon_core.package_identification:_identify(src) by extensions ['ros']
[0.345s] Level 1:colcon.colcon_core.package_identification:_identify(src) by extension 'ros'
[0.345s] Level 1:colcon.colcon_core.package_identification:_identify(src) by extensions ['cmake', 'python']
[0.345s] Level 1:colcon.colcon_core.package_identification:_identify(src) by extension 'cmake'
[0.345s] Level 1:colcon.colcon_core.package_identification:_identify(src) by extension 'python'
[0.345s] Level 1:colcon.colcon_core.package_identification:_identify(src) by extensions ['python_setup_py']
[0.345s] Level 1:colcon.colcon_core.package_identification:_identify(src) by extension 'python_setup_py'
[0.345s] Level 1:colcon.colcon_core.package_identification:_identify(src/autobot) by extensions ['ignore', 'ignore_ament_install']
[0.345s] Level 1:colcon.colcon_core.package_identification:_identify(src/autobot) by extension 'ignore'
[0.345s] Level 1:colcon.colcon_core.package_identification:_identify(src/autobot) by extension 'ignore_ament_install'
[0.345s] Level 1:colcon.colcon_core.package_identification:_identify(src/autobot) by extensions ['colcon_pkg']
[0.345s] Level 1:colcon.colcon_core.package_identification:_identify(src/autobot) by extension 'colcon_pkg'
[0.345s] Level 1:colcon.colcon_core.package_identification:_identify(src/autobot) by extensions ['colcon_meta']
[0.345s] Level 1:colcon.colcon_core.package_identification:_identify(src/autobot) by extension 'colcon_meta'
[0.345s] Level 1:colcon.colcon_core.package_identification:_identify(src/autobot) by extensions ['ros']
[0.345s] Level 1:colcon.colcon_core.package_identification:_identify(src/autobot) by extension 'ros'
[0.347s] DEBUG:colcon.colcon_core.package_identification:Package 'src/autobot' with type 'ros.ament_cmake' and name 'autobot'
[0.347s] Level 1:colcon.colcon_core.package_identification:_identify(src/ball_tracker) by extensions ['ignore', 'ignore_ament_install']
[0.347s] Level 1:colcon.colcon_core.package_identification:_identify(src/ball_tracker) by extension 'ignore'
[0.348s] Level 1:colcon.colcon_core.package_identification:_identify(src/ball_tracker) by extension 'ignore_ament_install'
[0.348s] Level 1:colcon.colcon_core.package_identification:_identify(src/ball_tracker) by extensions ['colcon_pkg']
[0.348s] Level 1:colcon.colcon_core.package_identification:_identify(src/ball_tracker) by extension 'colcon_pkg'
[0.348s] Level 1:colcon.colcon_core.package_identification:_identify(src/ball_tracker) by extensions ['colcon_meta']
[0.348s] Level 1:colcon.colcon_core.package_identification:_identify(src/ball_tracker) by extension 'colcon_meta'
[0.348s] Level 1:colcon.colcon_core.package_identification:_identify(src/ball_tracker) by extensions ['ros']
[0.348s] Level 1:colcon.colcon_core.package_identification:_identify(src/ball_tracker) by extension 'ros'
[0.349s] DEBUG:colcon.colcon_core.package_identification:Package 'src/ball_tracker' with type 'ros.ament_python' and name 'ball_tracker'
[0.349s] Level 1:colcon.colcon_core.package_identification:_identify(src/follow_waypoints) by extensions ['ignore', 'ignore_ament_install']
[0.349s] Level 1:colcon.colcon_core.package_identification:_identify(src/follow_waypoints) by extension 'ignore'
[0.349s] Level 1:colcon.colcon_core.package_identification:_identify(src/follow_waypoints) by extension 'ignore_ament_install'
[0.350s] Level 1:colcon.colcon_core.package_identification:_identify(src/follow_waypoints) by extensions ['colcon_pkg']
[0.350s] Level 1:colcon.colcon_core.package_identification:_identify(src/follow_waypoints) by extension 'colcon_pkg'
[0.350s] Level 1:colcon.colcon_core.package_identification:_identify(src/follow_waypoints) by extensions ['colcon_meta']
[0.350s] Level 1:colcon.colcon_core.package_identification:_identify(src/follow_waypoints) by extension 'colcon_meta'
[0.350s] Level 1:colcon.colcon_core.package_identification:_identify(src/follow_waypoints) by extensions ['ros']
[0.350s] Level 1:colcon.colcon_core.package_identification:_identify(src/follow_waypoints) by extension 'ros'
[0.350s] DEBUG:colcon.colcon_core.package_identification:Package 'src/follow_waypoints' with type 'ros.ament_python' and name 'follow_waypoints'
[0.350s] Level 1:colcon.colcon_core.package_discovery:discover_packages(recursive) using defaults
[0.350s] Level 1:colcon.colcon_core.package_discovery:discover_packages(ignore) discover
[0.350s] Level 1:colcon.colcon_core.package_discovery:discover_packages(ignore) using defaults
[0.350s] Level 1:colcon.colcon_core.package_discovery:discover_packages(path) discover
[0.350s] Level 1:colcon.colcon_core.package_discovery:discover_packages(path) using defaults
[0.379s] Level 1:colcon.colcon_core.package_discovery:discover_packages(prefix_path) check parameters
[0.379s] Level 1:colcon.colcon_core.package_discovery:discover_packages(prefix_path) discover
[0.385s] DEBUG:colcon.colcon_installed_package_information.package_discovery:Found 354 installed packages in /opt/ros/humble
[0.386s] Level 1:colcon.colcon_core.package_discovery:discover_packages(prefix_path) using defaults
[0.427s] Level 5:colcon.colcon_core.verb:set package 'autobot' build argument 'cmake_args' from command line to 'None'
[0.428s] Level 5:colcon.colcon_core.verb:set package 'autobot' build argument 'cmake_target' from command line to 'None'
[0.428s] Level 5:colcon.colcon_core.verb:set package 'autobot' build argument 'cmake_target_skip_unavailable' from command line to 'False'
[0.428s] Level 5:colcon.colcon_core.verb:set package 'autobot' build argument 'cmake_clean_cache' from command line to 'False'
[0.428s] Level 5:colcon.colcon_core.verb:set package 'autobot' build argument 'cmake_clean_first' from command line to 'False'
[0.428s] Level 5:colcon.colcon_core.verb:set package 'autobot' build argument 'cmake_force_configure' from command line to 'False'
[0.428s] Level 5:colcon.colcon_core.verb:set package 'autobot' build argument 'ament_cmake_args' from command line to 'None'
[0.428s] Level 5:colcon.colcon_core.verb:set package 'autobot' build argument 'catkin_cmake_args' from command line to 'None'
[0.428s] Level 5:colcon.colcon_core.verb:set package 'autobot' build argument 'catkin_skip_building_tests' from command line to 'False'
[0.428s] DEBUG:colcon.colcon_core.verb:Building package 'autobot' with the following arguments: {'ament_cmake_args': None, 'build_base': '/home/tarun_56/pc_ws/build/autobot', 'catkin_cmake_args': None, 'catkin_skip_building_tests': False, 'cmake_args': None, 'cmake_clean_cache': False, 'cmake_clean_first': False, 'cmake_force_configure': False, 'cmake_target': None, 'cmake_target_skip_unavailable': False, 'install_base': '/home/tarun_56/pc_ws/install/autobot', 'merge_install': False, 'path': '/home/tarun_56/pc_ws/src/autobot', 'symlink_install': False, 'test_result_base': None}
[0.428s] Level 5:colcon.colcon_core.verb:set package 'ball_tracker' build argument 'cmake_args' from command line to 'None'
[0.429s] Level 5:colcon.colcon_core.verb:set package 'ball_tracker' build argument 'cmake_target' from command line to 'None'
[0.429s] Level 5:colcon.colcon_core.verb:set package 'ball_tracker' build argument 'cmake_target_skip_unavailable' from command line to 'False'
[0.429s] Level 5:colcon.colcon_core.verb:set package 'ball_tracker' build argument 'cmake_clean_cache' from command line to 'False'
[0.429s] Level 5:colcon.colcon_core.verb:set package 'ball_tracker' build argument 'cmake_clean_first' from command line to 'False'
[0.429s] Level 5:colcon.colcon_core.verb:set package 'ball_tracker' build argument 'cmake_force_configure' from command line to 'False'
[0.429s] Level 5:colcon.colcon_core.verb:set package 'ball_tracker' build argument 'ament_cmake_args' from command line to 'None'
[0.429s] Level 5:colcon.colcon_core.verb:set package 'ball_tracker' build argument 'catkin_cmake_args' from command line to 'None'
[0.429s] Level 5:colcon.colcon_core.verb:set package 'ball_tracker' build argument 'catkin_skip_building_tests' from command line to 'False'
[0.429s] DEBUG:colcon.colcon_core.verb:Building package 'ball_tracker' with the following arguments: {'ament_cmake_args': None, 'build_base': '/home/tarun_56/pc_ws/build/ball_tracker', 'catkin_cmake_args': None, 'catkin_skip_building_tests': False, 'cmake_args': None, 'cmake_clean_cache': False, 'cmake_clean_first': False, 'cmake_force_configure': False, 'cmake_target': None, 'cmake_target_skip_unavailable': False, 'install_base': '/home/tarun_56/pc_ws/install/ball_tracker', 'merge_install': False, 'path': '/home/tarun_56/pc_ws/src/ball_tracker', 'symlink_install': False, 'test_result_base': None}
[0.429s] Level 5:colcon.colcon_core.verb:set package 'follow_waypoints' build argument 'cmake_args' from command line to 'None'
[0.429s] Level 5:colcon.colcon_core.verb:set package 'follow_waypoints' build argument 'cmake_target' from command line to 'None'
[0.429s] Level 5:colcon.colcon_core.verb:set package 'follow_waypoints' build argument 'cmake_target_skip_unavailable' from command line to 'False'
[0.429s] Level 5:colcon.colcon_core.verb:set package 'follow_waypoints' build argument 'cmake_clean_cache' from command line to 'False'
[0.429s] Level 5:colcon.colcon_core.verb:set package 'follow_waypoints' build argument 'cmake_clean_first' from command line to 'False'
[0.429s] Level 5:colcon.colcon_core.verb:set package 'follow_waypoints' build argument 'cmake_force_configure' from command line to 'False'
[0.429s] Level 5:colcon.colcon_core.verb:set package 'follow_waypoints' build argument 'ament_cmake_args' from command line to 'None'
[0.429s] Level 5:colcon.colcon_core.verb:set package 'follow_waypoints' build argument 'catkin_cmake_args' from command line to 'None'
[0.429s] Level 5:colcon.colcon_core.verb:set package 'follow_waypoints' build argument 'catkin_skip_building_tests' from command line to 'False'
[0.429s] DEBUG:colcon.colcon_core.verb:Building package 'follow_waypoints' with the following arguments: {'ament_cmake_args': None, 'build_base': '/home/tarun_56/pc_ws/build/follow_waypoints', 'catkin_cmake_args': None, 'catkin_skip_building_tests': False, 'cmake_args': None, 'cmake_clean_cache': False, 'cmake_clean_first': False, 'cmake_force_configure': False, 'cmake_target': None, 'cmake_target_skip_unavailable': False, 'install_base': '/home/tarun_56/pc_ws/install/follow_waypoints', 'merge_install': False, 'path': '/home/tarun_56/pc_ws/src/follow_waypoints', 'symlink_install': False, 'test_result_base': None}
[0.430s] INFO:colcon.colcon_core.executor:Executing jobs using 'parallel' executor
[0.431s] DEBUG:colcon.colcon_parallel_executor.executor.parallel:run_until_complete
[0.431s] INFO:colcon.colcon_ros.task.ament_cmake.build:Building ROS package in '/home/tarun_56/pc_ws/src/autobot' with build type 'ament_cmake'
[0.432s] INFO:colcon.colcon_cmake.task.cmake.build:Building CMake package in '/home/tarun_56/pc_ws/src/autobot'
[0.437s] INFO:colcon.colcon_core.plugin_system:Skipping extension 'colcon_core.shell.bat': Not used on non-Windows systems
[0.437s] INFO:colcon.colcon_core.shell:Skip shell extension 'powershell' for command environment: Not usable outside of PowerShell
[0.437s] DEBUG:colcon.colcon_core.shell:Skip shell extension 'dsv' for command environment
[0.441s] INFO:colcon.colcon_ros.task.ament_python.build:Building ROS package in '/home/tarun_56/pc_ws/src/ball_tracker' with build type 'ament_python'
[0.441s] Level 1:colcon.colcon_core.shell:create_environment_hook('ball_tracker', 'ament_prefix_path')
[0.442s] INFO:colcon.colcon_core.shell:Creating environment hook '/home/tarun_56/pc_ws/install/ball_tracker/share/ball_tracker/hook/ament_prefix_path.ps1'
[0.443s] INFO:colcon.colcon_core.shell:Creating environment descriptor '/home/tarun_56/pc_ws/install/ball_tracker/share/ball_tracker/hook/ament_prefix_path.dsv'
[0.444s] INFO:colcon.colcon_core.shell:Creating environment hook '/home/tarun_56/pc_ws/install/ball_tracker/share/ball_tracker/hook/ament_prefix_path.sh'
[0.447s] INFO:colcon.colcon_core.shell:Skip shell extension 'powershell' for command environment: Not usable outside of PowerShell
[0.447s] DEBUG:colcon.colcon_core.shell:Skip shell extension 'dsv' for command environment
[0.451s] INFO:colcon.colcon_ros.task.ament_python.build:Building ROS package in '/home/tarun_56/pc_ws/src/follow_waypoints' with build type 'ament_python'
[0.452s] Level 1:colcon.colcon_core.shell:create_environment_hook('follow_waypoints', 'ament_prefix_path')
[0.452s] INFO:colcon.colcon_core.shell:Creating environment hook '/home/tarun_56/pc_ws/install/follow_waypoints/share/follow_waypoints/hook/ament_prefix_path.ps1'
[0.454s] INFO:colcon.colcon_core.shell:Creating environment descriptor '/home/tarun_56/pc_ws/install/follow_waypoints/share/follow_waypoints/hook/ament_prefix_path.dsv'
[0.454s] INFO:colcon.colcon_core.shell:Creating environment hook '/home/tarun_56/pc_ws/install/follow_waypoints/share/follow_waypoints/hook/ament_prefix_path.sh'
[0.455s] INFO:colcon.colcon_core.shell:Skip shell extension 'powershell' for command environment: Not usable outside of PowerShell
[0.455s] DEBUG:colcon.colcon_core.shell:Skip shell extension 'dsv' for command environment
[0.467s] DEBUG:colcon.colcon_core.event_handler.log_command:Invoking command in '/home/tarun_56/pc_ws/build/autobot': CMAKE_PREFIX_PATH=/opt/ros/humble /usr/bin/cmake --build /home/tarun_56/pc_ws/build/autobot -- -j4 -l4
[0.786s] INFO:colcon.colcon_core.task.python.build:Building Python package in '/home/tarun_56/pc_ws/src/ball_tracker'
[0.786s] INFO:colcon.colcon_core.shell:Skip shell extension 'powershell' for command environment: Not usable outside of PowerShell
[0.786s] DEBUG:colcon.colcon_core.shell:Skip shell extension 'dsv' for command environment
[1.081s] INFO:colcon.colcon_core.task.python.build:Building Python package in '/home/tarun_56/pc_ws/src/follow_waypoints'
[1.081s] INFO:colcon.colcon_core.shell:Skip shell extension 'powershell' for command environment: Not usable outside of PowerShell
[1.081s] DEBUG:colcon.colcon_core.shell:Skip shell extension 'dsv' for command environment
[1.087s] DEBUG:colcon.colcon_core.event_handler.log_command:Invoked command in '/home/tarun_56/pc_ws/build/autobot' returned '0': CMAKE_PREFIX_PATH=/opt/ros/humble /usr/bin/cmake --build /home/tarun_56/pc_ws/build/autobot -- -j4 -l4
[1.136s] DEBUG:colcon.colcon_core.event_handler.log_command:Invoking command in '/home/tarun_56/pc_ws/build/autobot': CMAKE_PREFIX_PATH=/opt/ros/humble /usr/bin/cmake --install /home/tarun_56/pc_ws/build/autobot
[1.176s] Level 1:colcon.colcon_core.environment:create_environment_scripts_only(autobot)
[1.176s] DEBUG:colcon.colcon_core.event_handler.log_command:Invoked command in '/home/tarun_56/pc_ws/build/autobot' returned '0': CMAKE_PREFIX_PATH=/opt/ros/humble /usr/bin/cmake --install /home/tarun_56/pc_ws/build/autobot
[1.188s] Level 1:colcon.colcon_core.environment:checking '/home/tarun_56/pc_ws/install/autobot' for CMake module files
[1.189s] Level 1:colcon.colcon_core.environment:checking '/home/tarun_56/pc_ws/install/autobot' for CMake config files
[1.190s] Level 1:colcon.colcon_core.shell:create_environment_hook('autobot', 'cmake_prefix_path')
[1.190s] INFO:colcon.colcon_core.shell:Creating environment hook '/home/tarun_56/pc_ws/install/autobot/share/autobot/hook/cmake_prefix_path.ps1'
[1.192s] INFO:colcon.colcon_core.shell:Creating environment descriptor '/home/tarun_56/pc_ws/install/autobot/share/autobot/hook/cmake_prefix_path.dsv'
[1.193s] INFO:colcon.colcon_core.shell:Creating environment hook '/home/tarun_56/pc_ws/install/autobot/share/autobot/hook/cmake_prefix_path.sh'
[1.194s] Level 1:colcon.colcon_core.environment:checking '/home/tarun_56/pc_ws/install/autobot/bin'
[1.195s] Level 1:colcon.colcon_core.environment:checking '/home/tarun_56/pc_ws/install/autobot/lib/pkgconfig/autobot.pc'
[1.195s] Level 1:colcon.colcon_core.environment:checking '/home/tarun_56/pc_ws/install/autobot/lib/python3.10/site-packages'
[1.195s] Level 1:colcon.colcon_core.environment:checking '/home/tarun_56/pc_ws/install/autobot/bin'
[1.196s] INFO:colcon.colcon_core.shell:Creating package script '/home/tarun_56/pc_ws/install/autobot/share/autobot/package.ps1'
[1.198s] INFO:colcon.colcon_core.shell:Creating package descriptor '/home/tarun_56/pc_ws/install/autobot/share/autobot/package.dsv'
[1.200s] INFO:colcon.colcon_core.shell:Creating package script '/home/tarun_56/pc_ws/install/autobot/share/autobot/package.sh'
[1.203s] INFO:colcon.colcon_core.shell:Creating package script '/home/tarun_56/pc_ws/install/autobot/share/autobot/package.bash'
[1.204s] INFO:colcon.colcon_core.shell:Creating package script '/home/tarun_56/pc_ws/install/autobot/share/autobot/package.zsh'
[1.206s] Level 1:colcon.colcon_core.environment:create_file_with_runtime_dependencies(/home/tarun_56/pc_ws/install/autobot/share/colcon-core/packages/autobot)
[1.251s] Level 1:colcon.colcon_core.environment:create_environment_scripts_only(autobot)
[1.251s] Level 1:colcon.colcon_core.environment:checking '/home/tarun_56/pc_ws/install/autobot' for CMake module files
[1.252s] Level 1:colcon.colcon_core.environment:checking '/home/tarun_56/pc_ws/install/autobot' for CMake config files
[1.253s] Level 1:colcon.colcon_core.shell:create_environment_hook('autobot', 'cmake_prefix_path')
[1.254s] INFO:colcon.colcon_core.shell:Creating environment hook '/home/tarun_56/pc_ws/install/autobot/share/autobot/hook/cmake_prefix_path.ps1'
[1.255s] INFO:colcon.colcon_core.shell:Creating environment descriptor '/home/tarun_56/pc_ws/install/autobot/share/autobot/hook/cmake_prefix_path.dsv'
[1.256s] INFO:colcon.colcon_core.shell:Creating environment hook '/home/tarun_56/pc_ws/install/autobot/share/autobot/hook/cmake_prefix_path.sh'
[1.257s] Level 1:colcon.colcon_core.environment:checking '/home/tarun_56/pc_ws/install/autobot/bin'
[1.258s] Level 1:colcon.colcon_core.environment:checking '/home/tarun_56/pc_ws/install/autobot/lib/pkgconfig/autobot.pc'
[1.258s] Level 1:colcon.colcon_core.environment:checking '/home/tarun_56/pc_ws/install/autobot/lib/python3.10/site-packages'
[1.259s] Level 1:colcon.colcon_core.environment:checking '/home/tarun_56/pc_ws/install/autobot/bin'
[1.259s] INFO:colcon.colcon_core.shell:Creating package script '/home/tarun_56/pc_ws/install/autobot/share/autobot/package.ps1'
[1.260s] INFO:colcon.colcon_core.shell:Creating package descriptor '/home/tarun_56/pc_ws/install/autobot/share/autobot/package.dsv'
[1.261s] INFO:colcon.colcon_core.shell:Creating package script '/home/tarun_56/pc_ws/install/autobot/share/autobot/package.sh'
[1.262s] INFO:colcon.colcon_core.shell:Creating package script '/home/tarun_56/pc_ws/install/autobot/share/autobot/package.bash'
[1.264s] INFO:colcon.colcon_core.shell:Creating package script '/home/tarun_56/pc_ws/install/autobot/share/autobot/package.zsh'
[1.266s] Level 1:colcon.colcon_core.environment:create_file_with_runtime_dependencies(/home/tarun_56/pc_ws/install/autobot/share/colcon-core/packages/autobot)
[1.588s] DEBUG:colcon.colcon_core.event_handler.log_command:Invoking command in '/home/tarun_56/pc_ws/src/ball_tracker': PYTHONPATH=/home/tarun_56/pc_ws/build/ball_tracker/prefix_override:/home/tarun_56/pc_ws/install/ball_tracker/lib/python3.10/site-packages:${PYTHONPATH} /usr/bin/python3 -W ignore:setup.py install is deprecated setup.py egg_info --egg-base ../../build/ball_tracker build --build-base /home/tarun_56/pc_ws/build/ball_tracker/build install --record /home/tarun_56/pc_ws/build/ball_tracker/install.log --install-scripts $base/lib/ball_tracker --single-version-externally-managed install_data
[1.591s] DEBUG:colcon.colcon_core.event_handler.log_command:Invoking command in '/home/tarun_56/pc_ws/src/follow_waypoints': PYTHONPATH=/home/tarun_56/pc_ws/build/follow_waypoints/prefix_override:/home/tarun_56/pc_ws/install/follow_waypoints/lib/python3.10/site-packages:${PYTHONPATH} /usr/bin/python3 -W ignore:setup.py install is deprecated setup.py egg_info --egg-base ../../build/follow_waypoints build --build-base /home/tarun_56/pc_ws/build/follow_waypoints/build install --record /home/tarun_56/pc_ws/build/follow_waypoints/install.log --single-version-externally-managed install_data
[1.953s] Level 1:colcon.colcon_core.environment:checking '/home/tarun_56/pc_ws/install/ball_tracker' for CMake module files
[1.954s] Level 1:colcon.colcon_core.environment:checking '/home/tarun_56/pc_ws/install/ball_tracker' for CMake config files
[1.955s] Level 1:colcon.colcon_core.environment:checking '/home/tarun_56/pc_ws/install/ball_tracker/lib'
[1.955s] Level 1:colcon.colcon_core.environment:checking '/home/tarun_56/pc_ws/install/ball_tracker/bin'
[1.956s] Level 1:colcon.colcon_core.environment:checking '/home/tarun_56/pc_ws/install/ball_tracker/lib/pkgconfig/ball_tracker.pc'
[1.956s] Level 1:colcon.colcon_core.environment:checking '/home/tarun_56/pc_ws/install/ball_tracker/lib/python3.10/site-packages'
[1.956s] Level 1:colcon.colcon_core.shell:create_environment_hook('ball_tracker', 'pythonpath')
[1.956s] INFO:colcon.colcon_core.shell:Creating environment hook '/home/tarun_56/pc_ws/install/ball_tracker/share/ball_tracker/hook/pythonpath.ps1'
[1.957s] INFO:colcon.colcon_core.shell:Creating environment descriptor '/home/tarun_56/pc_ws/install/ball_tracker/share/ball_tracker/hook/pythonpath.dsv'
[1.958s] INFO:colcon.colcon_core.shell:Creating environment hook '/home/tarun_56/pc_ws/install/ball_tracker/share/ball_tracker/hook/pythonpath.sh'
[1.959s] Level 1:colcon.colcon_core.environment:checking '/home/tarun_56/pc_ws/install/ball_tracker/bin'
[1.960s] Level 1:colcon.colcon_core.environment:create_environment_scripts_only(ball_tracker)
[1.960s] INFO:colcon.colcon_core.shell:Creating package script '/home/tarun_56/pc_ws/install/ball_tracker/share/ball_tracker/package.ps1'
[1.961s] INFO:colcon.colcon_core.shell:Creating package descriptor '/home/tarun_56/pc_ws/install/ball_tracker/share/ball_tracker/package.dsv'
[1.962s] INFO:colcon.colcon_core.shell:Creating package script '/home/tarun_56/pc_ws/install/ball_tracker/share/ball_tracker/package.sh'
[1.963s] INFO:colcon.colcon_core.shell:Creating package script '/home/tarun_56/pc_ws/install/ball_tracker/share/ball_tracker/package.bash'
[1.964s] INFO:colcon.colcon_core.shell:Creating package script '/home/tarun_56/pc_ws/install/ball_tracker/share/ball_tracker/package.zsh'
[1.964s] DEBUG:colcon.colcon_core.event_handler.log_command:Invoked command in '/home/tarun_56/pc_ws/src/ball_tracker' returned '0': PYTHONPATH=/home/tarun_56/pc_ws/build/ball_tracker/prefix_override:/home/tarun_56/pc_ws/install/ball_tracker/lib/python3.10/site-packages:${PYTHONPATH} /usr/bin/python3 -W ignore:setup.py install is deprecated setup.py egg_info --egg-base ../../build/ball_tracker build --build-base /home/tarun_56/pc_ws/build/ball_tracker/build install --record /home/tarun_56/pc_ws/build/ball_tracker/install.log --install-scripts $base/lib/ball_tracker --single-version-externally-managed install_data
[1.965s] Level 1:colcon.colcon_core.environment:create_file_with_runtime_dependencies(/home/tarun_56/pc_ws/install/ball_tracker/share/colcon-core/packages/ball_tracker)
[1.967s] Level 1:colcon.colcon_core.environment:checking '/home/tarun_56/pc_ws/install/follow_waypoints' for CMake module files
[1.968s] Level 1:colcon.colcon_core.environment:checking '/home/tarun_56/pc_ws/install/follow_waypoints' for CMake config files
[1.969s] DEBUG:colcon.colcon_core.event_handler.log_command:Invoked command in '/home/tarun_56/pc_ws/src/follow_waypoints' returned '0': PYTHONPATH=/home/tarun_56/pc_ws/build/follow_waypoints/prefix_override:/home/tarun_56/pc_ws/install/follow_waypoints/lib/python3.10/site-packages:${PYTHONPATH} /usr/bin/python3 -W ignore:setup.py install is deprecated setup.py egg_info --egg-base ../../build/follow_waypoints build --build-base /home/tarun_56/pc_ws/build/follow_waypoints/build install --record /home/tarun_56/pc_ws/build/follow_waypoints/install.log --single-version-externally-managed install_data
[1.969s] Level 1:colcon.colcon_core.environment:checking '/home/tarun_56/pc_ws/install/follow_waypoints/lib'
[1.970s] Level 1:colcon.colcon_core.environment:checking '/home/tarun_56/pc_ws/install/follow_waypoints/bin'
[1.970s] Level 1:colcon.colcon_core.environment:checking '/home/tarun_56/pc_ws/install/follow_waypoints/lib/pkgconfig/follow_waypoints.pc'
[1.970s] Level 1:colcon.colcon_core.environment:checking '/home/tarun_56/pc_ws/install/follow_waypoints/lib/python3.10/site-packages'
[1.970s] Level 1:colcon.colcon_core.shell:create_environment_hook('follow_waypoints', 'pythonpath')
[1.970s] INFO:colcon.colcon_core.shell:Creating environment hook '/home/tarun_56/pc_ws/install/follow_waypoints/share/follow_waypoints/hook/pythonpath.ps1'
[1.971s] INFO:colcon.colcon_core.shell:Creating environment descriptor '/home/tarun_56/pc_ws/install/follow_waypoints/share/follow_waypoints/hook/pythonpath.dsv'
[1.971s] INFO:colcon.colcon_core.shell:Creating environment hook '/home/tarun_56/pc_ws/install/follow_waypoints/share/follow_waypoints/hook/pythonpath.sh'
[1.972s] Level 1:colcon.colcon_core.environment:checking '/home/tarun_56/pc_ws/install/follow_waypoints/bin'
[1.972s] Level 1:colcon.colcon_core.environment:create_environment_scripts_only(follow_waypoints)
[1.972s] INFO:colcon.colcon_core.shell:Creating package script '/home/tarun_56/pc_ws/install/follow_waypoints/share/follow_waypoints/package.ps1'
[1.973s] INFO:colcon.colcon_core.shell:Creating package descriptor '/home/tarun_56/pc_ws/install/follow_waypoints/share/follow_waypoints/package.dsv'
[1.973s] INFO:colcon.colcon_core.shell:Creating package script '/home/tarun_56/pc_ws/install/follow_waypoints/share/follow_waypoints/package.sh'
[1.974s] INFO:colcon.colcon_core.shell:Creating package script '/home/tarun_56/pc_ws/install/follow_waypoints/share/follow_waypoints/package.bash'
[1.974s] INFO:colcon.colcon_core.shell:Creating package script '/home/tarun_56/pc_ws/install/follow_waypoints/share/follow_waypoints/package.zsh'
[1.974s] Level 1:colcon.colcon_core.environment:create_file_with_runtime_dependencies(/home/tarun_56/pc_ws/install/follow_waypoints/share/colcon-core/packages/follow_waypoints)
[1.975s] DEBUG:colcon.colcon_parallel_executor.executor.parallel:closing loop
[1.975s] DEBUG:colcon.colcon_parallel_executor.executor.parallel:loop closed
[1.975s] DEBUG:colcon.colcon_parallel_executor.executor.parallel:run_until_complete finished with '0'
[1.975s] DEBUG:colcon.colcon_core.event_reactor:joining thread
[1.987s] INFO:colcon.colcon_core.plugin_system:Skipping extension 'colcon_notification.desktop_notification.terminal_notifier': Not used on non-Darwin systems
[1.987s] INFO:colcon.colcon_core.plugin_system:Skipping extension 'colcon_notification.desktop_notification.win32': Not used on non-Windows systems
[1.987s] INFO:colcon.colcon_notification.desktop_notification:Sending desktop notification using 'notify2'
[2.007s] DEBUG:colcon.colcon_core.event_reactor:joined thread
[2.008s] INFO:colcon.colcon_core.shell:Creating prefix script '/home/tarun_56/pc_ws/install/local_setup.ps1'
[2.009s] INFO:colcon.colcon_core.shell:Creating prefix util module '/home/tarun_56/pc_ws/install/_local_setup_util_ps1.py'
[2.011s] INFO:colcon.colcon_core.shell:Creating prefix chain script '/home/tarun_56/pc_ws/install/setup.ps1'
[2.012s] INFO:colcon.colcon_core.shell:Creating prefix script '/home/tarun_56/pc_ws/install/local_setup.sh'
[2.013s] INFO:colcon.colcon_core.shell:Creating prefix util module '/home/tarun_56/pc_ws/install/_local_setup_util_sh.py'
[2.014s] INFO:colcon.colcon_core.shell:Creating prefix chain script '/home/tarun_56/pc_ws/install/setup.sh'
[2.016s] INFO:colcon.colcon_core.shell:Creating prefix script '/home/tarun_56/pc_ws/install/local_setup.bash'
[2.016s] INFO:colcon.colcon_core.shell:Creating prefix chain script '/home/tarun_56/pc_ws/install/setup.bash'
[2.018s] INFO:colcon.colcon_core.shell:Creating prefix script '/home/tarun_56/pc_ws/install/local_setup.zsh'
[2.019s] INFO:colcon.colcon_core.shell:Creating prefix chain script '/home/tarun_56/pc_ws/install/setup.zsh'
