[2.170s] DEBUG:colcon:Command line arguments: ['/usr/bin/colcon', 'build', '--symlink-install']
[2.170s] DEBUG:colcon:Parsed command line arguments: Namespace(log_base=None, log_level=None, verb_name='build', build_base='build', install_base='install', merge_install=False, symlink_install=True, test_result_base=None, continue_on_error=False, executor='parallel', parallel_workers=4, event_handlers=None, ignore_user_meta=False, metas=['./colcon.meta'], base_paths=['.'], packages_ignore=None, packages_ignore_regex=None, paths=None, packages_up_to=None, packages_up_to_regex=None, packages_above=None, packages_above_and_dependencies=None, packages_above_depth=None, packages_select_by_dep=None, packages_skip_by_dep=None, packages_skip_up_to=None, packages_select_build_failed=False, packages_skip_build_finished=False, packages_select_test_failures=False, packages_skip_test_passed=False, packages_select=None, packages_skip=None, packages_select_regex=None, packages_skip_regex=None, packages_start=None, packages_end=None, allow_overriding=[], cmake_args=None, cmake_target=None, cmake_target_skip_unavailable=False, cmake_clean_cache=False, cmake_clean_first=False, cmake_force_configure=False, ament_cmake_args=None, catkin_cmake_args=None, catkin_skip_building_tests=False, verb_parser=<colcon_defaults.argument_parser.defaults.DefaultArgumentsDecorator object at 0x7f86339cfd00>, verb_extension=<colcon_core.verb.build.BuildVerb object at 0x7f86339cc3d0>, main=<bound method BuildVerb.main of <colcon_core.verb.build.BuildVerb object at 0x7f86339cc3d0>>)
[2.274s] Level 1:colcon.colcon_core.package_discovery:discover_packages(colcon_meta) check parameters
[2.274s] Level 1:colcon.colcon_core.package_discovery:discover_packages(recursive) check parameters
[2.274s] Level 1:colcon.colcon_core.package_discovery:discover_packages(ignore) check parameters
[2.274s] Level 1:colcon.colcon_core.package_discovery:discover_packages(path) check parameters
[2.274s] Level 1:colcon.colcon_core.package_discovery:discover_packages(colcon_meta) discover
[2.275s] Level 1:colcon.colcon_core.package_discovery:discover_packages(recursive) discover
[2.275s] INFO:colcon.colcon_core.package_discovery:Crawling recursively for packages in '/home/tarun_56/pc_ws'
[2.275s] Level 1:colcon.colcon_core.package_identification:_identify(.) by extensions ['ignore', 'ignore_ament_install']
[2.275s] Level 1:colcon.colcon_core.package_identification:_identify(.) by extension 'ignore'
[2.275s] Level 1:colcon.colcon_core.package_identification:_identify(.) by extension 'ignore_ament_install'
[2.276s] Level 1:colcon.colcon_core.package_identification:_identify(.) by extensions ['colcon_pkg']
[2.276s] Level 1:colcon.colcon_core.package_identification:_identify(.) by extension 'colcon_pkg'
[2.276s] Level 1:colcon.colcon_core.package_identification:_identify(.) by extensions ['colcon_meta']
[2.276s] Level 1:colcon.colcon_core.package_identification:_identify(.) by extension 'colcon_meta'
[2.276s] Level 1:colcon.colcon_core.package_identification:_identify(.) by extensions ['ros']
[2.276s] Level 1:colcon.colcon_core.package_identification:_identify(.) by extension 'ros'
[2.298s] Level 1:colcon.colcon_core.package_identification:_identify(.) by extensions ['cmake', 'python']
[2.298s] Level 1:colcon.colcon_core.package_identification:_identify(.) by extension 'cmake'
[2.298s] Level 1:colcon.colcon_core.package_identification:_identify(.) by extension 'python'
[2.298s] Level 1:colcon.colcon_core.package_identification:_identify(.) by extensions ['python_setup_py']
[2.298s] Level 1:colcon.colcon_core.package_identification:_identify(.) by extension 'python_setup_py'
[2.298s] Level 1:colcon.colcon_core.package_identification:_identify(build) by extensions ['ignore', 'ignore_ament_install']
[2.299s] Level 1:colcon.colcon_core.package_identification:_identify(build) by extension 'ignore'
[2.299s] Level 1:colcon.colcon_core.package_identification:_identify(build) ignored
[2.299s] Level 1:colcon.colcon_core.package_identification:_identify(install) by extensions ['ignore', 'ignore_ament_install']
[2.300s] Level 1:colcon.colcon_core.package_identification:_identify(install) by extension 'ignore'
[2.300s] Level 1:colcon.colcon_core.package_identification:_identify(install) ignored
[2.300s] Level 1:colcon.colcon_core.package_identification:_identify(log) by extensions ['ignore', 'ignore_ament_install']
[2.300s] Level 1:colcon.colcon_core.package_identification:_identify(log) by extension 'ignore'
[2.301s] Level 1:colcon.colcon_core.package_identification:_identify(log) ignored
[2.301s] Level 1:colcon.colcon_core.package_identification:_identify(src) by extensions ['ignore', 'ignore_ament_install']
[2.301s] Level 1:colcon.colcon_core.package_identification:_identify(src) by extension 'ignore'
[2.301s] Level 1:colcon.colcon_core.package_identification:_identify(src) by extension 'ignore_ament_install'
[2.301s] Level 1:colcon.colcon_core.package_identification:_identify(src) by extensions ['colcon_pkg']
[2.301s] Level 1:colcon.colcon_core.package_identification:_identify(src) by extension 'colcon_pkg'
[2.301s] Level 1:colcon.colcon_core.package_identification:_identify(src) by extensions ['colcon_meta']
[2.302s] Level 1:colcon.colcon_core.package_identification:_identify(src) by extension 'colcon_meta'
[2.302s] Level 1:colcon.colcon_core.package_identification:_identify(src) by extensions ['ros']
[2.302s] Level 1:colcon.colcon_core.package_identification:_identify(src) by extension 'ros'
[2.302s] Level 1:colcon.colcon_core.package_identification:_identify(src) by extensions ['cmake', 'python']
[2.302s] Level 1:colcon.colcon_core.package_identification:_identify(src) by extension 'cmake'
[2.302s] Level 1:colcon.colcon_core.package_identification:_identify(src) by extension 'python'
[2.302s] Level 1:colcon.colcon_core.package_identification:_identify(src) by extensions ['python_setup_py']
[2.302s] Level 1:colcon.colcon_core.package_identification:_identify(src) by extension 'python_setup_py'
[2.303s] Level 1:colcon.colcon_core.package_identification:_identify(src/autobot) by extensions ['ignore', 'ignore_ament_install']
[2.303s] Level 1:colcon.colcon_core.package_identification:_identify(src/autobot) by extension 'ignore'
[2.303s] Level 1:colcon.colcon_core.package_identification:_identify(src/autobot) by extension 'ignore_ament_install'
[2.303s] Level 1:colcon.colcon_core.package_identification:_identify(src/autobot) by extensions ['colcon_pkg']
[2.303s] Level 1:colcon.colcon_core.package_identification:_identify(src/autobot) by extension 'colcon_pkg'
[2.303s] Level 1:colcon.colcon_core.package_identification:_identify(src/autobot) by extensions ['colcon_meta']
[2.303s] Level 1:colcon.colcon_core.package_identification:_identify(src/autobot) by extension 'colcon_meta'
[2.304s] Level 1:colcon.colcon_core.package_identification:_identify(src/autobot) by extensions ['ros']
[2.304s] Level 1:colcon.colcon_core.package_identification:_identify(src/autobot) by extension 'ros'
[2.309s] DEBUG:colcon.colcon_core.package_identification:Package 'src/autobot' with type 'ros.ament_cmake' and name 'autobot'
[2.309s] Level 1:colcon.colcon_core.package_discovery:discover_packages(recursive) using defaults
[2.309s] Level 1:colcon.colcon_core.package_discovery:discover_packages(ignore) discover
[2.309s] Level 1:colcon.colcon_core.package_discovery:discover_packages(ignore) using defaults
[2.309s] Level 1:colcon.colcon_core.package_discovery:discover_packages(path) discover
[2.309s] Level 1:colcon.colcon_core.package_discovery:discover_packages(path) using defaults
[2.505s] Level 1:colcon.colcon_core.package_discovery:discover_packages(prefix_path) check parameters
[2.505s] Level 1:colcon.colcon_core.package_discovery:discover_packages(prefix_path) discover
[2.568s] DEBUG:colcon.colcon_installed_package_information.package_discovery:Found 1 installed packages in /home/tarun_56/pc_ws/install
[2.603s] DEBUG:colcon.colcon_installed_package_information.package_discovery:Found 350 installed packages in /opt/ros/humble
[2.606s] Level 1:colcon.colcon_core.package_discovery:discover_packages(prefix_path) using defaults
[2.835s] Level 5:colcon.colcon_core.verb:set package 'autobot' build argument 'cmake_args' from command line to 'None'
[2.835s] Level 5:colcon.colcon_core.verb:set package 'autobot' build argument 'cmake_target' from command line to 'None'
[2.835s] Level 5:colcon.colcon_core.verb:set package 'autobot' build argument 'cmake_target_skip_unavailable' from command line to 'False'
[2.835s] Level 5:colcon.colcon_core.verb:set package 'autobot' build argument 'cmake_clean_cache' from command line to 'False'
[2.836s] Level 5:colcon.colcon_core.verb:set package 'autobot' build argument 'cmake_clean_first' from command line to 'False'
[2.836s] Level 5:colcon.colcon_core.verb:set package 'autobot' build argument 'cmake_force_configure' from command line to 'False'
[2.836s] Level 5:colcon.colcon_core.verb:set package 'autobot' build argument 'ament_cmake_args' from command line to 'None'
[2.836s] Level 5:colcon.colcon_core.verb:set package 'autobot' build argument 'catkin_cmake_args' from command line to 'None'
[2.836s] Level 5:colcon.colcon_core.verb:set package 'autobot' build argument 'catkin_skip_building_tests' from command line to 'False'
[2.836s] DEBUG:colcon.colcon_core.verb:Building package 'autobot' with the following arguments: {'ament_cmake_args': None, 'build_base': '/home/tarun_56/pc_ws/build/autobot', 'catkin_cmake_args': None, 'catkin_skip_building_tests': False, 'cmake_args': None, 'cmake_clean_cache': False, 'cmake_clean_first': False, 'cmake_force_configure': False, 'cmake_target': None, 'cmake_target_skip_unavailable': False, 'install_base': '/home/tarun_56/pc_ws/install/autobot', 'merge_install': False, 'path': '/home/tarun_56/pc_ws/src/autobot', 'symlink_install': True, 'test_result_base': None}
[2.866s] INFO:colcon.colcon_core.executor:Executing jobs using 'parallel' executor
[2.899s] DEBUG:colcon.colcon_parallel_executor.executor.parallel:run_until_complete
[2.899s] INFO:colcon.colcon_ros.task.ament_cmake.build:Building ROS package in '/home/tarun_56/pc_ws/src/autobot' with build type 'ament_cmake'
[2.900s] INFO:colcon.colcon_cmake.task.cmake.build:Building CMake package in '/home/tarun_56/pc_ws/src/autobot'
[2.940s] INFO:colcon.colcon_core.plugin_system:Skipping extension 'colcon_core.shell.bat': Not used on non-Windows systems
[2.941s] INFO:colcon.colcon_core.shell:Skip shell extension 'powershell' for command environment: Not usable outside of PowerShell
[2.941s] DEBUG:colcon.colcon_core.shell:Skip shell extension 'dsv' for command environment
[3.072s] DEBUG:colcon.colcon_core.event_handler.log_command:Invoking command in '/home/tarun_56/pc_ws/build/autobot': CMAKE_PREFIX_PATH=${CMAKE_PREFIX_PATH}:/opt/ros/humble /usr/bin/cmake --build /home/tarun_56/pc_ws/build/autobot -- -j4 -l4
[3.168s] DEBUG:colcon.colcon_core.event_handler.log_command:Invoked command in '/home/tarun_56/pc_ws/build/autobot' returned '0': CMAKE_PREFIX_PATH=${CMAKE_PREFIX_PATH}:/opt/ros/humble /usr/bin/cmake --build /home/tarun_56/pc_ws/build/autobot -- -j4 -l4
[3.260s] DEBUG:colcon.colcon_core.event_handler.log_command:Invoking command in '/home/tarun_56/pc_ws/build/autobot': CMAKE_PREFIX_PATH=${CMAKE_PREFIX_PATH}:/opt/ros/humble /usr/bin/cmake --install /home/tarun_56/pc_ws/build/autobot
[3.329s] Level 1:colcon.colcon_core.environment:create_environment_scripts_only(autobot)
[3.330s] DEBUG:colcon.colcon_core.event_handler.log_command:Invoked command in '/home/tarun_56/pc_ws/build/autobot' returned '0': CMAKE_PREFIX_PATH=${CMAKE_PREFIX_PATH}:/opt/ros/humble /usr/bin/cmake --install /home/tarun_56/pc_ws/build/autobot
[3.370s] Level 1:colcon.colcon_core.environment:checking '/home/tarun_56/pc_ws/install/autobot' for CMake module files
[3.371s] Level 1:colcon.colcon_core.environment:checking '/home/tarun_56/pc_ws/install/autobot' for CMake config files
[3.373s] Level 1:colcon.colcon_core.shell:create_environment_hook('autobot', 'cmake_prefix_path')
[3.403s] INFO:colcon.colcon_core.shell:Creating environment hook '/home/tarun_56/pc_ws/install/autobot/share/autobot/hook/cmake_prefix_path.ps1'
[3.405s] INFO:colcon.colcon_core.shell:Creating environment descriptor '/home/tarun_56/pc_ws/install/autobot/share/autobot/hook/cmake_prefix_path.dsv'
[3.406s] INFO:colcon.colcon_core.shell:Creating environment hook '/home/tarun_56/pc_ws/install/autobot/share/autobot/hook/cmake_prefix_path.sh'
[3.408s] Level 1:colcon.colcon_core.environment:checking '/home/tarun_56/pc_ws/install/autobot/bin'
[3.409s] Level 1:colcon.colcon_core.environment:checking '/home/tarun_56/pc_ws/install/autobot/lib/pkgconfig/autobot.pc'
[3.409s] Level 1:colcon.colcon_core.environment:checking '/home/tarun_56/pc_ws/install/autobot/lib/python3.10/site-packages'
[3.410s] Level 1:colcon.colcon_core.environment:checking '/home/tarun_56/pc_ws/install/autobot/bin'
[3.441s] INFO:colcon.colcon_core.shell:Creating package script '/home/tarun_56/pc_ws/install/autobot/share/autobot/package.ps1'
[3.444s] INFO:colcon.colcon_core.shell:Creating package descriptor '/home/tarun_56/pc_ws/install/autobot/share/autobot/package.dsv'
[3.445s] INFO:colcon.colcon_core.shell:Creating package script '/home/tarun_56/pc_ws/install/autobot/share/autobot/package.sh'
[3.447s] INFO:colcon.colcon_core.shell:Creating package script '/home/tarun_56/pc_ws/install/autobot/share/autobot/package.bash'
[3.448s] INFO:colcon.colcon_core.shell:Creating package script '/home/tarun_56/pc_ws/install/autobot/share/autobot/package.zsh'
[3.450s] Level 1:colcon.colcon_core.environment:create_file_with_runtime_dependencies(/home/tarun_56/pc_ws/install/autobot/share/colcon-core/packages/autobot)
[3.546s] Level 1:colcon.colcon_core.environment:create_environment_scripts_only(autobot)
[3.580s] Level 1:colcon.colcon_core.environment:checking '/home/tarun_56/pc_ws/install/autobot' for CMake module files
[3.582s] Level 1:colcon.colcon_core.environment:checking '/home/tarun_56/pc_ws/install/autobot' for CMake config files
[3.584s] Level 1:colcon.colcon_core.shell:create_environment_hook('autobot', 'cmake_prefix_path')
[3.632s] INFO:colcon.colcon_core.shell:Creating environment hook '/home/tarun_56/pc_ws/install/autobot/share/autobot/hook/cmake_prefix_path.ps1'
[3.633s] INFO:colcon.colcon_core.shell:Creating environment descriptor '/home/tarun_56/pc_ws/install/autobot/share/autobot/hook/cmake_prefix_path.dsv'
[3.635s] INFO:colcon.colcon_core.shell:Creating environment hook '/home/tarun_56/pc_ws/install/autobot/share/autobot/hook/cmake_prefix_path.sh'
[3.637s] Level 1:colcon.colcon_core.environment:checking '/home/tarun_56/pc_ws/install/autobot/bin'
[3.637s] Level 1:colcon.colcon_core.environment:checking '/home/tarun_56/pc_ws/install/autobot/lib/pkgconfig/autobot.pc'
[3.638s] Level 1:colcon.colcon_core.environment:checking '/home/tarun_56/pc_ws/install/autobot/lib/python3.10/site-packages'
[3.638s] Level 1:colcon.colcon_core.environment:checking '/home/tarun_56/pc_ws/install/autobot/bin'
[3.672s] INFO:colcon.colcon_core.shell:Creating package script '/home/tarun_56/pc_ws/install/autobot/share/autobot/package.ps1'
[3.674s] INFO:colcon.colcon_core.shell:Creating package descriptor '/home/tarun_56/pc_ws/install/autobot/share/autobot/package.dsv'
[3.676s] INFO:colcon.colcon_core.shell:Creating package script '/home/tarun_56/pc_ws/install/autobot/share/autobot/package.sh'
[3.677s] INFO:colcon.colcon_core.shell:Creating package script '/home/tarun_56/pc_ws/install/autobot/share/autobot/package.bash'
[3.679s] INFO:colcon.colcon_core.shell:Creating package script '/home/tarun_56/pc_ws/install/autobot/share/autobot/package.zsh'
[3.680s] Level 1:colcon.colcon_core.environment:create_file_with_runtime_dependencies(/home/tarun_56/pc_ws/install/autobot/share/colcon-core/packages/autobot)
[3.682s] DEBUG:colcon.colcon_parallel_executor.executor.parallel:closing loop
[3.683s] DEBUG:colcon.colcon_parallel_executor.executor.parallel:loop closed
[3.684s] DEBUG:colcon.colcon_parallel_executor.executor.parallel:run_until_complete finished with '0'
[3.684s] DEBUG:colcon.colcon_core.event_reactor:joining thread
[3.733s] INFO:colcon.colcon_core.plugin_system:Skipping extension 'colcon_notification.desktop_notification.terminal_notifier': Not used on non-Darwin systems
[3.734s] INFO:colcon.colcon_core.plugin_system:Skipping extension 'colcon_notification.desktop_notification.win32': Not used on non-Windows systems
[3.734s] INFO:colcon.colcon_notification.desktop_notification:Sending desktop notification using 'notify2'
[3.763s] DEBUG:colcon.colcon_core.event_reactor:joined thread
[3.806s] INFO:colcon.colcon_core.shell:Creating prefix script '/home/tarun_56/pc_ws/install/local_setup.ps1'
[3.808s] INFO:colcon.colcon_core.shell:Creating prefix util module '/home/tarun_56/pc_ws/install/_local_setup_util_ps1.py'
[3.814s] INFO:colcon.colcon_core.shell:Creating prefix chain script '/home/tarun_56/pc_ws/install/setup.ps1'
[3.859s] INFO:colcon.colcon_core.shell:Creating prefix script '/home/tarun_56/pc_ws/install/local_setup.sh'
[3.860s] INFO:colcon.colcon_core.shell:Creating prefix util module '/home/tarun_56/pc_ws/install/_local_setup_util_sh.py'
[3.862s] INFO:colcon.colcon_core.shell:Creating prefix chain script '/home/tarun_56/pc_ws/install/setup.sh'
[3.909s] INFO:colcon.colcon_core.shell:Creating prefix script '/home/tarun_56/pc_ws/install/local_setup.bash'
[3.910s] INFO:colcon.colcon_core.shell:Creating prefix chain script '/home/tarun_56/pc_ws/install/setup.bash'
[3.952s] INFO:colcon.colcon_core.shell:Creating prefix script '/home/tarun_56/pc_ws/install/local_setup.zsh'
[3.954s] INFO:colcon.colcon_core.shell:Creating prefix chain script '/home/tarun_56/pc_ws/install/setup.zsh'
