[1.257s] Invoking command in '/home/tarun_56/pc_ws/build/ball_tracker': PYTHONPATH=/home/tarun_56/pc_ws/build/ball_tracker/prefix_override:/home/tarun_56/pc_ws/install/ball_tracker/lib/python3.10/site-packages:${PYTHONPATH} /usr/bin/python3 -W ignore:setup.py install is deprecated setup.py develop --uninstall --editable --build-directory /home/tarun_56/pc_ws/build/ball_tracker/build
[1.530s] /home/tarun_56/.local/lib/python3.10/site-packages/setuptools/dist.py:717: UserWarning: Usage of dash-separated 'script-dir' will not be supported in future versions. Please use the underscore name 'script_dir' instead
[1.530s]   warnings.warn(
[1.572s] running develop
[1.765s] Removing /home/tarun_56/pc_ws/install/ball_tracker/lib/python3.10/site-packages/ball-tracker.egg-link (link to .)
[1.805s] Invoked command in '/home/tarun_56/pc_ws/build/ball_tracker' returned '0': PYTHONPATH=/home/tarun_56/pc_ws/build/ball_tracker/prefix_override:/home/tarun_56/pc_ws/install/ball_tracker/lib/python3.10/site-packages:${PYTHONPATH} /usr/bin/python3 -W ignore:setup.py install is deprecated setup.py develop --uninstall --editable --build-directory /home/tarun_56/pc_ws/build/ball_tracker/build
[1.808s] Invoking command in '/home/tarun_56/pc_ws/src/ball_tracker': PYTHONPATH=/home/tarun_56/pc_ws/build/ball_tracker/prefix_override:/home/tarun_56/pc_ws/install/ball_tracker/lib/python3.10/site-packages:${PYTHONPATH} /usr/bin/python3 -W ignore:setup.py install is deprecated setup.py egg_info --egg-base ../../build/ball_tracker build --build-base /home/tarun_56/pc_ws/build/ball_tracker/build install --record /home/tarun_56/pc_ws/build/ball_tracker/install.log --install-scripts $base/lib/ball_tracker --single-version-externally-managed install_data --force
[2.074s] /home/tarun_56/.local/lib/python3.10/site-packages/setuptools/dist.py:717: UserWarning: Usage of dash-separated 'script-dir' will not be supported in future versions. Please use the underscore name 'script_dir' instead
[2.075s]   warnings.warn(
[2.098s] running egg_info
[2.099s] writing ../../build/ball_tracker/ball_tracker.egg-info/PKG-INFO
[2.099s] writing dependency_links to ../../build/ball_tracker/ball_tracker.egg-info/dependency_links.txt
[2.100s] writing entry points to ../../build/ball_tracker/ball_tracker.egg-info/entry_points.txt
[2.100s] writing requirements to ../../build/ball_tracker/ball_tracker.egg-info/requires.txt
[2.101s] writing top-level names to ../../build/ball_tracker/ball_tracker.egg-info/top_level.txt
[2.102s] reading manifest file '../../build/ball_tracker/ball_tracker.egg-info/SOURCES.txt'
[2.104s] writing manifest file '../../build/ball_tracker/ball_tracker.egg-info/SOURCES.txt'
[2.104s] running build
[2.104s] running build_py
[2.104s] running install
[2.104s] running install_lib
[2.105s] creating /home/tarun_56/pc_ws/install/ball_tracker/lib/python3.10/site-packages/ball_tracker
[2.105s] copying /home/tarun_56/pc_ws/build/ball_tracker/build/lib/ball_tracker/__init__.py -> /home/tarun_56/pc_ws/install/ball_tracker/lib/python3.10/site-packages/ball_tracker
[2.105s] copying /home/tarun_56/pc_ws/build/ball_tracker/build/lib/ball_tracker/follow_ball.py -> /home/tarun_56/pc_ws/install/ball_tracker/lib/python3.10/site-packages/ball_tracker
[2.106s] copying /home/tarun_56/pc_ws/build/ball_tracker/build/lib/ball_tracker/process_image.py -> /home/tarun_56/pc_ws/install/ball_tracker/lib/python3.10/site-packages/ball_tracker
[2.106s] copying /home/tarun_56/pc_ws/build/ball_tracker/build/lib/ball_tracker/detect_ball.py -> /home/tarun_56/pc_ws/install/ball_tracker/lib/python3.10/site-packages/ball_tracker
[2.106s] copying /home/tarun_56/pc_ws/build/ball_tracker/build/lib/ball_tracker/detect_ball_3d.py -> /home/tarun_56/pc_ws/install/ball_tracker/lib/python3.10/site-packages/ball_tracker
[2.106s] byte-compiling /home/tarun_56/pc_ws/install/ball_tracker/lib/python3.10/site-packages/ball_tracker/__init__.py to __init__.cpython-310.pyc
[2.107s] byte-compiling /home/tarun_56/pc_ws/install/ball_tracker/lib/python3.10/site-packages/ball_tracker/follow_ball.py to follow_ball.cpython-310.pyc
[2.107s] byte-compiling /home/tarun_56/pc_ws/install/ball_tracker/lib/python3.10/site-packages/ball_tracker/process_image.py to process_image.cpython-310.pyc
[2.108s] byte-compiling /home/tarun_56/pc_ws/install/ball_tracker/lib/python3.10/site-packages/ball_tracker/detect_ball.py to detect_ball.cpython-310.pyc
[2.109s] byte-compiling /home/tarun_56/pc_ws/install/ball_tracker/lib/python3.10/site-packages/ball_tracker/detect_ball_3d.py to detect_ball_3d.cpython-310.pyc
[2.110s] running install_data
[2.110s] copying resource/ball_tracker -> /home/tarun_56/pc_ws/install/ball_tracker/share/ament_index/resource_index/packages
[2.110s] copying package.xml -> /home/tarun_56/pc_ws/install/ball_tracker/share/ball_tracker
[2.110s] copying launch/example_launch_include.launch.py -> /home/tarun_56/pc_ws/install/ball_tracker/share/ball_tracker/launch
[2.111s] copying launch/ball_tracker.launch.py -> /home/tarun_56/pc_ws/install/ball_tracker/share/ball_tracker/launch
[2.111s] copying config/ball_tracker_params_example.yaml -> /home/tarun_56/pc_ws/install/ball_tracker/share/ball_tracker/config
[2.111s] running install_egg_info
[2.113s] Copying ../../build/ball_tracker/ball_tracker.egg-info to /home/tarun_56/pc_ws/install/ball_tracker/lib/python3.10/site-packages/ball_tracker-0.0.0-py3.10.egg-info
[2.114s] running install_scripts
[2.137s] Installing detect_ball script to /home/tarun_56/pc_ws/install/ball_tracker/lib/ball_tracker
[2.138s] Installing detect_ball_3d script to /home/tarun_56/pc_ws/install/ball_tracker/lib/ball_tracker
[2.139s] Installing follow_ball script to /home/tarun_56/pc_ws/install/ball_tracker/lib/ball_tracker
[2.139s] writing list of installed files to '/home/tarun_56/pc_ws/build/ball_tracker/install.log'
[2.175s] Invoked command in '/home/tarun_56/pc_ws/src/ball_tracker' returned '0': PYTHONPATH=/home/tarun_56/pc_ws/build/ball_tracker/prefix_override:/home/tarun_56/pc_ws/install/ball_tracker/lib/python3.10/site-packages:${PYTHONPATH} /usr/bin/python3 -W ignore:setup.py install is deprecated setup.py egg_info --egg-base ../../build/ball_tracker build --build-base /home/tarun_56/pc_ws/build/ball_tracker/build install --record /home/tarun_56/pc_ws/build/ball_tracker/install.log --install-scripts $base/lib/ball_tracker --single-version-externally-managed install_data --force
