[0.100s] DEBUG:colcon:Command line arguments: ['/usr/bin/colcon', 'build', '--symlink-install']
[0.100s] DEBUG:colcon:Parsed command line arguments: Namespace(log_base=None, log_level=None, verb_name='build', build_base='build', install_base='install', merge_install=False, symlink_install=True, test_result_base=None, continue_on_error=False, executor='parallel', parallel_workers=4, event_handlers=None, ignore_user_meta=False, metas=['./colcon.meta'], base_paths=['.'], packages_ignore=None, packages_ignore_regex=None, paths=None, packages_up_to=None, packages_up_to_regex=None, packages_above=None, packages_above_and_dependencies=None, packages_above_depth=None, packages_select_by_dep=None, packages_skip_by_dep=None, packages_skip_up_to=None, packages_select_build_failed=False, packages_skip_build_finished=False, packages_select_test_failures=False, packages_skip_test_passed=False, packages_select=None, packages_skip=None, packages_select_regex=None, packages_skip_regex=None, packages_start=None, packages_end=None, allow_overriding=[], cmake_args=None, cmake_target=None, cmake_target_skip_unavailable=False, cmake_clean_cache=False, cmake_clean_first=False, cmake_force_configure=False, ament_cmake_args=None, catkin_cmake_args=None, catkin_skip_building_tests=False, verb_parser=<colcon_defaults.argument_parser.defaults.DefaultArgumentsDecorator object at 0x7c1e99438be0>, verb_extension=<colcon_core.verb.build.BuildVerb object at 0x7c1e99438070>, main=<bound method BuildVerb.main of <colcon_core.verb.build.BuildVerb object at 0x7c1e99438070>>)
[0.284s] Level 1:colcon.colcon_core.package_discovery:discover_packages(colcon_meta) check parameters
[0.284s] Level 1:colcon.colcon_core.package_discovery:discover_packages(recursive) check parameters
[0.284s] Level 1:colcon.colcon_core.package_discovery:discover_packages(ignore) check parameters
[0.284s] Level 1:colcon.colcon_core.package_discovery:discover_packages(path) check parameters
[0.284s] Level 1:colcon.colcon_core.package_discovery:discover_packages(colcon_meta) discover
[0.285s] Level 1:colcon.colcon_core.package_discovery:discover_packages(recursive) discover
[0.285s] INFO:colcon.colcon_core.package_discovery:Crawling recursively for packages in '/home/tarun_56/pc_ws'
[0.285s] Level 1:colcon.colcon_core.package_identification:_identify(.) by extensions ['ignore', 'ignore_ament_install']
[0.285s] Level 1:colcon.colcon_core.package_identification:_identify(.) by extension 'ignore'
[0.285s] Level 1:colcon.colcon_core.package_identification:_identify(.) by extension 'ignore_ament_install'
[0.285s] Level 1:colcon.colcon_core.package_identification:_identify(.) by extensions ['colcon_pkg']
[0.285s] Level 1:colcon.colcon_core.package_identification:_identify(.) by extension 'colcon_pkg'
[0.285s] Level 1:colcon.colcon_core.package_identification:_identify(.) by extensions ['colcon_meta']
[0.285s] Level 1:colcon.colcon_core.package_identification:_identify(.) by extension 'colcon_meta'
[0.285s] Level 1:colcon.colcon_core.package_identification:_identify(.) by extensions ['ros']
[0.285s] Level 1:colcon.colcon_core.package_identification:_identify(.) by extension 'ros'
[0.297s] Level 1:colcon.colcon_core.package_identification:_identify(.) by extensions ['cmake', 'python']
[0.297s] Level 1:colcon.colcon_core.package_identification:_identify(.) by extension 'cmake'
[0.297s] Level 1:colcon.colcon_core.package_identification:_identify(.) by extension 'python'
[0.297s] Level 1:colcon.colcon_core.package_identification:_identify(.) by extensions ['python_setup_py']
[0.297s] Level 1:colcon.colcon_core.package_identification:_identify(.) by extension 'python_setup_py'
[0.297s] Level 1:colcon.colcon_core.package_identification:_identify(build) by extensions ['ignore', 'ignore_ament_install']
[0.297s] Level 1:colcon.colcon_core.package_identification:_identify(build) by extension 'ignore'
[0.298s] Level 1:colcon.colcon_core.package_identification:_identify(build) ignored
[0.298s] Level 1:colcon.colcon_core.package_identification:_identify(install) by extensions ['ignore', 'ignore_ament_install']
[0.298s] Level 1:colcon.colcon_core.package_identification:_identify(install) by extension 'ignore'
[0.298s] Level 1:colcon.colcon_core.package_identification:_identify(install) ignored
[0.298s] Level 1:colcon.colcon_core.package_identification:_identify(log) by extensions ['ignore', 'ignore_ament_install']
[0.298s] Level 1:colcon.colcon_core.package_identification:_identify(log) by extension 'ignore'
[0.298s] Level 1:colcon.colcon_core.package_identification:_identify(log) ignored
[0.299s] Level 1:colcon.colcon_core.package_identification:_identify(src) by extensions ['ignore', 'ignore_ament_install']
[0.299s] Level 1:colcon.colcon_core.package_identification:_identify(src) by extension 'ignore'
[0.299s] Level 1:colcon.colcon_core.package_identification:_identify(src) by extension 'ignore_ament_install'
[0.299s] Level 1:colcon.colcon_core.package_identification:_identify(src) by extensions ['colcon_pkg']
[0.299s] Level 1:colcon.colcon_core.package_identification:_identify(src) by extension 'colcon_pkg'
[0.299s] Level 1:colcon.colcon_core.package_identification:_identify(src) by extensions ['colcon_meta']
[0.299s] Level 1:colcon.colcon_core.package_identification:_identify(src) by extension 'colcon_meta'
[0.299s] Level 1:colcon.colcon_core.package_identification:_identify(src) by extensions ['ros']
[0.299s] Level 1:colcon.colcon_core.package_identification:_identify(src) by extension 'ros'
[0.299s] Level 1:colcon.colcon_core.package_identification:_identify(src) by extensions ['cmake', 'python']
[0.299s] Level 1:colcon.colcon_core.package_identification:_identify(src) by extension 'cmake'
[0.299s] Level 1:colcon.colcon_core.package_identification:_identify(src) by extension 'python'
[0.300s] Level 1:colcon.colcon_core.package_identification:_identify(src) by extensions ['python_setup_py']
[0.300s] Level 1:colcon.colcon_core.package_identification:_identify(src) by extension 'python_setup_py'
[0.300s] Level 1:colcon.colcon_core.package_identification:_identify(src/JobShopGA) by extensions ['ignore', 'ignore_ament_install']
[0.300s] Level 1:colcon.colcon_core.package_identification:_identify(src/JobShopGA) by extension 'ignore'
[0.300s] Level 1:colcon.colcon_core.package_identification:_identify(src/JobShopGA) by extension 'ignore_ament_install'
[0.300s] Level 1:colcon.colcon_core.package_identification:_identify(src/JobShopGA) by extensions ['colcon_pkg']
[0.300s] Level 1:colcon.colcon_core.package_identification:_identify(src/JobShopGA) by extension 'colcon_pkg'
[0.300s] Level 1:colcon.colcon_core.package_identification:_identify(src/JobShopGA) by extensions ['colcon_meta']
[0.300s] Level 1:colcon.colcon_core.package_identification:_identify(src/JobShopGA) by extension 'colcon_meta'
[0.300s] Level 1:colcon.colcon_core.package_identification:_identify(src/JobShopGA) by extensions ['ros']
[0.300s] Level 1:colcon.colcon_core.package_identification:_identify(src/JobShopGA) by extension 'ros'
[0.300s] Level 1:colcon.colcon_core.package_identification:_identify(src/JobShopGA) by extensions ['cmake', 'python']
[0.301s] Level 1:colcon.colcon_core.package_identification:_identify(src/JobShopGA) by extension 'cmake'
[0.301s] Level 1:colcon.colcon_core.package_identification:_identify(src/JobShopGA) by extension 'python'
[0.301s] Level 1:colcon.colcon_core.package_identification:_identify(src/JobShopGA) by extensions ['python_setup_py']
[0.301s] Level 1:colcon.colcon_core.package_identification:_identify(src/JobShopGA) by extension 'python_setup_py'
[0.301s] Level 1:colcon.colcon_core.package_identification:_identify(src/JobShopGA/Results) by extensions ['ignore', 'ignore_ament_install']
[0.301s] Level 1:colcon.colcon_core.package_identification:_identify(src/JobShopGA/Results) by extension 'ignore'
[0.301s] Level 1:colcon.colcon_core.package_identification:_identify(src/JobShopGA/Results) by extension 'ignore_ament_install'
[0.301s] Level 1:colcon.colcon_core.package_identification:_identify(src/JobShopGA/Results) by extensions ['colcon_pkg']
[0.301s] Level 1:colcon.colcon_core.package_identification:_identify(src/JobShopGA/Results) by extension 'colcon_pkg'
[0.302s] Level 1:colcon.colcon_core.package_identification:_identify(src/JobShopGA/Results) by extensions ['colcon_meta']
[0.302s] Level 1:colcon.colcon_core.package_identification:_identify(src/JobShopGA/Results) by extension 'colcon_meta'
[0.302s] Level 1:colcon.colcon_core.package_identification:_identify(src/JobShopGA/Results) by extensions ['ros']
[0.302s] Level 1:colcon.colcon_core.package_identification:_identify(src/JobShopGA/Results) by extension 'ros'
[0.302s] Level 1:colcon.colcon_core.package_identification:_identify(src/JobShopGA/Results) by extensions ['cmake', 'python']
[0.302s] Level 1:colcon.colcon_core.package_identification:_identify(src/JobShopGA/Results) by extension 'cmake'
[0.302s] Level 1:colcon.colcon_core.package_identification:_identify(src/JobShopGA/Results) by extension 'python'
[0.302s] Level 1:colcon.colcon_core.package_identification:_identify(src/JobShopGA/Results) by extensions ['python_setup_py']
[0.302s] Level 1:colcon.colcon_core.package_identification:_identify(src/JobShopGA/Results) by extension 'python_setup_py'
[0.302s] Level 1:colcon.colcon_core.package_identification:_identify(src/JobShopGA/Results/ft06) by extensions ['ignore', 'ignore_ament_install']
[0.302s] Level 1:colcon.colcon_core.package_identification:_identify(src/JobShopGA/Results/ft06) by extension 'ignore'
[0.303s] Level 1:colcon.colcon_core.package_identification:_identify(src/JobShopGA/Results/ft06) by extension 'ignore_ament_install'
[0.303s] Level 1:colcon.colcon_core.package_identification:_identify(src/JobShopGA/Results/ft06) by extensions ['colcon_pkg']
[0.303s] Level 1:colcon.colcon_core.package_identification:_identify(src/JobShopGA/Results/ft06) by extension 'colcon_pkg'
[0.303s] Level 1:colcon.colcon_core.package_identification:_identify(src/JobShopGA/Results/ft06) by extensions ['colcon_meta']
[0.303s] Level 1:colcon.colcon_core.package_identification:_identify(src/JobShopGA/Results/ft06) by extension 'colcon_meta'
[0.303s] Level 1:colcon.colcon_core.package_identification:_identify(src/JobShopGA/Results/ft06) by extensions ['ros']
[0.303s] Level 1:colcon.colcon_core.package_identification:_identify(src/JobShopGA/Results/ft06) by extension 'ros'
[0.303s] Level 1:colcon.colcon_core.package_identification:_identify(src/JobShopGA/Results/ft06) by extensions ['cmake', 'python']
[0.303s] Level 1:colcon.colcon_core.package_identification:_identify(src/JobShopGA/Results/ft06) by extension 'cmake'
[0.303s] Level 1:colcon.colcon_core.package_identification:_identify(src/JobShopGA/Results/ft06) by extension 'python'
[0.303s] Level 1:colcon.colcon_core.package_identification:_identify(src/JobShopGA/Results/ft06) by extensions ['python_setup_py']
[0.303s] Level 1:colcon.colcon_core.package_identification:_identify(src/JobShopGA/Results/ft06) by extension 'python_setup_py'
[0.304s] Level 1:colcon.colcon_core.package_identification:_identify(src/JobShopGA/Results/la01) by extensions ['ignore', 'ignore_ament_install']
[0.304s] Level 1:colcon.colcon_core.package_identification:_identify(src/JobShopGA/Results/la01) by extension 'ignore'
[0.304s] Level 1:colcon.colcon_core.package_identification:_identify(src/JobShopGA/Results/la01) by extension 'ignore_ament_install'
[0.304s] Level 1:colcon.colcon_core.package_identification:_identify(src/JobShopGA/Results/la01) by extensions ['colcon_pkg']
[0.304s] Level 1:colcon.colcon_core.package_identification:_identify(src/JobShopGA/Results/la01) by extension 'colcon_pkg'
[0.304s] Level 1:colcon.colcon_core.package_identification:_identify(src/JobShopGA/Results/la01) by extensions ['colcon_meta']
[0.304s] Level 1:colcon.colcon_core.package_identification:_identify(src/JobShopGA/Results/la01) by extension 'colcon_meta'
[0.304s] Level 1:colcon.colcon_core.package_identification:_identify(src/JobShopGA/Results/la01) by extensions ['ros']
[0.304s] Level 1:colcon.colcon_core.package_identification:_identify(src/JobShopGA/Results/la01) by extension 'ros'
[0.304s] Level 1:colcon.colcon_core.package_identification:_identify(src/JobShopGA/Results/la01) by extensions ['cmake', 'python']
[0.304s] Level 1:colcon.colcon_core.package_identification:_identify(src/JobShopGA/Results/la01) by extension 'cmake'
[0.305s] Level 1:colcon.colcon_core.package_identification:_identify(src/JobShopGA/Results/la01) by extension 'python'
[0.305s] Level 1:colcon.colcon_core.package_identification:_identify(src/JobShopGA/Results/la01) by extensions ['python_setup_py']
[0.305s] Level 1:colcon.colcon_core.package_identification:_identify(src/JobShopGA/Results/la01) by extension 'python_setup_py'
[0.305s] Level 1:colcon.colcon_core.package_identification:_identify(src/JobShopGA/Results/la02) by extensions ['ignore', 'ignore_ament_install']
[0.305s] Level 1:colcon.colcon_core.package_identification:_identify(src/JobShopGA/Results/la02) by extension 'ignore'
[0.305s] Level 1:colcon.colcon_core.package_identification:_identify(src/JobShopGA/Results/la02) by extension 'ignore_ament_install'
[0.305s] Level 1:colcon.colcon_core.package_identification:_identify(src/JobShopGA/Results/la02) by extensions ['colcon_pkg']
[0.305s] Level 1:colcon.colcon_core.package_identification:_identify(src/JobShopGA/Results/la02) by extension 'colcon_pkg'
[0.305s] Level 1:colcon.colcon_core.package_identification:_identify(src/JobShopGA/Results/la02) by extensions ['colcon_meta']
[0.305s] Level 1:colcon.colcon_core.package_identification:_identify(src/JobShopGA/Results/la02) by extension 'colcon_meta'
[0.306s] Level 1:colcon.colcon_core.package_identification:_identify(src/JobShopGA/Results/la02) by extensions ['ros']
[0.306s] Level 1:colcon.colcon_core.package_identification:_identify(src/JobShopGA/Results/la02) by extension 'ros'
[0.306s] Level 1:colcon.colcon_core.package_identification:_identify(src/JobShopGA/Results/la02) by extensions ['cmake', 'python']
[0.306s] Level 1:colcon.colcon_core.package_identification:_identify(src/JobShopGA/Results/la02) by extension 'cmake'
[0.306s] Level 1:colcon.colcon_core.package_identification:_identify(src/JobShopGA/Results/la02) by extension 'python'
[0.306s] Level 1:colcon.colcon_core.package_identification:_identify(src/JobShopGA/Results/la02) by extensions ['python_setup_py']
[0.306s] Level 1:colcon.colcon_core.package_identification:_identify(src/JobShopGA/Results/la02) by extension 'python_setup_py'
[0.306s] Level 1:colcon.colcon_core.package_identification:_identify(src/JobShopGA/Results/la03) by extensions ['ignore', 'ignore_ament_install']
[0.306s] Level 1:colcon.colcon_core.package_identification:_identify(src/JobShopGA/Results/la03) by extension 'ignore'
[0.306s] Level 1:colcon.colcon_core.package_identification:_identify(src/JobShopGA/Results/la03) by extension 'ignore_ament_install'
[0.306s] Level 1:colcon.colcon_core.package_identification:_identify(src/JobShopGA/Results/la03) by extensions ['colcon_pkg']
[0.307s] Level 1:colcon.colcon_core.package_identification:_identify(src/JobShopGA/Results/la03) by extension 'colcon_pkg'
[0.307s] Level 1:colcon.colcon_core.package_identification:_identify(src/JobShopGA/Results/la03) by extensions ['colcon_meta']
[0.307s] Level 1:colcon.colcon_core.package_identification:_identify(src/JobShopGA/Results/la03) by extension 'colcon_meta'
[0.307s] Level 1:colcon.colcon_core.package_identification:_identify(src/JobShopGA/Results/la03) by extensions ['ros']
[0.307s] Level 1:colcon.colcon_core.package_identification:_identify(src/JobShopGA/Results/la03) by extension 'ros'
[0.307s] Level 1:colcon.colcon_core.package_identification:_identify(src/JobShopGA/Results/la03) by extensions ['cmake', 'python']
[0.307s] Level 1:colcon.colcon_core.package_identification:_identify(src/JobShopGA/Results/la03) by extension 'cmake'
[0.307s] Level 1:colcon.colcon_core.package_identification:_identify(src/JobShopGA/Results/la03) by extension 'python'
[0.307s] Level 1:colcon.colcon_core.package_identification:_identify(src/JobShopGA/Results/la03) by extensions ['python_setup_py']
[0.307s] Level 1:colcon.colcon_core.package_identification:_identify(src/JobShopGA/Results/la03) by extension 'python_setup_py'
[0.307s] Level 1:colcon.colcon_core.package_identification:_identify(src/JobShopGA/Results/la04) by extensions ['ignore', 'ignore_ament_install']
[0.307s] Level 1:colcon.colcon_core.package_identification:_identify(src/JobShopGA/Results/la04) by extension 'ignore'
[0.308s] Level 1:colcon.colcon_core.package_identification:_identify(src/JobShopGA/Results/la04) by extension 'ignore_ament_install'
[0.308s] Level 1:colcon.colcon_core.package_identification:_identify(src/JobShopGA/Results/la04) by extensions ['colcon_pkg']
[0.308s] Level 1:colcon.colcon_core.package_identification:_identify(src/JobShopGA/Results/la04) by extension 'colcon_pkg'
[0.308s] Level 1:colcon.colcon_core.package_identification:_identify(src/JobShopGA/Results/la04) by extensions ['colcon_meta']
[0.308s] Level 1:colcon.colcon_core.package_identification:_identify(src/JobShopGA/Results/la04) by extension 'colcon_meta'
[0.308s] Level 1:colcon.colcon_core.package_identification:_identify(src/JobShopGA/Results/la04) by extensions ['ros']
[0.308s] Level 1:colcon.colcon_core.package_identification:_identify(src/JobShopGA/Results/la04) by extension 'ros'
[0.308s] Level 1:colcon.colcon_core.package_identification:_identify(src/JobShopGA/Results/la04) by extensions ['cmake', 'python']
[0.308s] Level 1:colcon.colcon_core.package_identification:_identify(src/JobShopGA/Results/la04) by extension 'cmake'
[0.308s] Level 1:colcon.colcon_core.package_identification:_identify(src/JobShopGA/Results/la04) by extension 'python'
[0.308s] Level 1:colcon.colcon_core.package_identification:_identify(src/JobShopGA/Results/la04) by extensions ['python_setup_py']
[0.308s] Level 1:colcon.colcon_core.package_identification:_identify(src/JobShopGA/Results/la04) by extension 'python_setup_py'
[0.308s] Level 1:colcon.colcon_core.package_identification:_identify(src/JobShopGA/Results/la05) by extensions ['ignore', 'ignore_ament_install']
[0.309s] Level 1:colcon.colcon_core.package_identification:_identify(src/JobShopGA/Results/la05) by extension 'ignore'
[0.309s] Level 1:colcon.colcon_core.package_identification:_identify(src/JobShopGA/Results/la05) by extension 'ignore_ament_install'
[0.309s] Level 1:colcon.colcon_core.package_identification:_identify(src/JobShopGA/Results/la05) by extensions ['colcon_pkg']
[0.309s] Level 1:colcon.colcon_core.package_identification:_identify(src/JobShopGA/Results/la05) by extension 'colcon_pkg'
[0.309s] Level 1:colcon.colcon_core.package_identification:_identify(src/JobShopGA/Results/la05) by extensions ['colcon_meta']
[0.309s] Level 1:colcon.colcon_core.package_identification:_identify(src/JobShopGA/Results/la05) by extension 'colcon_meta'
[0.309s] Level 1:colcon.colcon_core.package_identification:_identify(src/JobShopGA/Results/la05) by extensions ['ros']
[0.309s] Level 1:colcon.colcon_core.package_identification:_identify(src/JobShopGA/Results/la05) by extension 'ros'
[0.309s] Level 1:colcon.colcon_core.package_identification:_identify(src/JobShopGA/Results/la05) by extensions ['cmake', 'python']
[0.310s] Level 1:colcon.colcon_core.package_identification:_identify(src/JobShopGA/Results/la05) by extension 'cmake'
[0.310s] Level 1:colcon.colcon_core.package_identification:_identify(src/JobShopGA/Results/la05) by extension 'python'
[0.310s] Level 1:colcon.colcon_core.package_identification:_identify(src/JobShopGA/Results/la05) by extensions ['python_setup_py']
[0.310s] Level 1:colcon.colcon_core.package_identification:_identify(src/JobShopGA/Results/la05) by extension 'python_setup_py'
[0.310s] Level 1:colcon.colcon_core.package_identification:_identify(src/JobShopGA/__pycache__) by extensions ['ignore', 'ignore_ament_install']
[0.310s] Level 1:colcon.colcon_core.package_identification:_identify(src/JobShopGA/__pycache__) by extension 'ignore'
[0.310s] Level 1:colcon.colcon_core.package_identification:_identify(src/JobShopGA/__pycache__) by extension 'ignore_ament_install'
[0.310s] Level 1:colcon.colcon_core.package_identification:_identify(src/JobShopGA/__pycache__) by extensions ['colcon_pkg']
[0.310s] Level 1:colcon.colcon_core.package_identification:_identify(src/JobShopGA/__pycache__) by extension 'colcon_pkg'
[0.310s] Level 1:colcon.colcon_core.package_identification:_identify(src/JobShopGA/__pycache__) by extensions ['colcon_meta']
[0.310s] Level 1:colcon.colcon_core.package_identification:_identify(src/JobShopGA/__pycache__) by extension 'colcon_meta'
[0.310s] Level 1:colcon.colcon_core.package_identification:_identify(src/JobShopGA/__pycache__) by extensions ['ros']
[0.311s] Level 1:colcon.colcon_core.package_identification:_identify(src/JobShopGA/__pycache__) by extension 'ros'
[0.311s] Level 1:colcon.colcon_core.package_identification:_identify(src/JobShopGA/__pycache__) by extensions ['cmake', 'python']
[0.311s] Level 1:colcon.colcon_core.package_identification:_identify(src/JobShopGA/__pycache__) by extension 'cmake'
[0.311s] Level 1:colcon.colcon_core.package_identification:_identify(src/JobShopGA/__pycache__) by extension 'python'
[0.311s] Level 1:colcon.colcon_core.package_identification:_identify(src/JobShopGA/__pycache__) by extensions ['python_setup_py']
[0.311s] Level 1:colcon.colcon_core.package_identification:_identify(src/JobShopGA/__pycache__) by extension 'python_setup_py'
[0.311s] Level 1:colcon.colcon_core.package_identification:_identify(src/autobot) by extensions ['ignore', 'ignore_ament_install']
[0.311s] Level 1:colcon.colcon_core.package_identification:_identify(src/autobot) by extension 'ignore'
[0.311s] Level 1:colcon.colcon_core.package_identification:_identify(src/autobot) by extension 'ignore_ament_install'
[0.311s] Level 1:colcon.colcon_core.package_identification:_identify(src/autobot) by extensions ['colcon_pkg']
[0.311s] Level 1:colcon.colcon_core.package_identification:_identify(src/autobot) by extension 'colcon_pkg'
[0.311s] Level 1:colcon.colcon_core.package_identification:_identify(src/autobot) by extensions ['colcon_meta']
[0.311s] Level 1:colcon.colcon_core.package_identification:_identify(src/autobot) by extension 'colcon_meta'
[0.312s] Level 1:colcon.colcon_core.package_identification:_identify(src/autobot) by extensions ['ros']
[0.312s] Level 1:colcon.colcon_core.package_identification:_identify(src/autobot) by extension 'ros'
[0.314s] DEBUG:colcon.colcon_core.package_identification:Package 'src/autobot' with type 'ros.ament_cmake' and name 'autobot'
[0.314s] Level 1:colcon.colcon_core.package_identification:_identify(src/ball_tracker) by extensions ['ignore', 'ignore_ament_install']
[0.314s] Level 1:colcon.colcon_core.package_identification:_identify(src/ball_tracker) by extension 'ignore'
[0.314s] Level 1:colcon.colcon_core.package_identification:_identify(src/ball_tracker) by extension 'ignore_ament_install'
[0.314s] Level 1:colcon.colcon_core.package_identification:_identify(src/ball_tracker) by extensions ['colcon_pkg']
[0.314s] Level 1:colcon.colcon_core.package_identification:_identify(src/ball_tracker) by extension 'colcon_pkg'
[0.314s] Level 1:colcon.colcon_core.package_identification:_identify(src/ball_tracker) by extensions ['colcon_meta']
[0.314s] Level 1:colcon.colcon_core.package_identification:_identify(src/ball_tracker) by extension 'colcon_meta'
[0.314s] Level 1:colcon.colcon_core.package_identification:_identify(src/ball_tracker) by extensions ['ros']
[0.314s] Level 1:colcon.colcon_core.package_identification:_identify(src/ball_tracker) by extension 'ros'
[0.316s] DEBUG:colcon.colcon_core.package_identification:Package 'src/ball_tracker' with type 'ros.ament_python' and name 'ball_tracker'
[0.316s] Level 1:colcon.colcon_core.package_identification:_identify(src/follow_waypoints) by extensions ['ignore', 'ignore_ament_install']
[0.316s] Level 1:colcon.colcon_core.package_identification:_identify(src/follow_waypoints) by extension 'ignore'
[0.316s] Level 1:colcon.colcon_core.package_identification:_identify(src/follow_waypoints) by extension 'ignore_ament_install'
[0.316s] Level 1:colcon.colcon_core.package_identification:_identify(src/follow_waypoints) by extensions ['colcon_pkg']
[0.316s] Level 1:colcon.colcon_core.package_identification:_identify(src/follow_waypoints) by extension 'colcon_pkg'
[0.317s] Level 1:colcon.colcon_core.package_identification:_identify(src/follow_waypoints) by extensions ['colcon_meta']
[0.317s] Level 1:colcon.colcon_core.package_identification:_identify(src/follow_waypoints) by extension 'colcon_meta'
[0.317s] Level 1:colcon.colcon_core.package_identification:_identify(src/follow_waypoints) by extensions ['ros']
[0.317s] Level 1:colcon.colcon_core.package_identification:_identify(src/follow_waypoints) by extension 'ros'
[0.317s] DEBUG:colcon.colcon_core.package_identification:Package 'src/follow_waypoints' with type 'ros.ament_python' and name 'follow_waypoints'
[0.317s] Level 1:colcon.colcon_core.package_discovery:discover_packages(recursive) using defaults
[0.317s] Level 1:colcon.colcon_core.package_discovery:discover_packages(ignore) discover
[0.317s] Level 1:colcon.colcon_core.package_discovery:discover_packages(ignore) using defaults
[0.317s] Level 1:colcon.colcon_core.package_discovery:discover_packages(path) discover
[0.318s] Level 1:colcon.colcon_core.package_discovery:discover_packages(path) using defaults
[0.343s] Level 1:colcon.colcon_core.package_discovery:discover_packages(prefix_path) check parameters
[0.343s] Level 1:colcon.colcon_core.package_discovery:discover_packages(prefix_path) discover
[0.345s] DEBUG:colcon.colcon_installed_package_information.package_discovery:Found 3 installed packages in /home/tarun_56/pc_ws/install
[0.346s] DEBUG:colcon.colcon_installed_package_information.package_discovery:Found 354 installed packages in /opt/ros/humble
[0.348s] Level 1:colcon.colcon_core.package_discovery:discover_packages(prefix_path) using defaults
[0.393s] Level 5:colcon.colcon_core.verb:set package 'autobot' build argument 'cmake_args' from command line to 'None'
[0.393s] Level 5:colcon.colcon_core.verb:set package 'autobot' build argument 'cmake_target' from command line to 'None'
[0.393s] Level 5:colcon.colcon_core.verb:set package 'autobot' build argument 'cmake_target_skip_unavailable' from command line to 'False'
[0.393s] Level 5:colcon.colcon_core.verb:set package 'autobot' build argument 'cmake_clean_cache' from command line to 'False'
[0.393s] Level 5:colcon.colcon_core.verb:set package 'autobot' build argument 'cmake_clean_first' from command line to 'False'
[0.393s] Level 5:colcon.colcon_core.verb:set package 'autobot' build argument 'cmake_force_configure' from command line to 'False'
[0.393s] Level 5:colcon.colcon_core.verb:set package 'autobot' build argument 'ament_cmake_args' from command line to 'None'
[0.393s] Level 5:colcon.colcon_core.verb:set package 'autobot' build argument 'catkin_cmake_args' from command line to 'None'
[0.394s] Level 5:colcon.colcon_core.verb:set package 'autobot' build argument 'catkin_skip_building_tests' from command line to 'False'
[0.394s] DEBUG:colcon.colcon_core.verb:Building package 'autobot' with the following arguments: {'ament_cmake_args': None, 'build_base': '/home/tarun_56/pc_ws/build/autobot', 'catkin_cmake_args': None, 'catkin_skip_building_tests': False, 'cmake_args': None, 'cmake_clean_cache': False, 'cmake_clean_first': False, 'cmake_force_configure': False, 'cmake_target': None, 'cmake_target_skip_unavailable': False, 'install_base': '/home/tarun_56/pc_ws/install/autobot', 'merge_install': False, 'path': '/home/tarun_56/pc_ws/src/autobot', 'symlink_install': True, 'test_result_base': None}
[0.394s] Level 5:colcon.colcon_core.verb:set package 'ball_tracker' build argument 'cmake_args' from command line to 'None'
[0.394s] Level 5:colcon.colcon_core.verb:set package 'ball_tracker' build argument 'cmake_target' from command line to 'None'
[0.394s] Level 5:colcon.colcon_core.verb:set package 'ball_tracker' build argument 'cmake_target_skip_unavailable' from command line to 'False'
[0.394s] Level 5:colcon.colcon_core.verb:set package 'ball_tracker' build argument 'cmake_clean_cache' from command line to 'False'
[0.394s] Level 5:colcon.colcon_core.verb:set package 'ball_tracker' build argument 'cmake_clean_first' from command line to 'False'
[0.394s] Level 5:colcon.colcon_core.verb:set package 'ball_tracker' build argument 'cmake_force_configure' from command line to 'False'
[0.394s] Level 5:colcon.colcon_core.verb:set package 'ball_tracker' build argument 'ament_cmake_args' from command line to 'None'
[0.394s] Level 5:colcon.colcon_core.verb:set package 'ball_tracker' build argument 'catkin_cmake_args' from command line to 'None'
[0.394s] Level 5:colcon.colcon_core.verb:set package 'ball_tracker' build argument 'catkin_skip_building_tests' from command line to 'False'
[0.394s] DEBUG:colcon.colcon_core.verb:Building package 'ball_tracker' with the following arguments: {'ament_cmake_args': None, 'build_base': '/home/tarun_56/pc_ws/build/ball_tracker', 'catkin_cmake_args': None, 'catkin_skip_building_tests': False, 'cmake_args': None, 'cmake_clean_cache': False, 'cmake_clean_first': False, 'cmake_force_configure': False, 'cmake_target': None, 'cmake_target_skip_unavailable': False, 'install_base': '/home/tarun_56/pc_ws/install/ball_tracker', 'merge_install': False, 'path': '/home/tarun_56/pc_ws/src/ball_tracker', 'symlink_install': True, 'test_result_base': None}
[0.395s] Level 5:colcon.colcon_core.verb:set package 'follow_waypoints' build argument 'cmake_args' from command line to 'None'
[0.395s] Level 5:colcon.colcon_core.verb:set package 'follow_waypoints' build argument 'cmake_target' from command line to 'None'
[0.395s] Level 5:colcon.colcon_core.verb:set package 'follow_waypoints' build argument 'cmake_target_skip_unavailable' from command line to 'False'
[0.395s] Level 5:colcon.colcon_core.verb:set package 'follow_waypoints' build argument 'cmake_clean_cache' from command line to 'False'
[0.395s] Level 5:colcon.colcon_core.verb:set package 'follow_waypoints' build argument 'cmake_clean_first' from command line to 'False'
[0.395s] Level 5:colcon.colcon_core.verb:set package 'follow_waypoints' build argument 'cmake_force_configure' from command line to 'False'
[0.395s] Level 5:colcon.colcon_core.verb:set package 'follow_waypoints' build argument 'ament_cmake_args' from command line to 'None'
[0.395s] Level 5:colcon.colcon_core.verb:set package 'follow_waypoints' build argument 'catkin_cmake_args' from command line to 'None'
[0.395s] Level 5:colcon.colcon_core.verb:set package 'follow_waypoints' build argument 'catkin_skip_building_tests' from command line to 'False'
[0.395s] DEBUG:colcon.colcon_core.verb:Building package 'follow_waypoints' with the following arguments: {'ament_cmake_args': None, 'build_base': '/home/tarun_56/pc_ws/build/follow_waypoints', 'catkin_cmake_args': None, 'catkin_skip_building_tests': False, 'cmake_args': None, 'cmake_clean_cache': False, 'cmake_clean_first': False, 'cmake_force_configure': False, 'cmake_target': None, 'cmake_target_skip_unavailable': False, 'install_base': '/home/tarun_56/pc_ws/install/follow_waypoints', 'merge_install': False, 'path': '/home/tarun_56/pc_ws/src/follow_waypoints', 'symlink_install': True, 'test_result_base': None}
[0.395s] INFO:colcon.colcon_core.executor:Executing jobs using 'parallel' executor
[0.397s] DEBUG:colcon.colcon_parallel_executor.executor.parallel:run_until_complete
[0.397s] INFO:colcon.colcon_ros.task.ament_cmake.build:Building ROS package in '/home/tarun_56/pc_ws/src/autobot' with build type 'ament_cmake'
[0.397s] INFO:colcon.colcon_cmake.task.cmake.build:Building CMake package in '/home/tarun_56/pc_ws/src/autobot'
[0.400s] INFO:colcon.colcon_core.plugin_system:Skipping extension 'colcon_core.shell.bat': Not used on non-Windows systems
[0.400s] INFO:colcon.colcon_core.shell:Skip shell extension 'powershell' for command environment: Not usable outside of PowerShell
[0.400s] DEBUG:colcon.colcon_core.shell:Skip shell extension 'dsv' for command environment
[0.405s] INFO:colcon.colcon_ros.task.ament_python.build:Building ROS package in '/home/tarun_56/pc_ws/src/ball_tracker' with build type 'ament_python'
[0.406s] Level 1:colcon.colcon_core.shell:create_environment_hook('ball_tracker', 'ament_prefix_path')
[0.406s] INFO:colcon.colcon_core.shell:Creating environment hook '/home/tarun_56/pc_ws/install/ball_tracker/share/ball_tracker/hook/ament_prefix_path.ps1'
[0.407s] INFO:colcon.colcon_core.shell:Creating environment descriptor '/home/tarun_56/pc_ws/install/ball_tracker/share/ball_tracker/hook/ament_prefix_path.dsv'
[0.408s] INFO:colcon.colcon_core.shell:Creating environment hook '/home/tarun_56/pc_ws/install/ball_tracker/share/ball_tracker/hook/ament_prefix_path.sh'
[0.410s] INFO:colcon.colcon_core.shell:Skip shell extension 'powershell' for command environment: Not usable outside of PowerShell
[0.410s] DEBUG:colcon.colcon_core.shell:Skip shell extension 'dsv' for command environment
[0.416s] INFO:colcon.colcon_ros.task.ament_python.build:Building ROS package in '/home/tarun_56/pc_ws/src/follow_waypoints' with build type 'ament_python'
[0.416s] Level 1:colcon.colcon_core.shell:create_environment_hook('follow_waypoints', 'ament_prefix_path')
[0.417s] INFO:colcon.colcon_core.shell:Creating environment hook '/home/tarun_56/pc_ws/install/follow_waypoints/share/follow_waypoints/hook/ament_prefix_path.ps1'
[0.418s] INFO:colcon.colcon_core.shell:Creating environment descriptor '/home/tarun_56/pc_ws/install/follow_waypoints/share/follow_waypoints/hook/ament_prefix_path.dsv'
[0.418s] INFO:colcon.colcon_core.shell:Creating environment hook '/home/tarun_56/pc_ws/install/follow_waypoints/share/follow_waypoints/hook/ament_prefix_path.sh'
[0.420s] INFO:colcon.colcon_core.shell:Skip shell extension 'powershell' for command environment: Not usable outside of PowerShell
[0.420s] DEBUG:colcon.colcon_core.shell:Skip shell extension 'dsv' for command environment
[0.431s] DEBUG:colcon.colcon_core.event_handler.log_command:Invoking command in '/home/tarun_56/pc_ws/build/autobot': CMAKE_PREFIX_PATH=${CMAKE_PREFIX_PATH}:/home/tarun_56/pc_ws/install/follow_waypoints:/home/tarun_56/pc_ws/install/ball_tracker:/opt/ros/humble /usr/bin/cmake --build /home/tarun_56/pc_ws/build/autobot -- -j4 -l4
[0.744s] INFO:colcon.colcon_core.task.python.build:Building Python package in '/home/tarun_56/pc_ws/src/ball_tracker'
[0.745s] INFO:colcon.colcon_core.shell:Skip shell extension 'powershell' for command environment: Not usable outside of PowerShell
[0.745s] DEBUG:colcon.colcon_core.shell:Skip shell extension 'dsv' for command environment
[1.044s] INFO:colcon.colcon_core.task.python.build:Building Python package in '/home/tarun_56/pc_ws/src/follow_waypoints'
[1.044s] INFO:colcon.colcon_core.shell:Skip shell extension 'powershell' for command environment: Not usable outside of PowerShell
[1.044s] DEBUG:colcon.colcon_core.shell:Skip shell extension 'dsv' for command environment
[1.049s] DEBUG:colcon.colcon_core.event_handler.log_command:Invoked command in '/home/tarun_56/pc_ws/build/autobot' returned '0': CMAKE_PREFIX_PATH=${CMAKE_PREFIX_PATH}:/home/tarun_56/pc_ws/install/follow_waypoints:/home/tarun_56/pc_ws/install/ball_tracker:/opt/ros/humble /usr/bin/cmake --build /home/tarun_56/pc_ws/build/autobot -- -j4 -l4
[1.110s] DEBUG:colcon.colcon_core.event_handler.log_command:Invoking command in '/home/tarun_56/pc_ws/build/autobot': CMAKE_PREFIX_PATH=${CMAKE_PREFIX_PATH}:/home/tarun_56/pc_ws/install/follow_waypoints:/home/tarun_56/pc_ws/install/ball_tracker:/opt/ros/humble /usr/bin/cmake --install /home/tarun_56/pc_ws/build/autobot
[1.175s] Level 1:colcon.colcon_core.environment:create_environment_scripts_only(autobot)
[1.176s] DEBUG:colcon.colcon_core.event_handler.log_command:Invoked command in '/home/tarun_56/pc_ws/build/autobot' returned '0': CMAKE_PREFIX_PATH=${CMAKE_PREFIX_PATH}:/home/tarun_56/pc_ws/install/follow_waypoints:/home/tarun_56/pc_ws/install/ball_tracker:/opt/ros/humble /usr/bin/cmake --install /home/tarun_56/pc_ws/build/autobot
[1.181s] Level 1:colcon.colcon_core.environment:checking '/home/tarun_56/pc_ws/install/autobot' for CMake module files
[1.182s] Level 1:colcon.colcon_core.environment:checking '/home/tarun_56/pc_ws/install/autobot' for CMake config files
[1.183s] Level 1:colcon.colcon_core.shell:create_environment_hook('autobot', 'cmake_prefix_path')
[1.183s] INFO:colcon.colcon_core.shell:Creating environment hook '/home/tarun_56/pc_ws/install/autobot/share/autobot/hook/cmake_prefix_path.ps1'
[1.184s] INFO:colcon.colcon_core.shell:Creating environment descriptor '/home/tarun_56/pc_ws/install/autobot/share/autobot/hook/cmake_prefix_path.dsv'
[1.185s] INFO:colcon.colcon_core.shell:Creating environment hook '/home/tarun_56/pc_ws/install/autobot/share/autobot/hook/cmake_prefix_path.sh'
[1.186s] Level 1:colcon.colcon_core.environment:checking '/home/tarun_56/pc_ws/install/autobot/bin'
[1.186s] Level 1:colcon.colcon_core.environment:checking '/home/tarun_56/pc_ws/install/autobot/lib/pkgconfig/autobot.pc'
[1.186s] Level 1:colcon.colcon_core.environment:checking '/home/tarun_56/pc_ws/install/autobot/lib/python3.10/site-packages'
[1.187s] Level 1:colcon.colcon_core.environment:checking '/home/tarun_56/pc_ws/install/autobot/bin'
[1.187s] INFO:colcon.colcon_core.shell:Creating package script '/home/tarun_56/pc_ws/install/autobot/share/autobot/package.ps1'
[1.189s] INFO:colcon.colcon_core.shell:Creating package descriptor '/home/tarun_56/pc_ws/install/autobot/share/autobot/package.dsv'
[1.190s] INFO:colcon.colcon_core.shell:Creating package script '/home/tarun_56/pc_ws/install/autobot/share/autobot/package.sh'
[1.191s] INFO:colcon.colcon_core.shell:Creating package script '/home/tarun_56/pc_ws/install/autobot/share/autobot/package.bash'
[1.192s] INFO:colcon.colcon_core.shell:Creating package script '/home/tarun_56/pc_ws/install/autobot/share/autobot/package.zsh'
[1.193s] Level 1:colcon.colcon_core.environment:create_file_with_runtime_dependencies(/home/tarun_56/pc_ws/install/autobot/share/colcon-core/packages/autobot)
[1.236s] Level 1:colcon.colcon_core.environment:create_environment_scripts_only(autobot)
[1.237s] Level 1:colcon.colcon_core.environment:checking '/home/tarun_56/pc_ws/install/autobot' for CMake module files
[1.238s] Level 1:colcon.colcon_core.environment:checking '/home/tarun_56/pc_ws/install/autobot' for CMake config files
[1.239s] Level 1:colcon.colcon_core.shell:create_environment_hook('autobot', 'cmake_prefix_path')
[1.239s] INFO:colcon.colcon_core.shell:Creating environment hook '/home/tarun_56/pc_ws/install/autobot/share/autobot/hook/cmake_prefix_path.ps1'
[1.240s] INFO:colcon.colcon_core.shell:Creating environment descriptor '/home/tarun_56/pc_ws/install/autobot/share/autobot/hook/cmake_prefix_path.dsv'
[1.242s] INFO:colcon.colcon_core.shell:Creating environment hook '/home/tarun_56/pc_ws/install/autobot/share/autobot/hook/cmake_prefix_path.sh'
[1.243s] Level 1:colcon.colcon_core.environment:checking '/home/tarun_56/pc_ws/install/autobot/bin'
[1.243s] Level 1:colcon.colcon_core.environment:checking '/home/tarun_56/pc_ws/install/autobot/lib/pkgconfig/autobot.pc'
[1.244s] Level 1:colcon.colcon_core.environment:checking '/home/tarun_56/pc_ws/install/autobot/lib/python3.10/site-packages'
[1.244s] Level 1:colcon.colcon_core.environment:checking '/home/tarun_56/pc_ws/install/autobot/bin'
[1.244s] INFO:colcon.colcon_core.shell:Creating package script '/home/tarun_56/pc_ws/install/autobot/share/autobot/package.ps1'
[1.246s] INFO:colcon.colcon_core.shell:Creating package descriptor '/home/tarun_56/pc_ws/install/autobot/share/autobot/package.dsv'
[1.247s] INFO:colcon.colcon_core.shell:Creating package script '/home/tarun_56/pc_ws/install/autobot/share/autobot/package.sh'
[1.248s] INFO:colcon.colcon_core.shell:Creating package script '/home/tarun_56/pc_ws/install/autobot/share/autobot/package.bash'
[1.250s] INFO:colcon.colcon_core.shell:Creating package script '/home/tarun_56/pc_ws/install/autobot/share/autobot/package.zsh'
[1.250s] Level 1:colcon.colcon_core.environment:create_file_with_runtime_dependencies(/home/tarun_56/pc_ws/install/autobot/share/colcon-core/packages/autobot)
[1.486s] DEBUG:colcon.colcon_core.event_handler.log_command:Invoking command in '/home/tarun_56/pc_ws/build/follow_waypoints': PYTHONPATH=/home/tarun_56/pc_ws/build/follow_waypoints/prefix_override:/home/tarun_56/pc_ws/install/follow_waypoints/lib/python3.10/site-packages:${PYTHONPATH} /usr/bin/python3 -W ignore:setup.py install is deprecated setup.py develop --editable --build-directory /home/tarun_56/pc_ws/build/follow_waypoints/build --no-deps symlink_data
[1.516s] DEBUG:colcon.colcon_core.event_handler.log_command:Invoking command in '/home/tarun_56/pc_ws/build/ball_tracker': PYTHONPATH=/home/tarun_56/pc_ws/build/ball_tracker/prefix_override:/home/tarun_56/pc_ws/install/ball_tracker/lib/python3.10/site-packages:${PYTHONPATH} /usr/bin/python3 -W ignore:setup.py install is deprecated setup.py develop --editable --build-directory /home/tarun_56/pc_ws/build/ball_tracker/build --no-deps symlink_data
[2.056s] Level 1:colcon.colcon_core.shell:create_environment_hook('ball_tracker', 'pythonpath_develop')
[2.056s] INFO:colcon.colcon_core.shell:Creating environment hook '/home/tarun_56/pc_ws/build/ball_tracker/share/ball_tracker/hook/pythonpath_develop.ps1'
[2.057s] INFO:colcon.colcon_core.shell:Creating environment descriptor '/home/tarun_56/pc_ws/build/ball_tracker/share/ball_tracker/hook/pythonpath_develop.dsv'
[2.057s] INFO:colcon.colcon_core.shell:Creating environment hook '/home/tarun_56/pc_ws/build/ball_tracker/share/ball_tracker/hook/pythonpath_develop.sh'
[2.058s] Level 1:colcon.colcon_core.environment:checking '/home/tarun_56/pc_ws/install/ball_tracker' for CMake module files
[2.059s] Level 1:colcon.colcon_core.environment:checking '/home/tarun_56/pc_ws/install/ball_tracker' for CMake config files
[2.059s] Level 1:colcon.colcon_core.environment:checking '/home/tarun_56/pc_ws/install/ball_tracker/lib'
[2.060s] Level 1:colcon.colcon_core.environment:checking '/home/tarun_56/pc_ws/install/ball_tracker/bin'
[2.060s] Level 1:colcon.colcon_core.environment:checking '/home/tarun_56/pc_ws/install/ball_tracker/lib/pkgconfig/ball_tracker.pc'
[2.060s] Level 1:colcon.colcon_core.environment:checking '/home/tarun_56/pc_ws/install/ball_tracker/lib/python3.10/site-packages'
[2.060s] Level 1:colcon.colcon_core.shell:create_environment_hook('ball_tracker', 'pythonpath')
[2.060s] INFO:colcon.colcon_core.shell:Creating environment hook '/home/tarun_56/pc_ws/install/ball_tracker/share/ball_tracker/hook/pythonpath.ps1'
[2.061s] INFO:colcon.colcon_core.shell:Creating environment descriptor '/home/tarun_56/pc_ws/install/ball_tracker/share/ball_tracker/hook/pythonpath.dsv'
[2.061s] INFO:colcon.colcon_core.shell:Creating environment hook '/home/tarun_56/pc_ws/install/ball_tracker/share/ball_tracker/hook/pythonpath.sh'
[2.062s] Level 1:colcon.colcon_core.environment:checking '/home/tarun_56/pc_ws/install/ball_tracker/bin'
[2.062s] Level 1:colcon.colcon_core.environment:create_environment_scripts_only(ball_tracker)
[2.062s] INFO:colcon.colcon_core.shell:Creating package script '/home/tarun_56/pc_ws/install/ball_tracker/share/ball_tracker/package.ps1'
[2.063s] INFO:colcon.colcon_core.shell:Creating package descriptor '/home/tarun_56/pc_ws/install/ball_tracker/share/ball_tracker/package.dsv'
[2.064s] INFO:colcon.colcon_core.shell:Creating package script '/home/tarun_56/pc_ws/install/ball_tracker/share/ball_tracker/package.sh'
[2.064s] INFO:colcon.colcon_core.shell:Creating package script '/home/tarun_56/pc_ws/install/ball_tracker/share/ball_tracker/package.bash'
[2.065s] INFO:colcon.colcon_core.shell:Creating package script '/home/tarun_56/pc_ws/install/ball_tracker/share/ball_tracker/package.zsh'
[2.065s] Level 1:colcon.colcon_core.environment:create_file_with_runtime_dependencies(/home/tarun_56/pc_ws/install/ball_tracker/share/colcon-core/packages/ball_tracker)
[2.066s] DEBUG:colcon.colcon_core.event_handler.log_command:Invoked command in '/home/tarun_56/pc_ws/build/ball_tracker' returned '0': PYTHONPATH=/home/tarun_56/pc_ws/build/ball_tracker/prefix_override:/home/tarun_56/pc_ws/install/ball_tracker/lib/python3.10/site-packages:${PYTHONPATH} /usr/bin/python3 -W ignore:setup.py install is deprecated setup.py develop --editable --build-directory /home/tarun_56/pc_ws/build/ball_tracker/build --no-deps symlink_data
[2.079s] Level 1:colcon.colcon_core.shell:create_environment_hook('follow_waypoints', 'pythonpath_develop')
[2.080s] INFO:colcon.colcon_core.shell:Creating environment hook '/home/tarun_56/pc_ws/build/follow_waypoints/share/follow_waypoints/hook/pythonpath_develop.ps1'
[2.081s] DEBUG:colcon.colcon_core.event_handler.log_command:Invoked command in '/home/tarun_56/pc_ws/build/follow_waypoints' returned '0': PYTHONPATH=/home/tarun_56/pc_ws/build/follow_waypoints/prefix_override:/home/tarun_56/pc_ws/install/follow_waypoints/lib/python3.10/site-packages:${PYTHONPATH} /usr/bin/python3 -W ignore:setup.py install is deprecated setup.py develop --editable --build-directory /home/tarun_56/pc_ws/build/follow_waypoints/build --no-deps symlink_data
[2.081s] INFO:colcon.colcon_core.shell:Creating environment descriptor '/home/tarun_56/pc_ws/build/follow_waypoints/share/follow_waypoints/hook/pythonpath_develop.dsv'
[2.082s] INFO:colcon.colcon_core.shell:Creating environment hook '/home/tarun_56/pc_ws/build/follow_waypoints/share/follow_waypoints/hook/pythonpath_develop.sh'
[2.083s] Level 1:colcon.colcon_core.environment:checking '/home/tarun_56/pc_ws/install/follow_waypoints' for CMake module files
[2.083s] Level 1:colcon.colcon_core.environment:checking '/home/tarun_56/pc_ws/install/follow_waypoints' for CMake config files
[2.084s] Level 1:colcon.colcon_core.environment:checking '/home/tarun_56/pc_ws/install/follow_waypoints/lib'
[2.084s] Level 1:colcon.colcon_core.environment:checking '/home/tarun_56/pc_ws/install/follow_waypoints/bin'
[2.084s] Level 1:colcon.colcon_core.environment:checking '/home/tarun_56/pc_ws/install/follow_waypoints/lib/pkgconfig/follow_waypoints.pc'
[2.084s] Level 1:colcon.colcon_core.environment:checking '/home/tarun_56/pc_ws/install/follow_waypoints/lib/python3.10/site-packages'
[2.084s] Level 1:colcon.colcon_core.shell:create_environment_hook('follow_waypoints', 'pythonpath')
[2.085s] INFO:colcon.colcon_core.shell:Creating environment hook '/home/tarun_56/pc_ws/install/follow_waypoints/share/follow_waypoints/hook/pythonpath.ps1'
[2.085s] INFO:colcon.colcon_core.shell:Creating environment descriptor '/home/tarun_56/pc_ws/install/follow_waypoints/share/follow_waypoints/hook/pythonpath.dsv'
[2.086s] INFO:colcon.colcon_core.shell:Creating environment hook '/home/tarun_56/pc_ws/install/follow_waypoints/share/follow_waypoints/hook/pythonpath.sh'
[2.087s] Level 1:colcon.colcon_core.environment:checking '/home/tarun_56/pc_ws/install/follow_waypoints/bin'
[2.087s] Level 1:colcon.colcon_core.environment:create_environment_scripts_only(follow_waypoints)
[2.087s] INFO:colcon.colcon_core.shell:Creating package script '/home/tarun_56/pc_ws/install/follow_waypoints/share/follow_waypoints/package.ps1'
[2.088s] INFO:colcon.colcon_core.shell:Creating package descriptor '/home/tarun_56/pc_ws/install/follow_waypoints/share/follow_waypoints/package.dsv'
[2.088s] INFO:colcon.colcon_core.shell:Creating package script '/home/tarun_56/pc_ws/install/follow_waypoints/share/follow_waypoints/package.sh'
[2.089s] INFO:colcon.colcon_core.shell:Creating package script '/home/tarun_56/pc_ws/install/follow_waypoints/share/follow_waypoints/package.bash'
[2.090s] INFO:colcon.colcon_core.shell:Creating package script '/home/tarun_56/pc_ws/install/follow_waypoints/share/follow_waypoints/package.zsh'
[2.090s] Level 1:colcon.colcon_core.environment:create_file_with_runtime_dependencies(/home/tarun_56/pc_ws/install/follow_waypoints/share/colcon-core/packages/follow_waypoints)
[2.091s] DEBUG:colcon.colcon_parallel_executor.executor.parallel:closing loop
[2.091s] DEBUG:colcon.colcon_parallel_executor.executor.parallel:loop closed
[2.091s] DEBUG:colcon.colcon_parallel_executor.executor.parallel:run_until_complete finished with '0'
[2.091s] DEBUG:colcon.colcon_core.event_reactor:joining thread
[2.098s] INFO:colcon.colcon_core.plugin_system:Skipping extension 'colcon_notification.desktop_notification.terminal_notifier': Not used on non-Darwin systems
[2.098s] INFO:colcon.colcon_core.plugin_system:Skipping extension 'colcon_notification.desktop_notification.win32': Not used on non-Windows systems
[2.098s] INFO:colcon.colcon_notification.desktop_notification:Sending desktop notification using 'notify2'
[2.113s] DEBUG:colcon.colcon_core.event_reactor:joined thread
[2.114s] INFO:colcon.colcon_core.shell:Creating prefix script '/home/tarun_56/pc_ws/install/local_setup.ps1'
[2.115s] INFO:colcon.colcon_core.shell:Creating prefix util module '/home/tarun_56/pc_ws/install/_local_setup_util_ps1.py'
[2.116s] INFO:colcon.colcon_core.shell:Creating prefix chain script '/home/tarun_56/pc_ws/install/setup.ps1'
[2.117s] INFO:colcon.colcon_core.shell:Creating prefix script '/home/tarun_56/pc_ws/install/local_setup.sh'
[2.120s] INFO:colcon.colcon_core.shell:Creating prefix util module '/home/tarun_56/pc_ws/install/_local_setup_util_sh.py'
[2.121s] INFO:colcon.colcon_core.shell:Creating prefix chain script '/home/tarun_56/pc_ws/install/setup.sh'
[2.123s] INFO:colcon.colcon_core.shell:Creating prefix script '/home/tarun_56/pc_ws/install/local_setup.bash'
[2.125s] INFO:colcon.colcon_core.shell:Creating prefix chain script '/home/tarun_56/pc_ws/install/setup.bash'
[2.127s] INFO:colcon.colcon_core.shell:Creating prefix script '/home/tarun_56/pc_ws/install/local_setup.zsh'
[2.128s] INFO:colcon.colcon_core.shell:Creating prefix chain script '/home/tarun_56/pc_ws/install/setup.zsh'
