[1.105s] Invoking command in '/home/tarun_56/pc_ws/src/ball_tracker': PYTHONPATH=/home/tarun_56/pc_ws/build/ball_tracker/prefix_override:/home/tarun_56/pc_ws/install/ball_tracker/lib/python3.10/site-packages:${PYTHONPATH} /usr/bin/python3 setup.py egg_info --egg-base ../../build/ball_tracker build --build-base /home/tarun_56/pc_ws/build/ball_tracker/build install --record /home/tarun_56/pc_ws/build/ball_tracker/install.log --install-scripts $base/lib/ball_tracker --single-version-externally-managed
[1.420s] /usr/lib/python3/dist-packages/setuptools/dist.py:723: UserWarning: Usage of dash-separated 'script-dir' will not be supported in future versions. Please use the underscore name 'script_dir' instead
[1.420s]   warnings.warn(
[1.431s] running egg_info
[1.432s] creating ../../build/ball_tracker/ball_tracker.egg-info
[1.433s] writing ../../build/ball_tracker/ball_tracker.egg-info/PKG-INFO
[1.433s] writing dependency_links to ../../build/ball_tracker/ball_tracker.egg-info/dependency_links.txt
[1.433s] writing entry points to ../../build/ball_tracker/ball_tracker.egg-info/entry_points.txt
[1.434s] writing requirements to ../../build/ball_tracker/ball_tracker.egg-info/requires.txt
[1.434s] writing top-level names to ../../build/ball_tracker/ball_tracker.egg-info/top_level.txt
[1.434s] writing manifest file '../../build/ball_tracker/ball_tracker.egg-info/SOURCES.txt'
[1.437s] reading manifest file '../../build/ball_tracker/ball_tracker.egg-info/SOURCES.txt'
[1.438s] writing manifest file '../../build/ball_tracker/ball_tracker.egg-info/SOURCES.txt'
[1.438s] running build
[1.438s] running build_py
[1.438s] creating /home/tarun_56/pc_ws/build/ball_tracker/build
[1.439s] creating /home/tarun_56/pc_ws/build/ball_tracker/build/lib
[1.439s] creating /home/tarun_56/pc_ws/build/ball_tracker/build/lib/ball_tracker
[1.439s] copying ball_tracker/__init__.py -> /home/tarun_56/pc_ws/build/ball_tracker/build/lib/ball_tracker
[1.439s] copying ball_tracker/follow_ball.py -> /home/tarun_56/pc_ws/build/ball_tracker/build/lib/ball_tracker
[1.439s] copying ball_tracker/process_image.py -> /home/tarun_56/pc_ws/build/ball_tracker/build/lib/ball_tracker
[1.439s] copying ball_tracker/detect_ball.py -> /home/tarun_56/pc_ws/build/ball_tracker/build/lib/ball_tracker
[1.439s] copying ball_tracker/detect_ball_3d.py -> /home/tarun_56/pc_ws/build/ball_tracker/build/lib/ball_tracker
[1.440s] running install
[1.447s] /usr/lib/python3/dist-packages/setuptools/command/install.py:34: SetuptoolsDeprecationWarning: setup.py install is deprecated. Use build and pip and other standards-based tools.
[1.448s]   warnings.warn(
[1.448s] running install_lib
[1.448s] creating /home/tarun_56/pc_ws/install/ball_tracker/lib/python3.10/site-packages/ball_tracker
[1.448s] copying /home/tarun_56/pc_ws/build/ball_tracker/build/lib/ball_tracker/__init__.py -> /home/tarun_56/pc_ws/install/ball_tracker/lib/python3.10/site-packages/ball_tracker
[1.448s] copying /home/tarun_56/pc_ws/build/ball_tracker/build/lib/ball_tracker/follow_ball.py -> /home/tarun_56/pc_ws/install/ball_tracker/lib/python3.10/site-packages/ball_tracker
[1.448s] copying /home/tarun_56/pc_ws/build/ball_tracker/build/lib/ball_tracker/process_image.py -> /home/tarun_56/pc_ws/install/ball_tracker/lib/python3.10/site-packages/ball_tracker
[1.448s] copying /home/tarun_56/pc_ws/build/ball_tracker/build/lib/ball_tracker/detect_ball.py -> /home/tarun_56/pc_ws/install/ball_tracker/lib/python3.10/site-packages/ball_tracker
[1.448s] copying /home/tarun_56/pc_ws/build/ball_tracker/build/lib/ball_tracker/detect_ball_3d.py -> /home/tarun_56/pc_ws/install/ball_tracker/lib/python3.10/site-packages/ball_tracker
[1.448s] byte-compiling /home/tarun_56/pc_ws/install/ball_tracker/lib/python3.10/site-packages/ball_tracker/__init__.py to __init__.cpython-310.pyc
[1.448s] byte-compiling /home/tarun_56/pc_ws/install/ball_tracker/lib/python3.10/site-packages/ball_tracker/follow_ball.py to follow_ball.cpython-310.pyc
[1.448s] byte-compiling /home/tarun_56/pc_ws/install/ball_tracker/lib/python3.10/site-packages/ball_tracker/process_image.py to process_image.cpython-310.pyc
[1.449s] byte-compiling /home/tarun_56/pc_ws/install/ball_tracker/lib/python3.10/site-packages/ball_tracker/detect_ball.py to detect_ball.cpython-310.pyc
[1.450s] byte-compiling /home/tarun_56/pc_ws/install/ball_tracker/lib/python3.10/site-packages/ball_tracker/detect_ball_3d.py to detect_ball_3d.cpython-310.pyc
[1.450s] running install_data
[1.451s] creating /home/tarun_56/pc_ws/install/ball_tracker/share/ament_index
[1.451s] creating /home/tarun_56/pc_ws/install/ball_tracker/share/ament_index/resource_index
[1.452s] creating /home/tarun_56/pc_ws/install/ball_tracker/share/ament_index/resource_index/packages
[1.452s] copying resource/ball_tracker -> /home/tarun_56/pc_ws/install/ball_tracker/share/ament_index/resource_index/packages
[1.452s] copying package.xml -> /home/tarun_56/pc_ws/install/ball_tracker/share/ball_tracker
[1.452s] creating /home/tarun_56/pc_ws/install/ball_tracker/share/ball_tracker/launch
[1.452s] copying launch/example_launch_include.launch.py -> /home/tarun_56/pc_ws/install/ball_tracker/share/ball_tracker/launch
[1.452s] copying launch/ball_tracker.launch.py -> /home/tarun_56/pc_ws/install/ball_tracker/share/ball_tracker/launch
[1.453s] creating /home/tarun_56/pc_ws/install/ball_tracker/share/ball_tracker/config
[1.453s] copying config/ball_tracker_params_example.yaml -> /home/tarun_56/pc_ws/install/ball_tracker/share/ball_tracker/config
[1.453s] running install_egg_info
[1.454s] Copying ../../build/ball_tracker/ball_tracker.egg-info to /home/tarun_56/pc_ws/install/ball_tracker/lib/python3.10/site-packages/ball_tracker-0.0.0-py3.10.egg-info
[1.456s] running install_scripts
[1.484s] Installing detect_ball script to /home/tarun_56/pc_ws/install/ball_tracker/lib/ball_tracker
[1.485s] Installing detect_ball_3d script to /home/tarun_56/pc_ws/install/ball_tracker/lib/ball_tracker
[1.485s] Installing follow_ball script to /home/tarun_56/pc_ws/install/ball_tracker/lib/ball_tracker
[1.485s] writing list of installed files to '/home/tarun_56/pc_ws/build/ball_tracker/install.log'
[1.527s] Invoked command in '/home/tarun_56/pc_ws/src/ball_tracker' returned '0': PYTHONPATH=/home/tarun_56/pc_ws/build/ball_tracker/prefix_override:/home/tarun_56/pc_ws/install/ball_tracker/lib/python3.10/site-packages:${PYTHONPATH} /usr/bin/python3 setup.py egg_info --egg-base ../../build/ball_tracker build --build-base /home/tarun_56/pc_ws/build/ball_tracker/build install --record /home/tarun_56/pc_ws/build/ball_tracker/install.log --install-scripts $base/lib/ball_tracker --single-version-externally-managed
