[1.230s] Invoking command in '/home/tarun_56/pc_ws/build/follow_waypoints': PYTHONPATH=/home/tarun_56/pc_ws/build/follow_waypoints/prefix_override:/home/tarun_56/pc_ws/install/follow_waypoints/lib/python3.10/site-packages:${PYTHONPATH} /usr/bin/python3 -W ignore:setup.py install is deprecated setup.py develop --uninstall --editable --build-directory /home/tarun_56/pc_ws/build/follow_waypoints/build
[1.546s] running develop
[1.754s] Removing /home/tarun_56/pc_ws/install/follow_waypoints/lib/python3.10/site-packages/follow-waypoints.egg-link (link to .)
[1.799s] Invoked command in '/home/tarun_56/pc_ws/build/follow_waypoints' returned '0': PYTHONPATH=/home/tarun_56/pc_ws/build/follow_waypoints/prefix_override:/home/tarun_56/pc_ws/install/follow_waypoints/lib/python3.10/site-packages:${PYTHONPATH} /usr/bin/python3 -W ignore:setup.py install is deprecated setup.py develop --uninstall --editable --build-directory /home/tarun_56/pc_ws/build/follow_waypoints/build
[1.802s] Invoking command in '/home/tarun_56/pc_ws/src/follow_waypoints': PYTHONPATH=/home/tarun_56/pc_ws/build/follow_waypoints/prefix_override:/home/tarun_56/pc_ws/install/follow_waypoints/lib/python3.10/site-packages:${PYTHONPATH} /usr/bin/python3 -W ignore:setup.py install is deprecated setup.py egg_info --egg-base ../../build/follow_waypoints build --build-base /home/tarun_56/pc_ws/build/follow_waypoints/build install --record /home/tarun_56/pc_ws/build/follow_waypoints/install.log --single-version-externally-managed install_data --force
[2.134s] running egg_info
[2.135s] writing ../../build/follow_waypoints/follow_waypoints.egg-info/PKG-INFO
[2.136s] writing dependency_links to ../../build/follow_waypoints/follow_waypoints.egg-info/dependency_links.txt
[2.137s] writing entry points to ../../build/follow_waypoints/follow_waypoints.egg-info/entry_points.txt
[2.138s] writing requirements to ../../build/follow_waypoints/follow_waypoints.egg-info/requires.txt
[2.139s] writing top-level names to ../../build/follow_waypoints/follow_waypoints.egg-info/top_level.txt
[2.141s] reading manifest file '../../build/follow_waypoints/follow_waypoints.egg-info/SOURCES.txt'
[2.143s] writing manifest file '../../build/follow_waypoints/follow_waypoints.egg-info/SOURCES.txt'
[2.144s] running build
[2.147s] running build_py
[2.148s] copying follow_waypoints/follow_waypoints.py -> /home/tarun_56/pc_ws/build/follow_waypoints/build/lib/follow_waypoints
[2.149s] copying follow_waypoints/go_to_points.py -> /home/tarun_56/pc_ws/build/follow_waypoints/build/lib/follow_waypoints
[2.150s] running install
[2.150s] running install_lib
[2.150s] creating /home/tarun_56/pc_ws/install/follow_waypoints/lib/python3.10/site-packages/follow_waypoints
[2.150s] copying /home/tarun_56/pc_ws/build/follow_waypoints/build/lib/follow_waypoints/__init__.py -> /home/tarun_56/pc_ws/install/follow_waypoints/lib/python3.10/site-packages/follow_waypoints
[2.150s] copying /home/tarun_56/pc_ws/build/follow_waypoints/build/lib/follow_waypoints/follow_waypoints.py -> /home/tarun_56/pc_ws/install/follow_waypoints/lib/python3.10/site-packages/follow_waypoints
[2.150s] copying /home/tarun_56/pc_ws/build/follow_waypoints/build/lib/follow_waypoints/go_to_points.py -> /home/tarun_56/pc_ws/install/follow_waypoints/lib/python3.10/site-packages/follow_waypoints
[2.150s] byte-compiling /home/tarun_56/pc_ws/install/follow_waypoints/lib/python3.10/site-packages/follow_waypoints/__init__.py to __init__.cpython-310.pyc
[2.150s] byte-compiling /home/tarun_56/pc_ws/install/follow_waypoints/lib/python3.10/site-packages/follow_waypoints/follow_waypoints.py to follow_waypoints.cpython-310.pyc
[2.150s] byte-compiling /home/tarun_56/pc_ws/install/follow_waypoints/lib/python3.10/site-packages/follow_waypoints/go_to_points.py to go_to_points.cpython-310.pyc
[2.150s] running install_data
[2.150s] copying resource/follow_waypoints -> /home/tarun_56/pc_ws/install/follow_waypoints/share/ament_index/resource_index/packages
[2.150s] copying package.xml -> /home/tarun_56/pc_ws/install/follow_waypoints/share/follow_waypoints
[2.150s] copying config/follow_waypoints.yaml -> /home/tarun_56/pc_ws/install/follow_waypoints/share/follow_waypoints/config
[2.150s] running install_egg_info
[2.151s] Copying ../../build/follow_waypoints/follow_waypoints.egg-info to /home/tarun_56/pc_ws/install/follow_waypoints/lib/python3.10/site-packages/follow_waypoints-0.0.0-py3.10.egg-info
[2.164s] running install_scripts
[2.170s] Installing follow_waypoints_exe script to /home/tarun_56/pc_ws/install/follow_waypoints/lib/follow_waypoints
[2.171s] Installing go_to_points_exe script to /home/tarun_56/pc_ws/install/follow_waypoints/lib/follow_waypoints
[2.172s] writing list of installed files to '/home/tarun_56/pc_ws/build/follow_waypoints/install.log'
[2.200s] Invoked command in '/home/tarun_56/pc_ws/src/follow_waypoints' returned '0': PYTHONPATH=/home/tarun_56/pc_ws/build/follow_waypoints/prefix_override:/home/tarun_56/pc_ws/install/follow_waypoints/lib/python3.10/site-packages:${PYTHONPATH} /usr/bin/python3 -W ignore:setup.py install is deprecated setup.py egg_info --egg-base ../../build/follow_waypoints build --build-base /home/tarun_56/pc_ws/build/follow_waypoints/build install --record /home/tarun_56/pc_ws/build/follow_waypoints/install.log --single-version-externally-managed install_data --force
